2025-10-28T00:19:44.719430Z  INFO tailwindcss_oxide::scanner: Provided sources:
2025-10-28T00:19:44.719517Z  INFO tailwindcss_oxide::scanner: Source: PublicSourceEntry { base: "C:\\Users\\sc998\\namos-chat-v1", pattern: "**/*", negated: false }
2025-10-28T00:19:44.719771Z  INFO tailwindcss_oxide::scanner: Optimized sources:
2025-10-28T00:19:44.719790Z  INFO tailwindcss_oxide::scanner: Source: Auto { base: "C:\\Users\\sc998\\namos-chat-v1" }
2025-10-28T00:19:44.723014Z  INFO scan_sources: tailwindcss_oxide::scanner: enter
2025-10-28T00:19:44.727407Z  INFO scan_sources: tailwindcss_oxide::scanner: Discovering "C:\\Users\\sc998\\namos-chat-v1\\.netlifyignore"
2025-10-28T00:19:44.728705Z  INFO scan_sources: tailwindcss_oxide::scanner: Discovering "C:\\Users\\sc998\\namos-chat-v1\\components.json"
2025-10-28T00:19:44.728941Z  INFO scan_sources: tailwindcss_oxide::scanner: Discovering "C:\\Users\\sc998\\namos-chat-v1\\encoded.txt"
2025-10-28T00:19:44.729240Z  INFO scan_sources: tailwindcss_oxide::scanner: Discovering "C:\\Users\\sc998\\namos-chat-v1\\eslint.config.mjs"
2025-10-28T00:19:44.729479Z  INFO scan_sources: tailwindcss_oxide::scanner: Discovering "C:\\Users\\sc998\\namos-chat-v1\\FEATURE_DOCUMENTATION.md"
2025-10-28T00:19:44.730003Z  INFO scan_sources: tailwindcss_oxide::scanner: Discovering "C:\\Users\\sc998\\namos-chat-v1\\gcp"
2025-10-28T00:19:44.730716Z  INFO scan_sources: tailwindcss_oxide::scanner: Discovering "C:\\Users\\sc998\\namos-chat-v1\\netlify.toml"
2025-10-28T00:19:44.730997Z  INFO scan_sources: tailwindcss_oxide::scanner: Discovering "C:\\Users\\sc998\\namos-chat-v1\\next-auth.d.ts"
2025-10-28T00:19:44.731196Z  INFO scan_sources: tailwindcss_oxide::scanner: Discovering "C:\\Users\\sc998\\namos-chat-v1\\next.config.ts"
2025-10-28T00:19:44.732009Z  INFO scan_sources: tailwindcss_oxide::scanner: Discovering "C:\\Users\\sc998\\namos-chat-v1\\package.json"
2025-10-28T00:19:44.732187Z  INFO scan_sources: tailwindcss_oxide::scanner: Discovering "C:\\Users\\sc998\\namos-chat-v1\\postcss.config.mjs"
2025-10-28T00:19:44.732485Z  INFO scan_sources: tailwindcss_oxide::scanner: Discovering "C:\\Users\\sc998\\namos-chat-v1\\prisma"
2025-10-28T00:19:44.733058Z  INFO scan_sources: tailwindcss_oxide::scanner: Discovering "C:\\Users\\sc998\\namos-chat-v1\\prisma\\migrations"
2025-10-28T00:19:44.733529Z  INFO scan_sources: tailwindcss_oxide::scanner: Discovering "C:\\Users\\sc998\\namos-chat-v1\\prisma\\schema.prisma"
2025-10-28T00:19:44.733855Z  INFO scan_sources: tailwindcss_oxide::scanner: Discovering "C:\\Users\\sc998\\namos-chat-v1\\public"
2025-10-28T00:19:44.734307Z  INFO scan_sources: tailwindcss_oxide::scanner: Discovering "C:\\Users\\sc998\\namos-chat-v1\\public\\file.svg"
2025-10-28T00:19:44.734477Z  INFO scan_sources: tailwindcss_oxide::scanner: Discovering "C:\\Users\\sc998\\namos-chat-v1\\public\\globe.svg"
2025-10-28T00:19:44.734643Z  INFO scan_sources: tailwindcss_oxide::scanner: Discovering "C:\\Users\\sc998\\namos-chat-v1\\public\\next.svg"
2025-10-28T00:19:44.734935Z  INFO scan_sources: tailwindcss_oxide::scanner: Discovering "C:\\Users\\sc998\\namos-chat-v1\\public\\uploads"
2025-10-28T00:19:44.735778Z  INFO scan_sources: tailwindcss_oxide::scanner: Discovering "C:\\Users\\sc998\\namos-chat-v1\\public\\uploads\\avatars"
2025-10-28T00:19:44.736296Z  INFO scan_sources: tailwindcss_oxide::scanner: Discovering "C:\\Users\\sc998\\namos-chat-v1\\public\\vercel.svg"
2025-10-28T00:19:44.736472Z  INFO scan_sources: tailwindcss_oxide::scanner: Discovering "C:\\Users\\sc998\\namos-chat-v1\\public\\window.svg"
2025-10-28T00:19:44.736717Z  INFO scan_sources: tailwindcss_oxide::scanner: Discovering "C:\\Users\\sc998\\namos-chat-v1\\README.md"
2025-10-28T00:19:44.736898Z  INFO scan_sources: tailwindcss_oxide::scanner: Discovering "C:\\Users\\sc998\\namos-chat-v1\\sa.json.b64"
2025-10-28T00:19:44.737210Z  INFO scan_sources: tailwindcss_oxide::scanner: Discovering "C:\\Users\\sc998\\namos-chat-v1\\scripts"
2025-10-28T00:19:44.737775Z  INFO scan_sources: tailwindcss_oxide::scanner: Discovering "C:\\Users\\sc998\\namos-chat-v1\\scripts\\gsm-fetch.mjs"
2025-10-28T00:19:44.738555Z  INFO scan_sources: tailwindcss_oxide::scanner: Discovering "C:\\Users\\sc998\\namos-chat-v1\\src"
2025-10-28T00:19:44.739133Z  INFO scan_sources: tailwindcss_oxide::scanner: Discovering "C:\\Users\\sc998\\namos-chat-v1\\src\\app"
2025-10-28T00:19:44.739779Z  INFO scan_sources: tailwindcss_oxide::scanner: Discovering "C:\\Users\\sc998\\namos-chat-v1\\src\\app\\admin"
2025-10-28T00:19:44.740361Z  INFO scan_sources: tailwindcss_oxide::scanner: Discovering "C:\\Users\\sc998\\namos-chat-v1\\src\\app\\admin\\characters"
2025-10-28T00:19:44.740839Z  INFO scan_sources: tailwindcss_oxide::scanner: Discovering "C:\\Users\\sc998\\namos-chat-v1\\src\\app\\admin\\characters\\page.tsx"
2025-10-28T00:19:44.741151Z  INFO scan_sources: tailwindcss_oxide::scanner: Discovering "C:\\Users\\sc998\\namos-chat-v1\\src\\app\\admin\\guides"
2025-10-28T00:19:44.741628Z  INFO scan_sources: tailwindcss_oxide::scanner: Discovering "C:\\Users\\sc998\\namos-chat-v1\\src\\app\\admin\\guides\\page.tsx"
2025-10-28T00:19:44.741825Z  INFO scan_sources: tailwindcss_oxide::scanner: Discovering "C:\\Users\\sc998\\namos-chat-v1\\src\\app\\admin\\page.tsx"
2025-10-28T00:19:44.742110Z  INFO scan_sources: tailwindcss_oxide::scanner: Discovering "C:\\Users\\sc998\\namos-chat-v1\\src\\app\\admin\\users"
2025-10-28T00:19:44.742591Z  INFO scan_sources: tailwindcss_oxide::scanner: Discovering "C:\\Users\\sc998\\namos-chat-v1\\src\\app\\admin\\users\\page.tsx"
2025-10-28T00:19:44.742988Z  INFO scan_sources: tailwindcss_oxide::scanner: Discovering "C:\\Users\\sc998\\namos-chat-v1\\src\\app\\api"
2025-10-28T00:19:44.743623Z  INFO scan_sources: tailwindcss_oxide::scanner: Discovering "C:\\Users\\sc998\\namos-chat-v1\\src\\app\\api\\admin"
2025-10-28T00:19:44.744220Z  INFO scan_sources: tailwindcss_oxide::scanner: Discovering "C:\\Users\\sc998\\namos-chat-v1\\src\\app\\api\\admin\\characters"
2025-10-28T00:19:44.744700Z  INFO scan_sources: tailwindcss_oxide::scanner: Discovering "C:\\Users\\sc998\\namos-chat-v1\\src\\app\\api\\admin\\characters\\route.ts"
2025-10-28T00:19:44.745023Z  INFO scan_sources: tailwindcss_oxide::scanner: Discovering "C:\\Users\\sc998\\namos-chat-v1\\src\\app\\api\\admin\\guides"
2025-10-28T00:19:44.745492Z  INFO scan_sources: tailwindcss_oxide::scanner: Discovering "C:\\Users\\sc998\\namos-chat-v1\\src\\app\\api\\admin\\guides\\route.ts"
2025-10-28T00:19:44.745993Z  INFO scan_sources: tailwindcss_oxide::scanner: Discovering "C:\\Users\\sc998\\namos-chat-v1\\src\\app\\api\\admin\\users"
2025-10-28T00:19:44.746678Z  INFO scan_sources: tailwindcss_oxide::scanner: Discovering "C:\\Users\\sc998\\namos-chat-v1\\src\\app\\api\\admin\\users\\route.ts"
2025-10-28T00:19:44.747139Z  INFO scan_sources: tailwindcss_oxide::scanner: Discovering "C:\\Users\\sc998\\namos-chat-v1\\src\\app\\api\\auth"
2025-10-28T00:19:44.748010Z  INFO scan_sources: tailwindcss_oxide::scanner: Discovering "C:\\Users\\sc998\\namos-chat-v1\\src\\app\\api\\auth\\[...nextauth]"
2025-10-28T00:19:44.748666Z  INFO scan_sources: tailwindcss_oxide::scanner: Discovering "C:\\Users\\sc998\\namos-chat-v1\\src\\app\\api\\auth\\[...nextauth]\\route.ts"
2025-10-28T00:19:44.749147Z  INFO scan_sources: tailwindcss_oxide::scanner: Discovering "C:\\Users\\sc998\\namos-chat-v1\\src\\app\\api\\characters"
2025-10-28T00:19:44.749843Z  INFO scan_sources: tailwindcss_oxide::scanner: Discovering "C:\\Users\\sc998\\namos-chat-v1\\src\\app\\api\\characters\\route.ts"
2025-10-28T00:19:44.750472Z  INFO scan_sources: tailwindcss_oxide::scanner: Discovering "C:\\Users\\sc998\\namos-chat-v1\\src\\app\\api\\characters\\[id]"
2025-10-28T00:19:44.751532Z  INFO scan_sources: tailwindcss_oxide::scanner: Discovering "C:\\Users\\sc998\\namos-chat-v1\\src\\app\\api\\characters\\[id]\\comments"
2025-10-28T00:19:44.752233Z  INFO scan_sources: tailwindcss_oxide::scanner: Discovering "C:\\Users\\sc998\\namos-chat-v1\\src\\app\\api\\characters\\[id]\\comments\\route.ts"
2025-10-28T00:19:44.752711Z  INFO scan_sources: tailwindcss_oxide::scanner: Discovering "C:\\Users\\sc998\\namos-chat-v1\\src\\app\\api\\characters\\[id]\\comments\\[commentId]"
2025-10-28T00:19:44.753385Z  INFO scan_sources: tailwindcss_oxide::scanner: Discovering "C:\\Users\\sc998\\namos-chat-v1\\src\\app\\api\\characters\\[id]\\comments\\[commentId]\\route.ts"
2025-10-28T00:19:44.753833Z  INFO scan_sources: tailwindcss_oxide::scanner: Discovering "C:\\Users\\sc998\\namos-chat-v1\\src\\app\\api\\characters\\[id]\\favorite"
2025-10-28T00:19:44.754350Z  INFO scan_sources: tailwindcss_oxide::scanner: Discovering "C:\\Users\\sc998\\namos-chat-v1\\src\\app\\api\\characters\\[id]\\favorite\\route.ts"
2025-10-28T00:19:44.754689Z  INFO scan_sources: tailwindcss_oxide::scanner: Discovering "C:\\Users\\sc998\\namos-chat-v1\\src\\app\\api\\characters\\[id]\\import"
2025-10-28T00:19:44.755216Z  INFO scan_sources: tailwindcss_oxide::scanner: Discovering "C:\\Users\\sc998\\namos-chat-v1\\src\\app\\api\\characters\\[id]\\import\\route.ts"
2025-10-28T00:19:44.755430Z  INFO scan_sources: tailwindcss_oxide::scanner: Discovering "C:\\Users\\sc998\\namos-chat-v1\\src\\app\\api\\characters\\[id]\\route.ts"
2025-10-28T00:19:44.755773Z  INFO scan_sources: tailwindcss_oxide::scanner: Discovering "C:\\Users\\sc998\\namos-chat-v1\\src\\app\\api\\charlist"
2025-10-28T00:19:44.756303Z  INFO scan_sources: tailwindcss_oxide::scanner: Discovering "C:\\Users\\sc998\\namos-chat-v1\\src\\app\\api\\charlist\\route.ts"
2025-10-28T00:19:44.756630Z  INFO scan_sources: tailwindcss_oxide::scanner: Discovering "C:\\Users\\sc998\\namos-chat-v1\\src\\app\\api\\chat"
2025-10-28T00:19:44.757227Z  INFO scan_sources: tailwindcss_oxide::scanner: Discovering "C:\\Users\\sc998\\namos-chat-v1\\src\\app\\api\\chat\\messages"
2025-10-28T00:19:44.757675Z  INFO scan_sources: tailwindcss_oxide::scanner: Discovering "C:\\Users\\sc998\\namos-chat-v1\\src\\app\\api\\chat\\messages\\route.ts"
2025-10-28T00:19:44.758065Z  INFO scan_sources: tailwindcss_oxide::scanner: Discovering "C:\\Users\\sc998\\namos-chat-v1\\src\\app\\api\\chat\\new"
2025-10-28T00:19:44.758501Z  INFO scan_sources: tailwindcss_oxide::scanner: Discovering "C:\\Users\\sc998\\namos-chat-v1\\src\\app\\api\\chat\\new\\route.ts"
2025-10-28T00:19:44.758815Z  INFO scan_sources: tailwindcss_oxide::scanner: Discovering "C:\\Users\\sc998\\namos-chat-v1\\src\\app\\api\\chat\\[chatId]"
2025-10-28T00:19:44.759403Z  INFO scan_sources: tailwindcss_oxide::scanner: Discovering "C:\\Users\\sc998\\namos-chat-v1\\src\\app\\api\\chat\\[chatId]\\note"
2025-10-28T00:19:44.759843Z  INFO scan_sources: tailwindcss_oxide::scanner: Discovering "C:\\Users\\sc998\\namos-chat-v1\\src\\app\\api\\chat\\[chatId]\\note\\route.ts"
2025-10-28T00:19:44.760079Z  INFO scan_sources: tailwindcss_oxide::scanner: Discovering "C:\\Users\\sc998\\namos-chat-v1\\src\\app\\api\\chat\\[chatId]\\route.ts"
2025-10-28T00:19:44.760421Z  INFO scan_sources: tailwindcss_oxide::scanner: Discovering "C:\\Users\\sc998\\namos-chat-v1\\src\\app\\api\\chatlist"
2025-10-28T00:19:44.760885Z  INFO scan_sources: tailwindcss_oxide::scanner: Discovering "C:\\Users\\sc998\\namos-chat-v1\\src\\app\\api\\chatlist\\route.ts"
2025-10-28T00:19:44.761242Z  INFO scan_sources: tailwindcss_oxide::scanner: Discovering "C:\\Users\\sc998\\namos-chat-v1\\src\\app\\api\\chats"
2025-10-28T00:19:44.761844Z  INFO scan_sources: tailwindcss_oxide::scanner: Discovering "C:\\Users\\sc998\\namos-chat-v1\\src\\app\\api\\chats\\find-or-create"
2025-10-28T00:19:44.762544Z  INFO scan_sources: tailwindcss_oxide::scanner: Discovering "C:\\Users\\sc998\\namos-chat-v1\\src\\app\\api\\chats\\find-or-create\\route.ts"
2025-10-28T00:19:44.762830Z  INFO scan_sources: tailwindcss_oxide::scanner: Discovering "C:\\Users\\sc998\\namos-chat-v1\\src\\app\\api\\chats\\route.ts"
2025-10-28T00:19:44.763450Z  INFO scan_sources: tailwindcss_oxide::scanner: Discovering "C:\\Users\\sc998\\namos-chat-v1\\src\\app\\api\\dbtest"
2025-10-28T00:19:44.764154Z  INFO scan_sources: tailwindcss_oxide::scanner: Discovering "C:\\Users\\sc998\\namos-chat-v1\\src\\app\\api\\dbtest\\route.ts"
2025-10-28T00:19:44.764660Z  INFO scan_sources: tailwindcss_oxide::scanner: Discovering "C:\\Users\\sc998\\namos-chat-v1\\src\\app\\api\\guides"
2025-10-28T00:19:44.765336Z  INFO scan_sources: tailwindcss_oxide::scanner: Discovering "C:\\Users\\sc998\\namos-chat-v1\\src\\app\\api\\guides\\route.ts"
2025-10-28T00:19:44.765858Z  INFO scan_sources: tailwindcss_oxide::scanner: Discovering "C:\\Users\\sc998\\namos-chat-v1\\src\\app\\api\\hello"
2025-10-28T00:19:44.766355Z  INFO scan_sources: tailwindcss_oxide::scanner: Discovering "C:\\Users\\sc998\\namos-chat-v1\\src\\app\\api\\hello\\route.ts"
2025-10-28T00:19:44.766676Z  INFO scan_sources: tailwindcss_oxide::scanner: Discovering "C:\\Users\\sc998\\namos-chat-v1\\src\\app\\api\\main-page"
2025-10-28T00:19:44.767156Z  INFO scan_sources: tailwindcss_oxide::scanner: Discovering "C:\\Users\\sc998\\namos-chat-v1\\src\\app\\api\\main-page\\route.ts"
2025-10-28T00:19:44.767474Z  INFO scan_sources: tailwindcss_oxide::scanner: Discovering "C:\\Users\\sc998\\namos-chat-v1\\src\\app\\api\\notice"
2025-10-28T00:19:44.767915Z  INFO scan_sources: tailwindcss_oxide::scanner: Discovering "C:\\Users\\sc998\\namos-chat-v1\\src\\app\\api\\notice\\route.ts"
2025-10-28T00:19:44.768463Z  INFO scan_sources: tailwindcss_oxide::scanner: Discovering "C:\\Users\\sc998\\namos-chat-v1\\src\\app\\api\\notice\\[noticeId]"
2025-10-28T00:19:44.768959Z  INFO scan_sources: tailwindcss_oxide::scanner: Discovering "C:\\Users\\sc998\\namos-chat-v1\\src\\app\\api\\notice\\[noticeId]\\route.ts"
2025-10-28T00:19:44.769347Z  INFO scan_sources: tailwindcss_oxide::scanner: Discovering "C:\\Users\\sc998\\namos-chat-v1\\src\\app\\api\\persona"
2025-10-28T00:19:44.769825Z  INFO scan_sources: tailwindcss_oxide::scanner: Discovering "C:\\Users\\sc998\\namos-chat-v1\\src\\app\\api\\persona\\route.ts"
2025-10-28T00:19:44.770168Z  INFO scan_sources: tailwindcss_oxide::scanner: Discovering "C:\\Users\\sc998\\namos-chat-v1\\src\\app\\api\\persona\\[personaId]"
2025-10-28T00:19:44.770638Z  INFO scan_sources: tailwindcss_oxide::scanner: Discovering "C:\\Users\\sc998\\namos-chat-v1\\src\\app\\api\\persona\\[personaId]\\route.ts"
2025-10-28T00:19:44.771075Z  INFO scan_sources: tailwindcss_oxide::scanner: Discovering "C:\\Users\\sc998\\namos-chat-v1\\src\\app\\api\\points"
2025-10-28T00:19:44.771561Z  INFO scan_sources: tailwindcss_oxide::scanner: Discovering "C:\\Users\\sc998\\namos-chat-v1\\src\\app\\api\\points\\route.ts"
2025-10-28T00:19:44.771971Z  INFO scan_sources: tailwindcss_oxide::scanner: Discovering "C:\\Users\\sc998\\namos-chat-v1\\src\\app\\api\\profile"
2025-10-28T00:19:44.772594Z  INFO scan_sources: tailwindcss_oxide::scanner: Discovering "C:\\Users\\sc998\\namos-chat-v1\\src\\app\\api\\profile\\[userId]"
2025-10-28T00:19:44.773252Z  INFO scan_sources: tailwindcss_oxide::scanner: Discovering "C:\\Users\\sc998\\namos-chat-v1\\src\\app\\api\\profile\\[userId]\\block"
2025-10-28T00:19:44.773759Z  INFO scan_sources: tailwindcss_oxide::scanner: Discovering "C:\\Users\\sc998\\namos-chat-v1\\src\\app\\api\\profile\\[userId]\\block\\route.ts"
2025-10-28T00:19:44.774132Z  INFO scan_sources: tailwindcss_oxide::scanner: Discovering "C:\\Users\\sc998\\namos-chat-v1\\src\\app\\api\\profile\\[userId]\\blocked-users"
2025-10-28T00:19:44.774591Z  INFO scan_sources: tailwindcss_oxide::scanner: Discovering "C:\\Users\\sc998\\namos-chat-v1\\src\\app\\api\\profile\\[userId]\\blocked-users\\route.ts"
2025-10-28T00:19:44.774947Z  INFO scan_sources: tailwindcss_oxide::scanner: Discovering "C:\\Users\\sc998\\namos-chat-v1\\src\\app\\api\\profile\\[userId]\\follow"
2025-10-28T00:19:44.775421Z  INFO scan_sources: tailwindcss_oxide::scanner: Discovering "C:\\Users\\sc998\\namos-chat-v1\\src\\app\\api\\profile\\[userId]\\follow\\route.ts"
2025-10-28T00:19:44.775746Z  INFO scan_sources: tailwindcss_oxide::scanner: Discovering "C:\\Users\\sc998\\namos-chat-v1\\src\\app\\api\\profile\\[userId]\\followers"
2025-10-28T00:19:44.776256Z  INFO scan_sources: tailwindcss_oxide::scanner: Discovering "C:\\Users\\sc998\\namos-chat-v1\\src\\app\\api\\profile\\[userId]\\followers\\route.ts"
2025-10-28T00:19:44.776582Z  INFO scan_sources: tailwindcss_oxide::scanner: Discovering "C:\\Users\\sc998\\namos-chat-v1\\src\\app\\api\\profile\\[userId]\\following"
2025-10-28T00:19:44.777078Z  INFO scan_sources: tailwindcss_oxide::scanner: Discovering "C:\\Users\\sc998\\namos-chat-v1\\src\\app\\api\\profile\\[userId]\\following\\route.ts"
2025-10-28T00:19:44.777281Z  INFO scan_sources: tailwindcss_oxide::scanner: Discovering "C:\\Users\\sc998\\namos-chat-v1\\src\\app\\api\\profile\\[userId]\\route.ts"
2025-10-28T00:19:44.777640Z  INFO scan_sources: tailwindcss_oxide::scanner: Discovering "C:\\Users\\sc998\\namos-chat-v1\\src\\app\\api\\ranking"
2025-10-28T00:19:44.778160Z  INFO scan_sources: tailwindcss_oxide::scanner: Discovering "C:\\Users\\sc998\\namos-chat-v1\\src\\app\\api\\ranking\\route.ts"
2025-10-28T00:19:44.778497Z  INFO scan_sources: tailwindcss_oxide::scanner: Discovering "C:\\Users\\sc998\\namos-chat-v1\\src\\app\\api\\register"
2025-10-28T00:19:44.779095Z  INFO scan_sources: tailwindcss_oxide::scanner: Discovering "C:\\Users\\sc998\\namos-chat-v1\\src\\app\\api\\register\\route.ts"
2025-10-28T00:19:44.779538Z  INFO scan_sources: tailwindcss_oxide::scanner: Discovering "C:\\Users\\sc998\\namos-chat-v1\\src\\app\\api\\search"
2025-10-28T00:19:44.780293Z  INFO scan_sources: tailwindcss_oxide::scanner: Discovering "C:\\Users\\sc998\\namos-chat-v1\\src\\app\\api\\search\\route.ts"
2025-10-28T00:19:44.780740Z  INFO scan_sources: tailwindcss_oxide::scanner: Discovering "C:\\Users\\sc998\\namos-chat-v1\\src\\app\\api\\users"
2025-10-28T00:19:44.781531Z  INFO scan_sources: tailwindcss_oxide::scanner: Discovering "C:\\Users\\sc998\\namos-chat-v1\\src\\app\\api\\users\\account"
2025-10-28T00:19:44.782132Z  INFO scan_sources: tailwindcss_oxide::scanner: Discovering "C:\\Users\\sc998\\namos-chat-v1\\src\\app\\api\\users\\account\\route.ts"
2025-10-28T00:19:44.782506Z  INFO scan_sources: tailwindcss_oxide::scanner: Discovering "C:\\Users\\sc998\\namos-chat-v1\\src\\app\\api\\users\\change-password"
2025-10-28T00:19:44.782986Z  INFO scan_sources: tailwindcss_oxide::scanner: Discovering "C:\\Users\\sc998\\namos-chat-v1\\src\\app\\api\\users\\change-password\\route.ts"
2025-10-28T00:19:44.783462Z  INFO scan_sources: tailwindcss_oxide::scanner: Discovering "C:\\Users\\sc998\\namos-chat-v1\\src\\app\\api\\users\\points"
2025-10-28T00:19:44.783926Z  INFO scan_sources: tailwindcss_oxide::scanner: Discovering "C:\\Users\\sc998\\namos-chat-v1\\src\\app\\api\\users\\points\\route.ts"
2025-10-28T00:19:44.784856Z  INFO scan_sources: tailwindcss_oxide::scanner: Discovering "C:\\Users\\sc998\\namos-chat-v1\\src\\app\\api\\users\\profile"
2025-10-28T00:19:44.785385Z  INFO scan_sources: tailwindcss_oxide::scanner: Discovering "C:\\Users\\sc998\\namos-chat-v1\\src\\app\\api\\users\\profile\\route.ts"
2025-10-28T00:19:44.785731Z  INFO scan_sources: tailwindcss_oxide::scanner: Discovering "C:\\Users\\sc998\\namos-chat-v1\\src\\app\\api\\users\\safety-filter"
2025-10-28T00:19:44.786205Z  INFO scan_sources: tailwindcss_oxide::scanner: Discovering "C:\\Users\\sc998\\namos-chat-v1\\src\\app\\api\\users\\safety-filter\\route.ts"
2025-10-28T00:19:44.786603Z  INFO scan_sources: tailwindcss_oxide::scanner: Discovering "C:\\Users\\sc998\\namos-chat-v1\\src\\app\\change-password"
2025-10-28T00:19:44.787075Z  INFO scan_sources: tailwindcss_oxide::scanner: Discovering "C:\\Users\\sc998\\namos-chat-v1\\src\\app\\change-password\\page.tsx"
2025-10-28T00:19:44.787428Z  INFO scan_sources: tailwindcss_oxide::scanner: Discovering "C:\\Users\\sc998\\namos-chat-v1\\src\\app\\character-management"
2025-10-28T00:19:44.787900Z  INFO scan_sources: tailwindcss_oxide::scanner: Discovering "C:\\Users\\sc998\\namos-chat-v1\\src\\app\\character-management\\page.tsx"
2025-10-28T00:19:44.788270Z  INFO scan_sources: tailwindcss_oxide::scanner: Discovering "C:\\Users\\sc998\\namos-chat-v1\\src\\app\\characters"
2025-10-28T00:19:44.788888Z  INFO scan_sources: tailwindcss_oxide::scanner: Discovering "C:\\Users\\sc998\\namos-chat-v1\\src\\app\\characters\\create"
2025-10-28T00:19:44.789358Z  INFO scan_sources: tailwindcss_oxide::scanner: Discovering "C:\\Users\\sc998\\namos-chat-v1\\src\\app\\characters\\create\\page.tsx"
2025-10-28T00:19:44.789700Z  INFO scan_sources: tailwindcss_oxide::scanner: Discovering "C:\\Users\\sc998\\namos-chat-v1\\src\\app\\characters\\edit"
2025-10-28T00:19:44.790336Z  INFO scan_sources: tailwindcss_oxide::scanner: Discovering "C:\\Users\\sc998\\namos-chat-v1\\src\\app\\characters\\edit\\[id]"
2025-10-28T00:19:44.790808Z  INFO scan_sources: tailwindcss_oxide::scanner: Discovering "C:\\Users\\sc998\\namos-chat-v1\\src\\app\\characters\\edit\\[id]\\page.tsx"
2025-10-28T00:19:44.791168Z  INFO scan_sources: tailwindcss_oxide::scanner: Discovering "C:\\Users\\sc998\\namos-chat-v1\\src\\app\\characters\\[characterId]"
2025-10-28T00:19:44.791651Z  INFO scan_sources: tailwindcss_oxide::scanner: Discovering "C:\\Users\\sc998\\namos-chat-v1\\src\\app\\characters\\[characterId]\\page.tsx"
2025-10-28T00:19:44.792022Z  INFO scan_sources: tailwindcss_oxide::scanner: Discovering "C:\\Users\\sc998\\namos-chat-v1\\src\\app\\charlist"
2025-10-28T00:19:44.792511Z  INFO scan_sources: tailwindcss_oxide::scanner: Discovering "C:\\Users\\sc998\\namos-chat-v1\\src\\app\\charlist\\page.tsx"
2025-10-28T00:19:44.792861Z  INFO scan_sources: tailwindcss_oxide::scanner: Discovering "C:\\Users\\sc998\\namos-chat-v1\\src\\app\\chat"
2025-10-28T00:19:44.793492Z  INFO scan_sources: tailwindcss_oxide::scanner: Discovering "C:\\Users\\sc998\\namos-chat-v1\\src\\app\\chat\\[characterId]"
2025-10-28T00:19:44.793975Z  INFO scan_sources: tailwindcss_oxide::scanner: Discovering "C:\\Users\\sc998\\namos-chat-v1\\src\\app\\chat\\[characterId]\\page.tsx"
2025-10-28T00:19:44.794354Z  INFO scan_sources: tailwindcss_oxide::scanner: Discovering "C:\\Users\\sc998\\namos-chat-v1\\src\\app\\chatlist"
2025-10-28T00:19:44.794845Z  INFO scan_sources: tailwindcss_oxide::scanner: Discovering "C:\\Users\\sc998\\namos-chat-v1\\src\\app\\chatlist\\ChatListPage.css"
2025-10-28T00:19:44.795028Z  INFO scan_sources: tailwindcss_oxide::scanner: Discovering "C:\\Users\\sc998\\namos-chat-v1\\src\\app\\chatlist\\page.tsx"
2025-10-28T00:19:44.795255Z  INFO scan_sources: tailwindcss_oxide::scanner: Discovering "C:\\Users\\sc998\\namos-chat-v1\\src\\app\\globals.css"
2025-10-28T00:19:44.795586Z  INFO scan_sources: tailwindcss_oxide::scanner: Discovering "C:\\Users\\sc998\\namos-chat-v1\\src\\app\\guide"
2025-10-28T00:19:44.796258Z  INFO scan_sources: tailwindcss_oxide::scanner: Discovering "C:\\Users\\sc998\\namos-chat-v1\\src\\app\\guide\\page.tsx"
2025-10-28T00:19:44.796528Z  INFO scan_sources: tailwindcss_oxide::scanner: Discovering "C:\\Users\\sc998\\namos-chat-v1\\src\\app\\layout.tsx"
2025-10-28T00:19:44.797012Z  INFO scan_sources: tailwindcss_oxide::scanner: Discovering "C:\\Users\\sc998\\namos-chat-v1\\src\\app\\login"
2025-10-28T00:19:44.797628Z  INFO scan_sources: tailwindcss_oxide::scanner: Discovering "C:\\Users\\sc998\\namos-chat-v1\\src\\app\\login\\page.tsx"
2025-10-28T00:19:44.798087Z  INFO scan_sources: tailwindcss_oxide::scanner: Discovering "C:\\Users\\sc998\\namos-chat-v1\\src\\app\\MyPage"
2025-10-28T00:19:44.798654Z  INFO scan_sources: tailwindcss_oxide::scanner: Discovering "C:\\Users\\sc998\\namos-chat-v1\\src\\app\\MyPage\\page.tsx"
2025-10-28T00:19:44.798875Z  INFO scan_sources: tailwindcss_oxide::scanner: Discovering "C:\\Users\\sc998\\namos-chat-v1\\src\\app\\not-found.tsx"
2025-10-28T00:19:44.799259Z  INFO scan_sources: tailwindcss_oxide::scanner: Discovering "C:\\Users\\sc998\\namos-chat-v1\\src\\app\\notice"
2025-10-28T00:19:44.800023Z  INFO scan_sources: tailwindcss_oxide::scanner: Discovering "C:\\Users\\sc998\\namos-chat-v1\\src\\app\\notice\\admin"
2025-10-28T00:19:44.800536Z  INFO scan_sources: tailwindcss_oxide::scanner: Discovering "C:\\Users\\sc998\\namos-chat-v1\\src\\app\\notice\\admin\\page.tsx"
2025-10-28T00:19:44.800863Z  INFO scan_sources: tailwindcss_oxide::scanner: Discovering "C:\\Users\\sc998\\namos-chat-v1\\src\\app\\notice\\admin\\[noticeId]"
2025-10-28T00:19:44.801360Z  INFO scan_sources: tailwindcss_oxide::scanner: Discovering "C:\\Users\\sc998\\namos-chat-v1\\src\\app\\notice\\admin\\[noticeId]\\page.tsx"
2025-10-28T00:19:44.801608Z  INFO scan_sources: tailwindcss_oxide::scanner: Discovering "C:\\Users\\sc998\\namos-chat-v1\\src\\app\\notice\\page.tsx"
2025-10-28T00:19:44.802006Z  INFO scan_sources: tailwindcss_oxide::scanner: Discovering "C:\\Users\\sc998\\namos-chat-v1\\src\\app\\notice\\[noticeId]"
2025-10-28T00:19:44.802540Z  INFO scan_sources: tailwindcss_oxide::scanner: Discovering "C:\\Users\\sc998\\namos-chat-v1\\src\\app\\notice\\[noticeId]\\page.tsx"
2025-10-28T00:19:44.802784Z  INFO scan_sources: tailwindcss_oxide::scanner: Discovering "C:\\Users\\sc998\\namos-chat-v1\\src\\app\\page.tsx"
2025-10-28T00:19:44.803298Z  INFO scan_sources: tailwindcss_oxide::scanner: Discovering "C:\\Users\\sc998\\namos-chat-v1\\src\\app\\persona"
2025-10-28T00:19:44.804136Z  INFO scan_sources: tailwindcss_oxide::scanner: Discovering "C:\\Users\\sc998\\namos-chat-v1\\src\\app\\persona\\form"
2025-10-28T00:19:44.804797Z  INFO scan_sources: tailwindcss_oxide::scanner: Discovering "C:\\Users\\sc998\\namos-chat-v1\\src\\app\\persona\\form\\[[...personaId]]"
2025-10-28T00:19:44.805356Z  INFO scan_sources: tailwindcss_oxide::scanner: Discovering "C:\\Users\\sc998\\namos-chat-v1\\src\\app\\persona\\form\\[[...personaId]]\\page.tsx"
2025-10-28T00:19:44.805769Z  INFO scan_sources: tailwindcss_oxide::scanner: Discovering "C:\\Users\\sc998\\namos-chat-v1\\src\\app\\persona\\list"
2025-10-28T00:19:44.806431Z  INFO scan_sources: tailwindcss_oxide::scanner: Discovering "C:\\Users\\sc998\\namos-chat-v1\\src\\app\\persona\\list\\page.tsx"
2025-10-28T00:19:44.806958Z  INFO scan_sources: tailwindcss_oxide::scanner: Discovering "C:\\Users\\sc998\\namos-chat-v1\\src\\app\\points"
2025-10-28T00:19:44.807499Z  INFO scan_sources: tailwindcss_oxide::scanner: Discovering "C:\\Users\\sc998\\namos-chat-v1\\src\\app\\points\\page.tsx"
2025-10-28T00:19:44.807884Z  INFO scan_sources: tailwindcss_oxide::scanner: Discovering "C:\\Users\\sc998\\namos-chat-v1\\src\\app\\profile"
2025-10-28T00:19:44.808510Z  INFO scan_sources: tailwindcss_oxide::scanner: Discovering "C:\\Users\\sc998\\namos-chat-v1\\src\\app\\profile\\[userId]"
2025-10-28T00:19:44.809025Z  INFO scan_sources: tailwindcss_oxide::scanner: Discovering "C:\\Users\\sc998\\namos-chat-v1\\src\\app\\profile\\[userId]\\page.tsx"
2025-10-28T00:19:44.809397Z  INFO scan_sources: tailwindcss_oxide::scanner: Discovering "C:\\Users\\sc998\\namos-chat-v1\\src\\app\\profile-edit"
2025-10-28T00:19:44.809918Z  INFO scan_sources: tailwindcss_oxide::scanner: Discovering "C:\\Users\\sc998\\namos-chat-v1\\src\\app\\profile-edit\\page.tsx"
2025-10-28T00:19:44.810264Z  INFO scan_sources: tailwindcss_oxide::scanner: Discovering "C:\\Users\\sc998\\namos-chat-v1\\src\\app\\ranking"
2025-10-28T00:19:44.810742Z  INFO scan_sources: tailwindcss_oxide::scanner: Discovering "C:\\Users\\sc998\\namos-chat-v1\\src\\app\\ranking\\page.tsx"
2025-10-28T00:19:44.811121Z  INFO scan_sources: tailwindcss_oxide::scanner: Discovering "C:\\Users\\sc998\\namos-chat-v1\\src\\app\\register"
2025-10-28T00:19:44.811593Z  INFO scan_sources: tailwindcss_oxide::scanner: Discovering "C:\\Users\\sc998\\namos-chat-v1\\src\\app\\register\\page.tsx"
2025-10-28T00:19:44.811973Z  INFO scan_sources: tailwindcss_oxide::scanner: Discovering "C:\\Users\\sc998\\namos-chat-v1\\src\\app\\search"
2025-10-28T00:19:44.812557Z  INFO scan_sources: tailwindcss_oxide::scanner: Discovering "C:\\Users\\sc998\\namos-chat-v1\\src\\app\\search\\page.tsx"
2025-10-28T00:19:44.812929Z  INFO scan_sources: tailwindcss_oxide::scanner: Discovering "C:\\Users\\sc998\\namos-chat-v1\\src\\app\\user"
2025-10-28T00:19:44.813750Z  INFO scan_sources: tailwindcss_oxide::scanner: Discovering "C:\\Users\\sc998\\namos-chat-v1\\src\\app\\user\\profile"
2025-10-28T00:19:44.814648Z  INFO scan_sources: tailwindcss_oxide::scanner: Discovering "C:\\Users\\sc998\\namos-chat-v1\\src\\components"
2025-10-28T00:19:44.815244Z  INFO scan_sources: tailwindcss_oxide::scanner: Discovering "C:\\Users\\sc998\\namos-chat-v1\\src\\components\\AppShell.tsx"
2025-10-28T00:19:44.815467Z  INFO scan_sources: tailwindcss_oxide::scanner: Discovering "C:\\Users\\sc998\\namos-chat-v1\\src\\components\\BottomNav.tsx"
2025-10-28T00:19:44.815646Z  INFO scan_sources: tailwindcss_oxide::scanner: Discovering "C:\\Users\\sc998\\namos-chat-v1\\src\\components\\CharacterCard.tsx"
2025-10-28T00:19:44.815849Z  INFO scan_sources: tailwindcss_oxide::scanner: Discovering "C:\\Users\\sc998\\namos-chat-v1\\src\\components\\CharacterForm.tsx"
2025-10-28T00:19:44.816140Z  INFO scan_sources: tailwindcss_oxide::scanner: Discovering "C:\\Users\\sc998\\namos-chat-v1\\src\\components\\CharacterRow.tsx"
2025-10-28T00:19:44.816591Z  INFO scan_sources: tailwindcss_oxide::scanner: Discovering "C:\\Users\\sc998\\namos-chat-v1\\src\\components\\chat"
2025-10-28T00:19:44.817154Z  INFO scan_sources: tailwindcss_oxide::scanner: Discovering "C:\\Users\\sc998\\namos-chat-v1\\src\\components\\chat\\ChatFooter.tsx"
2025-10-28T00:19:44.817346Z  INFO scan_sources: tailwindcss_oxide::scanner: Discovering "C:\\Users\\sc998\\namos-chat-v1\\src\\components\\chat\\ChatHeader.tsx"
2025-10-28T00:19:44.817535Z  INFO scan_sources: tailwindcss_oxide::scanner: Discovering "C:\\Users\\sc998\\namos-chat-v1\\src\\components\\chat\\ChatMessageList.tsx"
2025-10-28T00:19:44.817716Z  INFO scan_sources: tailwindcss_oxide::scanner: Discovering "C:\\Users\\sc998\\namos-chat-v1\\src\\components\\chat\\ConfirmationModal.tsx"
2025-10-28T00:19:44.817941Z  INFO scan_sources: tailwindcss_oxide::scanner: Discovering "C:\\Users\\sc998\\namos-chat-v1\\src\\components\\chat\\ImageLightbox.tsx"
2025-10-28T00:19:44.818154Z  INFO scan_sources: tailwindcss_oxide::scanner: Discovering "C:\\Users\\sc998\\namos-chat-v1\\src\\components\\ChatImageRenderer.tsx"
2025-10-28T00:19:44.818337Z  INFO scan_sources: tailwindcss_oxide::scanner: Discovering "C:\\Users\\sc998\\namos-chat-v1\\src\\components\\ChatMessageParser.tsx"
2025-10-28T00:19:44.818516Z  INFO scan_sources: tailwindcss_oxide::scanner: Discovering "C:\\Users\\sc998\\namos-chat-v1\\src\\components\\ChatSettings.tsx"
2025-10-28T00:19:44.818691Z  INFO scan_sources: tailwindcss_oxide::scanner: Discovering "C:\\Users\\sc998\\namos-chat-v1\\src\\components\\NoticeDetailClient.tsx"
2025-10-28T00:19:44.818870Z  INFO scan_sources: tailwindcss_oxide::scanner: Discovering "C:\\Users\\sc998\\namos-chat-v1\\src\\components\\NoticeForm.tsx"
2025-10-28T00:19:44.819049Z  INFO scan_sources: tailwindcss_oxide::scanner: Discovering "C:\\Users\\sc998\\namos-chat-v1\\src\\components\\Providers.tsx"
2025-10-28T00:19:44.819226Z  INFO scan_sources: tailwindcss_oxide::scanner: Discovering "C:\\Users\\sc998\\namos-chat-v1\\src\\components\\SafeImage.tsx"
2025-10-28T00:19:44.819539Z  INFO scan_sources: tailwindcss_oxide::scanner: Discovering "C:\\Users\\sc998\\namos-chat-v1\\src\\components\\ui"
2025-10-28T00:19:44.820036Z  INFO scan_sources: tailwindcss_oxide::scanner: Discovering "C:\\Users\\sc998\\namos-chat-v1\\src\\components\\ui\\button.tsx"
2025-10-28T00:19:44.820219Z  INFO scan_sources: tailwindcss_oxide::scanner: Discovering "C:\\Users\\sc998\\namos-chat-v1\\src\\components\\ui\\card.tsx"
2025-10-28T00:19:44.820397Z  INFO scan_sources: tailwindcss_oxide::scanner: Discovering "C:\\Users\\sc998\\namos-chat-v1\\src\\components\\ui\\checkbox.tsx"
2025-10-28T00:19:44.820599Z  INFO scan_sources: tailwindcss_oxide::scanner: Discovering "C:\\Users\\sc998\\namos-chat-v1\\src\\components\\ui\\dialog.tsx"
2025-10-28T00:19:44.820776Z  INFO scan_sources: tailwindcss_oxide::scanner: Discovering "C:\\Users\\sc998\\namos-chat-v1\\src\\components\\ui\\input.tsx"
2025-10-28T00:19:44.820953Z  INFO scan_sources: tailwindcss_oxide::scanner: Discovering "C:\\Users\\sc998\\namos-chat-v1\\src\\components\\ui\\textarea.tsx"
2025-10-28T00:19:44.821404Z  INFO scan_sources: tailwindcss_oxide::scanner: Discovering "C:\\Users\\sc998\\namos-chat-v1\\src\\generated"
2025-10-28T00:19:44.822360Z  INFO scan_sources: tailwindcss_oxide::scanner: Discovering "C:\\Users\\sc998\\namos-chat-v1\\src\\instrumentation.ts"
2025-10-28T00:19:44.822706Z  INFO scan_sources: tailwindcss_oxide::scanner: Discovering "C:\\Users\\sc998\\namos-chat-v1\\src\\lib"
2025-10-28T00:19:44.823367Z  INFO scan_sources: tailwindcss_oxide::scanner: Discovering "C:\\Users\\sc998\\namos-chat-v1\\src\\lib\\db"
2025-10-28T00:19:44.823838Z  INFO scan_sources: tailwindcss_oxide::scanner: Discovering "C:\\Users\\sc998\\namos-chat-v1\\src\\lib\\db\\db.ts"
2025-10-28T00:19:44.824049Z  INFO scan_sources: tailwindcss_oxide::scanner: Discovering "C:\\Users\\sc998\\namos-chat-v1\\src\\lib\\db.ts"
2025-10-28T00:19:44.824231Z  INFO scan_sources: tailwindcss_oxide::scanner: Discovering "C:\\Users\\sc998\\namos-chat-v1\\src\\lib\\nextauth.ts"
2025-10-28T00:19:44.824410Z  INFO scan_sources: tailwindcss_oxide::scanner: Discovering "C:\\Users\\sc998\\namos-chat-v1\\src\\lib\\prisma.ts"
2025-10-28T00:19:44.824590Z  INFO scan_sources: tailwindcss_oxide::scanner: Discovering "C:\\Users\\sc998\\namos-chat-v1\\src\\lib\\redis.ts"
2025-10-28T00:19:44.825209Z  INFO scan_sources: tailwindcss_oxide::scanner: Discovering "C:\\Users\\sc998\\namos-chat-v1\\src\\lib\\secrets-loader.ts"
2025-10-28T00:19:44.825392Z  INFO scan_sources: tailwindcss_oxide::scanner: Discovering "C:\\Users\\sc998\\namos-chat-v1\\src\\lib\\secrets.ts"
2025-10-28T00:19:44.825568Z  INFO scan_sources: tailwindcss_oxide::scanner: Discovering "C:\\Users\\sc998\\namos-chat-v1\\src\\lib\\utils.ts"
2025-10-28T00:19:44.825946Z  INFO scan_sources: tailwindcss_oxide::scanner: Discovering "C:\\Users\\sc998\\namos-chat-v1\\src\\types"
2025-10-28T00:19:44.826472Z  INFO scan_sources: tailwindcss_oxide::scanner: Discovering "C:\\Users\\sc998\\namos-chat-v1\\src\\types\\chat.ts"
2025-10-28T00:19:44.826815Z  INFO scan_sources: tailwindcss_oxide::scanner: Discovering "C:\\Users\\sc998\\namos-chat-v1\\src\\utils"
2025-10-28T00:19:44.827293Z  INFO scan_sources: tailwindcss_oxide::scanner: Discovering "C:\\Users\\sc998\\namos-chat-v1\\src\\utils\\ensureGcpCreds.ts"
2025-10-28T00:19:44.827764Z  INFO scan_sources: tailwindcss_oxide::scanner: Discovering "C:\\Users\\sc998\\namos-chat-v1\\tsconfig.json"
2025-10-28T00:19:44.827943Z  INFO scan_sources: tailwindcss_oxide::scanner: exit
2025-10-28T00:19:44.827959Z  INFO extract_candidates: tailwindcss_oxide::scanner: enter
2025-10-28T00:19:44.827970Z  INFO extract_candidates:read_all_files: tailwindcss_oxide::scanner: enter
2025-10-28T00:19:44.827976Z  INFO extract_candidates:read_all_files: tailwindcss_oxide::scanner: Reading 125 file(s)
2025-10-28T00:19:44.829530Z  INFO tailwindcss_oxide::scanner: Reading "C:\\Users\\sc998\\namos-chat-v1\\src\\app\\notice\\admin\\page.tsx"
2025-10-28T00:19:44.829545Z  INFO tailwindcss_oxide::scanner: Reading "C:\\Users\\sc998\\namos-chat-v1\\src\\app\\api\\chatlist\\route.ts"
2025-10-28T00:19:44.829552Z  INFO tailwindcss_oxide::scanner: Reading "C:\\Users\\sc998\\namos-chat-v1\\src\\app\\api\\users\\profile\\route.ts"
2025-10-28T00:19:44.829550Z  INFO tailwindcss_oxide::scanner: Reading "C:\\Users\\sc998\\namos-chat-v1\\src\\components\\CharacterForm.tsx"
2025-10-28T00:19:44.829593Z  INFO tailwindcss_oxide::scanner: Reading "C:\\Users\\sc998\\namos-chat-v1\\src\\app\\layout.tsx"
2025-10-28T00:19:44.829549Z  INFO tailwindcss_oxide::scanner: Reading "C:\\Users\\sc998\\namos-chat-v1\\src\\app\\charlist\\page.tsx"
2025-10-28T00:19:44.829572Z  INFO tailwindcss_oxide::scanner: Reading "C:\\Users\\sc998\\namos-chat-v1\\next.config.ts"
2025-10-28T00:19:44.829592Z  INFO tailwindcss_oxide::scanner: Reading "C:\\Users\\sc998\\namos-chat-v1\\.netlifyignore"
2025-10-28T00:19:44.829618Z  INFO tailwindcss_oxide::scanner: Reading "C:\\Users\\sc998\\namos-chat-v1\\public\\window.svg"
2025-10-28T00:19:44.829565Z  INFO tailwindcss_oxide::scanner: Reading "C:\\Users\\sc998\\namos-chat-v1\\src\\app\\api\\guides\\route.ts"
2025-10-28T00:19:44.829720Z  INFO tailwindcss_oxide::scanner: Reading "C:\\Users\\sc998\\namos-chat-v1\\src\\app\\character-management\\page.tsx"
2025-10-28T00:19:44.829785Z  INFO tailwindcss_oxide::scanner: Reading "C:\\Users\\sc998\\namos-chat-v1\\src\\app\\api\\notice\\[noticeId]\\route.ts"
2025-10-28T00:19:44.829867Z  INFO tailwindcss_oxide::scanner: Reading "C:\\Users\\sc998\\namos-chat-v1\\src\\app\\notice\\admin\\[noticeId]\\page.tsx"
2025-10-28T00:19:44.829881Z  INFO tailwindcss_oxide::scanner: Reading "C:\\Users\\sc998\\namos-chat-v1\\src\\app\\api\\users\\safety-filter\\route.ts"
2025-10-28T00:19:44.829874Z  INFO tailwindcss_oxide::scanner: Reading "C:\\Users\\sc998\\namos-chat-v1\\src\\app\\api\\profile\\[userId]\\following\\route.ts"
2025-10-28T00:19:44.829871Z  INFO tailwindcss_oxide::scanner: Reading "C:\\Users\\sc998\\namos-chat-v1\\src\\app\\api\\chats\\find-or-create\\route.ts"
2025-10-28T00:19:44.829924Z  INFO tailwindcss_oxide::scanner: Reading "C:\\Users\\sc998\\namos-chat-v1\\src\\app\\api\\characters\\[id]\\import\\route.ts"
2025-10-28T00:19:44.829939Z  INFO tailwindcss_oxide::scanner: Reading "C:\\Users\\sc998\\namos-chat-v1\\src\\app\\api\\profile\\[userId]\\block\\route.ts"
2025-10-28T00:19:44.829944Z  INFO tailwindcss_oxide::scanner: Reading "C:\\Users\\sc998\\namos-chat-v1\\src\\app\\login\\page.tsx"
2025-10-28T00:19:44.829989Z  INFO tailwindcss_oxide::scanner: Reading "C:\\Users\\sc998\\namos-chat-v1\\src\\app\\MyPage\\page.tsx"
2025-10-28T00:19:44.829998Z  INFO tailwindcss_oxide::scanner: Reading "C:\\Users\\sc998\\namos-chat-v1\\src\\app\\chat\\[characterId]\\page.tsx"
2025-10-28T00:19:44.830023Z  INFO tailwindcss_oxide::scanner: Reading "C:\\Users\\sc998\\namos-chat-v1\\src\\components\\CharacterRow.tsx"
2025-10-28T00:19:44.830024Z  INFO tailwindcss_oxide::scanner: Reading "C:\\Users\\sc998\\namos-chat-v1\\package.json"
2025-10-28T00:19:44.830078Z  INFO tailwindcss_oxide::scanner: Reading "C:\\Users\\sc998\\namos-chat-v1\\components.json"
2025-10-28T00:19:44.830162Z  INFO tailwindcss_oxide::scanner: Reading "C:\\Users\\sc998\\namos-chat-v1\\README.md"
2025-10-28T00:19:44.830209Z  INFO tailwindcss_oxide::scanner: Reading "C:\\Users\\sc998\\namos-chat-v1\\src\\app\\api\\hello\\route.ts"
2025-10-28T00:19:44.830248Z  INFO tailwindcss_oxide::scanner: Reading "C:\\Users\\sc998\\namos-chat-v1\\src\\app\\api\\persona\\route.ts"
2025-10-28T00:19:44.830253Z  INFO tailwindcss_oxide::scanner: Reading "C:\\Users\\sc998\\namos-chat-v1\\src\\app\\characters\\create\\page.tsx"
2025-10-28T00:19:44.830279Z  INFO tailwindcss_oxide::scanner: Reading "C:\\Users\\sc998\\namos-chat-v1\\src\\app\\api\\chats\\route.ts"
2025-10-28T00:19:44.830294Z  INFO tailwindcss_oxide::scanner: Reading "C:\\Users\\sc998\\namos-chat-v1\\src\\app\\api\\profile\\[userId]\\route.ts"
2025-10-28T00:19:44.830302Z  INFO tailwindcss_oxide::scanner: Reading "C:\\Users\\sc998\\namos-chat-v1\\src\\app\\api\\characters\\[id]\\route.ts"
2025-10-28T00:19:44.830309Z  INFO tailwindcss_oxide::scanner: Reading "C:\\Users\\sc998\\namos-chat-v1\\src\\app\\notice\\page.tsx"
2025-10-28T00:19:44.830334Z  INFO tailwindcss_oxide::scanner: Reading "C:\\Users\\sc998\\namos-chat-v1\\src\\app\\api\\profile\\[userId]\\blocked-users\\route.ts"
2025-10-28T00:19:44.830261Z  INFO tailwindcss_oxide::scanner: Reading "C:\\Users\\sc998\\namos-chat-v1\\src\\app\\change-password\\page.tsx"
2025-10-28T00:19:44.830396Z  INFO tailwindcss_oxide::scanner: Reading "C:\\Users\\sc998\\namos-chat-v1\\src\\app\\api\\persona\\[personaId]\\route.ts"
2025-10-28T00:19:44.830491Z  INFO tailwindcss_oxide::scanner: Reading "C:\\Users\\sc998\\namos-chat-v1\\src\\app\\not-found.tsx"
2025-10-28T00:19:44.830520Z  INFO tailwindcss_oxide::scanner: Reading "C:\\Users\\sc998\\namos-chat-v1\\src\\components\\chat\\ChatFooter.tsx"
2025-10-28T00:19:44.830532Z  INFO tailwindcss_oxide::scanner: Reading "C:\\Users\\sc998\\namos-chat-v1\\src\\app\\chatlist\\page.tsx"
2025-10-28T00:19:44.830641Z  INFO tailwindcss_oxide::scanner: Reading "C:\\Users\\sc998\\namos-chat-v1\\src\\app\\api\\dbtest\\route.ts"
2025-10-28T00:19:44.830654Z  INFO tailwindcss_oxide::scanner: Reading "C:\\Users\\sc998\\namos-chat-v1\\src\\app\\guide\\page.tsx"
2025-10-28T00:19:44.830670Z  INFO tailwindcss_oxide::scanner: Reading "C:\\Users\\sc998\\namos-chat-v1\\src\\app\\api\\ranking\\route.ts"
2025-10-28T00:19:44.830672Z  INFO tailwindcss_oxide::scanner: Reading "C:\\Users\\sc998\\namos-chat-v1\\src\\app\\characters\\edit\\[id]\\page.tsx"
2025-10-28T00:19:44.830702Z  INFO tailwindcss_oxide::scanner: Reading "C:\\Users\\sc998\\namos-chat-v1\\src\\app\\api\\main-page\\route.ts"
2025-10-28T00:19:44.830720Z  INFO tailwindcss_oxide::scanner: Reading "C:\\Users\\sc998\\namos-chat-v1\\postcss.config.mjs"
2025-10-28T00:19:44.830753Z  INFO tailwindcss_oxide::scanner: Reading "C:\\Users\\sc998\\namos-chat-v1\\src\\app\\api\\charlist\\route.ts"
2025-10-28T00:19:44.830763Z  INFO tailwindcss_oxide::scanner: Reading "C:\\Users\\sc998\\namos-chat-v1\\src\\app\\api\\profile\\[userId]\\follow\\route.ts"
2025-10-28T00:19:44.830810Z  INFO tailwindcss_oxide::scanner: Reading "C:\\Users\\sc998\\namos-chat-v1\\src\\app\\api\\admin\\characters\\route.ts"
2025-10-28T00:19:44.830828Z  INFO tailwindcss_oxide::scanner: Reading "C:\\Users\\sc998\\namos-chat-v1\\src\\app\\api\\points\\route.ts"
2025-10-28T00:19:44.830846Z  INFO tailwindcss_oxide::scanner: Reading "C:\\Users\\sc998\\namos-chat-v1\\sa.json.b64"
2025-10-28T00:19:44.830831Z  INFO tailwindcss_oxide::scanner: Reading "C:\\Users\\sc998\\namos-chat-v1\\encoded.txt"
2025-10-28T00:19:44.830922Z  INFO tailwindcss_oxide::scanner: Reading "C:\\Users\\sc998\\namos-chat-v1\\src\\components\\chat\\ChatHeader.tsx"
2025-10-28T00:19:44.830935Z  INFO tailwindcss_oxide::scanner: Reading "C:\\Users\\sc998\\namos-chat-v1\\src\\app\\api\\profile\\[userId]\\followers\\route.ts"
2025-10-28T00:19:44.830948Z  INFO tailwindcss_oxide::scanner: Reading "C:\\Users\\sc998\\namos-chat-v1\\src\\app\\notice\\[noticeId]\\page.tsx"
2025-10-28T00:19:44.830996Z  INFO tailwindcss_oxide::scanner: Reading "C:\\Users\\sc998\\namos-chat-v1\\src\\app\\api\\search\\route.ts"
2025-10-28T00:19:44.831051Z  INFO tailwindcss_oxide::scanner: Reading "C:\\Users\\sc998\\namos-chat-v1\\public\\next.svg"
2025-10-28T00:19:44.831021Z  INFO tailwindcss_oxide::scanner: Reading "C:\\Users\\sc998\\namos-chat-v1\\prisma\\schema.prisma"
2025-10-28T00:19:44.831058Z  INFO tailwindcss_oxide::scanner: Reading "C:\\Users\\sc998\\namos-chat-v1\\src\\app\\characters\\[characterId]\\page.tsx"
2025-10-28T00:19:44.831077Z  INFO tailwindcss_oxide::scanner: Reading "C:\\Users\\sc998\\namos-chat-v1\\src\\app\\api\\notice\\route.ts"
2025-10-28T00:19:44.831094Z  INFO tailwindcss_oxide::scanner: Reading "C:\\Users\\sc998\\namos-chat-v1\\src\\app\\api\\chat\\messages\\route.ts"
2025-10-28T00:19:44.831121Z  INFO tailwindcss_oxide::scanner: Reading "C:\\Users\\sc998\\namos-chat-v1\\src\\app\\admin\\characters\\page.tsx"
2025-10-28T00:19:44.831009Z  INFO tailwindcss_oxide::scanner: Reading "C:\\Users\\sc998\\namos-chat-v1\\public\\file.svg"
2025-10-28T00:19:44.831008Z  INFO tailwindcss_oxide::scanner: Reading "C:\\Users\\sc998\\namos-chat-v1\\src\\app\\api\\register\\route.ts"
2025-10-28T00:19:44.831229Z  INFO tailwindcss_oxide::scanner: Reading "C:\\Users\\sc998\\namos-chat-v1\\src\\app\\api\\admin\\guides\\route.ts"
2025-10-28T00:19:44.831244Z  INFO tailwindcss_oxide::scanner: Reading "C:\\Users\\sc998\\namos-chat-v1\\src\\app\\api\\users\\change-password\\route.ts"
2025-10-28T00:19:44.831265Z  INFO tailwindcss_oxide::scanner: Reading "C:\\Users\\sc998\\namos-chat-v1\\eslint.config.mjs"
2025-10-28T00:19:44.831245Z  INFO tailwindcss_oxide::scanner: Reading "C:\\Users\\sc998\\namos-chat-v1\\scripts\\gsm-fetch.mjs"
2025-10-28T00:19:44.831289Z  INFO tailwindcss_oxide::scanner: Reading "C:\\Users\\sc998\\namos-chat-v1\\src\\components\\chat\\ChatMessageList.tsx"
2025-10-28T00:19:44.831303Z  INFO tailwindcss_oxide::scanner: Reading "C:\\Users\\sc998\\namos-chat-v1\\src\\app\\api\\chat\\[chatId]\\note\\route.ts"
2025-10-28T00:19:44.831331Z  INFO tailwindcss_oxide::scanner: Reading "C:\\Users\\sc998\\namos-chat-v1\\src\\app\\api\\users\\account\\route.ts"
2025-10-28T00:19:44.831359Z  INFO tailwindcss_oxide::scanner: Reading "C:\\Users\\sc998\\namos-chat-v1\\public\\vercel.svg"
2025-10-28T00:19:44.831415Z  INFO tailwindcss_oxide::scanner: Reading "C:\\Users\\sc998\\namos-chat-v1\\public\\globe.svg"
2025-10-28T00:19:44.831432Z  INFO tailwindcss_oxide::scanner: Reading "C:\\Users\\sc998\\namos-chat-v1\\src\\app\\api\\chat\\[chatId]\\route.ts"
2025-10-28T00:19:44.831490Z  INFO tailwindcss_oxide::scanner: Reading "C:\\Users\\sc998\\namos-chat-v1\\src\\app\\api\\users\\points\\route.ts"
2025-10-28T00:19:44.831509Z  INFO tailwindcss_oxide::scanner: Reading "C:\\Users\\sc998\\namos-chat-v1\\src\\app\\page.tsx"
2025-10-28T00:19:44.831521Z  INFO tailwindcss_oxide::scanner: Reading "C:\\Users\\sc998\\namos-chat-v1\\src\\app\\api\\chat\\new\\route.ts"
2025-10-28T00:19:44.831535Z  INFO tailwindcss_oxide::scanner: Reading "C:\\Users\\sc998\\namos-chat-v1\\src\\app\\admin\\guides\\page.tsx"
2025-10-28T00:19:44.831569Z  INFO tailwindcss_oxide::scanner: Reading "C:\\Users\\sc998\\namos-chat-v1\\src\\components\\ui\\checkbox.tsx"
2025-10-28T00:19:44.831615Z  INFO tailwindcss_oxide::scanner: Reading "C:\\Users\\sc998\\namos-chat-v1\\src\\app\\api\\admin\\users\\route.ts"
2025-10-28T00:19:44.831626Z  INFO tailwindcss_oxide::scanner: Reading "C:\\Users\\sc998\\namos-chat-v1\\src\\components\\chat\\ConfirmationModal.tsx"
2025-10-28T00:19:44.831645Z  INFO tailwindcss_oxide::scanner: Reading "C:\\Users\\sc998\\namos-chat-v1\\src\\app\\profile\\[userId]\\page.tsx"
2025-10-28T00:19:44.831658Z  INFO tailwindcss_oxide::scanner: Reading "C:\\Users\\sc998\\namos-chat-v1\\src\\utils\\ensureGcpCreds.ts"
2025-10-28T00:19:44.831660Z  INFO tailwindcss_oxide::scanner: Reading "C:\\Users\\sc998\\namos-chat-v1\\src\\app\\search\\page.tsx"
2025-10-28T00:19:44.831678Z  INFO tailwindcss_oxide::scanner: Reading "C:\\Users\\sc998\\namos-chat-v1\\FEATURE_DOCUMENTATION.md"
2025-10-28T00:19:44.831693Z  INFO tailwindcss_oxide::scanner: Reading "C:\\Users\\sc998\\namos-chat-v1\\src\\components\\ChatMessageParser.tsx"
2025-10-28T00:19:44.831714Z  INFO tailwindcss_oxide::scanner: Reading "C:\\Users\\sc998\\namos-chat-v1\\src\\app\\register\\page.tsx"
2025-10-28T00:19:44.831740Z  INFO tailwindcss_oxide::scanner: Reading "C:\\Users\\sc998\\namos-chat-v1\\src\\instrumentation.ts"
2025-10-28T00:19:44.831801Z  INFO tailwindcss_oxide::scanner: Reading "C:\\Users\\sc998\\namos-chat-v1\\src\\app\\persona\\form\\[[...personaId]]\\page.tsx"
2025-10-28T00:19:44.831808Z  INFO tailwindcss_oxide::scanner: Reading "C:\\Users\\sc998\\namos-chat-v1\\src\\app\\admin\\page.tsx"
2025-10-28T00:19:44.831882Z  INFO tailwindcss_oxide::scanner: Reading "C:\\Users\\sc998\\namos-chat-v1\\src\\app\\ranking\\page.tsx"
2025-10-28T00:19:44.831888Z  INFO tailwindcss_oxide::scanner: Reading "C:\\Users\\sc998\\namos-chat-v1\\src\\components\\chat\\ImageLightbox.tsx"
2025-10-28T00:19:44.831888Z  INFO tailwindcss_oxide::scanner: Reading "C:\\Users\\sc998\\namos-chat-v1\\src\\components\\ui\\dialog.tsx"
2025-10-28T00:19:44.831918Z  INFO tailwindcss_oxide::scanner: Reading "C:\\Users\\sc998\\namos-chat-v1\\src\\app\\profile-edit\\page.tsx"
2025-10-28T00:19:44.831958Z  INFO tailwindcss_oxide::scanner: Reading "C:\\Users\\sc998\\namos-chat-v1\\src\\app\\api\\auth\\[...nextauth]\\route.ts"
2025-10-28T00:19:44.831970Z  INFO tailwindcss_oxide::scanner: Reading "C:\\Users\\sc998\\namos-chat-v1\\tsconfig.json"
2025-10-28T00:19:44.831977Z  INFO tailwindcss_oxide::scanner: Reading "C:\\Users\\sc998\\namos-chat-v1\\netlify.toml"
2025-10-28T00:19:44.831977Z  INFO tailwindcss_oxide::scanner: Reading "C:\\Users\\sc998\\namos-chat-v1\\src\\types\\chat.ts"
2025-10-28T00:19:44.831889Z  INFO tailwindcss_oxide::scanner: Reading "C:\\Users\\sc998\\namos-chat-v1\\src\\lib\\prisma.ts"
2025-10-28T00:19:44.832001Z  INFO tailwindcss_oxide::scanner: Reading "C:\\Users\\sc998\\namos-chat-v1\\src\\lib\\db\\db.ts"
2025-10-28T00:19:44.832073Z  INFO tailwindcss_oxide::scanner: Reading "C:\\Users\\sc998\\namos-chat-v1\\src\\components\\ChatSettings.tsx"
2025-10-28T00:19:44.832087Z  INFO tailwindcss_oxide::scanner: Reading "C:\\Users\\sc998\\namos-chat-v1\\src\\components\\AppShell.tsx"
2025-10-28T00:19:44.832136Z  INFO tailwindcss_oxide::scanner: Reading "C:\\Users\\sc998\\namos-chat-v1\\src\\app\\persona\\list\\page.tsx"
2025-10-28T00:19:44.832137Z  INFO tailwindcss_oxide::scanner: Reading "C:\\Users\\sc998\\namos-chat-v1\\src\\app\\admin\\users\\page.tsx"
2025-10-28T00:19:44.832137Z  INFO tailwindcss_oxide::scanner: Reading "C:\\Users\\sc998\\namos-chat-v1\\src\\components\\BottomNav.tsx"
2025-10-28T00:19:44.832151Z  INFO tailwindcss_oxide::scanner: Reading "C:\\Users\\sc998\\namos-chat-v1\\src\\lib\\utils.ts"
2025-10-28T00:19:44.832178Z  INFO tailwindcss_oxide::scanner: Reading "C:\\Users\\sc998\\namos-chat-v1\\src\\components\\ChatImageRenderer.tsx"
2025-10-28T00:19:44.832178Z  INFO tailwindcss_oxide::scanner: Reading "C:\\Users\\sc998\\namos-chat-v1\\src\\components\\ui\\input.tsx"
2025-10-28T00:19:44.832271Z  INFO tailwindcss_oxide::scanner: Reading "C:\\Users\\sc998\\namos-chat-v1\\next-auth.d.ts"
2025-10-28T00:19:44.832327Z  INFO tailwindcss_oxide::scanner: Reading "C:\\Users\\sc998\\namos-chat-v1\\src\\lib\\secrets-loader.ts"
2025-10-28T00:19:44.832339Z  INFO tailwindcss_oxide::scanner: Reading "C:\\Users\\sc998\\namos-chat-v1\\src\\components\\NoticeDetailClient.tsx"
2025-10-28T00:19:44.832380Z  INFO tailwindcss_oxide::scanner: Reading "C:\\Users\\sc998\\namos-chat-v1\\src\\lib\\redis.ts"
2025-10-28T00:19:44.832349Z  INFO tailwindcss_oxide::scanner: Reading "C:\\Users\\sc998\\namos-chat-v1\\src\\components\\ui\\button.tsx"
2025-10-28T00:19:44.832415Z  INFO tailwindcss_oxide::scanner: Reading "C:\\Users\\sc998\\namos-chat-v1\\src\\app\\points\\page.tsx"
2025-10-28T00:19:44.832465Z  INFO tailwindcss_oxide::scanner: Reading "C:\\Users\\sc998\\namos-chat-v1\\src\\lib\\secrets.ts"
2025-10-28T00:19:44.832477Z  INFO tailwindcss_oxide::scanner: Reading "C:\\Users\\sc998\\namos-chat-v1\\src\\components\\Providers.tsx"
2025-10-28T00:19:44.832486Z  INFO tailwindcss_oxide::scanner: Reading "C:\\Users\\sc998\\namos-chat-v1\\src\\lib\\db.ts"
2025-10-28T00:19:44.832488Z  INFO tailwindcss_oxide::scanner: Reading "C:\\Users\\sc998\\namos-chat-v1\\src\\app\\api\\characters\\[id]\\comments\\[commentId]\\route.ts"
2025-10-28T00:19:44.832490Z  INFO tailwindcss_oxide::scanner: Reading "C:\\Users\\sc998\\namos-chat-v1\\src\\components\\SafeImage.tsx"
2025-10-28T00:19:44.832502Z  INFO tailwindcss_oxide::scanner: Reading "C:\\Users\\sc998\\namos-chat-v1\\src\\app\\api\\characters\\[id]\\comments\\route.ts"
2025-10-28T00:19:44.832529Z  INFO tailwindcss_oxide::scanner: Reading "C:\\Users\\sc998\\namos-chat-v1\\src\\app\\api\\characters\\route.ts"
2025-10-28T00:19:44.832528Z  INFO tailwindcss_oxide::scanner: Reading "C:\\Users\\sc998\\namos-chat-v1\\src\\components\\ui\\textarea.tsx"
2025-10-28T00:19:44.832564Z  INFO tailwindcss_oxide::scanner: Reading "C:\\Users\\sc998\\namos-chat-v1\\src\\app\\api\\characters\\[id]\\favorite\\route.ts"
2025-10-28T00:19:44.832508Z  INFO tailwindcss_oxide::scanner: Reading "C:\\Users\\sc998\\namos-chat-v1\\src\\components\\CharacterCard.tsx"
2025-10-28T00:19:44.832612Z  INFO tailwindcss_oxide::scanner: Reading "C:\\Users\\sc998\\namos-chat-v1\\src\\lib\\nextauth.ts"
2025-10-28T00:19:44.832624Z  INFO tailwindcss_oxide::scanner: Reading "C:\\Users\\sc998\\namos-chat-v1\\src\\components\\NoticeForm.tsx"
2025-10-28T00:19:44.832643Z  INFO tailwindcss_oxide::scanner: Reading "C:\\Users\\sc998\\namos-chat-v1\\src\\components\\ui\\card.tsx"
2025-10-28T00:19:44.832732Z  INFO extract_candidates:read_all_files: tailwindcss_oxide::scanner: exit
2025-10-28T00:19:44.832753Z  INFO extract_candidates:parse_all_blobs: tailwindcss_oxide::scanner: enter
2025-10-28T00:19:44.832763Z  INFO extract_candidates:parse_all_blobs:extract: tailwindcss_oxide::scanner: enter
2025-10-28T00:19:44.836026Z  INFO extract_candidates:parse_all_blobs:extract: tailwindcss_oxide::scanner: exit
2025-10-28T00:19:44.836064Z  INFO extract_candidates:parse_all_blobs: tailwindcss_oxide::scanner: exit
2025-10-28T00:19:44.836073Z  INFO extract_candidates:read_all_files: tailwindcss_oxide::scanner: enter
2025-10-28T00:19:44.836077Z  INFO extract_candidates:read_all_files: tailwindcss_oxide::scanner: Reading 2 file(s)
2025-10-28T00:19:44.836331Z  INFO tailwindcss_oxide::scanner: Reading "C:\\Users\\sc998\\namos-chat-v1\\src\\app\\chatlist\\ChatListPage.css"
2025-10-28T00:19:44.836343Z  INFO tailwindcss_oxide::scanner: Reading "C:\\Users\\sc998\\namos-chat-v1\\src\\app\\globals.css"
2025-10-28T00:19:44.836429Z  INFO extract_candidates:read_all_files: tailwindcss_oxide::scanner: exit
2025-10-28T00:19:44.836448Z  INFO extract_candidates:extract_css_variables: tailwindcss_oxide::scanner: enter
2025-10-28T00:19:44.836455Z  INFO extract_candidates:extract_css_variables:extract: tailwindcss_oxide::scanner: enter
2025-10-28T00:19:44.836577Z  INFO extract_candidates:extract_css_variables:extract: tailwindcss_oxide::scanner: exit
2025-10-28T00:19:44.836599Z  INFO extract_candidates:extract_css_variables: tailwindcss_oxide::scanner: exit
2025-10-28T00:19:44.837706Z  INFO extract_candidates: tailwindcss_oxide::scanner: exit
2025-10-28T00:19:44.838782Z  INFO get_files: tailwindcss_oxide::scanner: enter
2025-10-28T00:19:44.838795Z  INFO get_files:scan_sources: tailwindcss_oxide::scanner: enter
2025-10-28T00:19:44.843855Z  INFO get_files:scan_sources: tailwindcss_oxide::scanner: Discovering "C:\\Users\\sc998\\namos-chat-v1\\gcp"
2025-10-28T00:19:44.845629Z  INFO get_files:scan_sources: tailwindcss_oxide::scanner: Discovering "C:\\Users\\sc998\\namos-chat-v1\\prisma"
2025-10-28T00:19:44.846710Z  INFO get_files:scan_sources: tailwindcss_oxide::scanner: Discovering "C:\\Users\\sc998\\namos-chat-v1\\prisma\\migrations"
2025-10-28T00:19:44.847684Z  INFO get_files:scan_sources: tailwindcss_oxide::scanner: Discovering "C:\\Users\\sc998\\namos-chat-v1\\public"
2025-10-28T00:19:44.848824Z  INFO get_files:scan_sources: tailwindcss_oxide::scanner: Discovering "C:\\Users\\sc998\\namos-chat-v1\\public\\uploads"
2025-10-28T00:19:44.849922Z  INFO get_files:scan_sources: tailwindcss_oxide::scanner: Discovering "C:\\Users\\sc998\\namos-chat-v1\\public\\uploads\\avatars"
2025-10-28T00:19:44.851041Z  INFO get_files:scan_sources: tailwindcss_oxide::scanner: Discovering "C:\\Users\\sc998\\namos-chat-v1\\scripts"
2025-10-28T00:19:44.852261Z  INFO get_files:scan_sources: tailwindcss_oxide::scanner: Discovering "C:\\Users\\sc998\\namos-chat-v1\\src"
2025-10-28T00:19:44.852916Z  INFO get_files:scan_sources: tailwindcss_oxide::scanner: Discovering "C:\\Users\\sc998\\namos-chat-v1\\src\\app"
2025-10-28T00:19:44.853532Z  INFO get_files:scan_sources: tailwindcss_oxide::scanner: Discovering "C:\\Users\\sc998\\namos-chat-v1\\src\\app\\admin"
2025-10-28T00:19:44.854255Z  INFO get_files:scan_sources: tailwindcss_oxide::scanner: Discovering "C:\\Users\\sc998\\namos-chat-v1\\src\\app\\admin\\characters"
2025-10-28T00:19:44.855039Z  INFO get_files:scan_sources: tailwindcss_oxide::scanner: Discovering "C:\\Users\\sc998\\namos-chat-v1\\src\\app\\admin\\guides"
2025-10-28T00:19:44.855903Z  INFO get_files:scan_sources: tailwindcss_oxide::scanner: Discovering "C:\\Users\\sc998\\namos-chat-v1\\src\\app\\admin\\users"
2025-10-28T00:19:44.856862Z  INFO get_files:scan_sources: tailwindcss_oxide::scanner: Discovering "C:\\Users\\sc998\\namos-chat-v1\\src\\app\\api"
2025-10-28T00:19:44.857631Z  INFO get_files:scan_sources: tailwindcss_oxide::scanner: Discovering "C:\\Users\\sc998\\namos-chat-v1\\src\\app\\api\\admin"
2025-10-28T00:19:44.858328Z  INFO get_files:scan_sources: tailwindcss_oxide::scanner: Discovering "C:\\Users\\sc998\\namos-chat-v1\\src\\app\\api\\admin\\characters"
2025-10-28T00:19:44.859090Z  INFO get_files:scan_sources: tailwindcss_oxide::scanner: Discovering "C:\\Users\\sc998\\namos-chat-v1\\src\\app\\api\\admin\\guides"
2025-10-28T00:19:44.859897Z  INFO get_files:scan_sources: tailwindcss_oxide::scanner: Discovering "C:\\Users\\sc998\\namos-chat-v1\\src\\app\\api\\admin\\users"
2025-10-28T00:19:44.860749Z  INFO get_files:scan_sources: tailwindcss_oxide::scanner: Discovering "C:\\Users\\sc998\\namos-chat-v1\\src\\app\\api\\auth"
2025-10-28T00:19:44.861413Z  INFO get_files:scan_sources: tailwindcss_oxide::scanner: Discovering "C:\\Users\\sc998\\namos-chat-v1\\src\\app\\api\\auth\\[...nextauth]"
2025-10-28T00:19:44.862250Z  INFO get_files:scan_sources: tailwindcss_oxide::scanner: Discovering "C:\\Users\\sc998\\namos-chat-v1\\src\\app\\api\\characters"
2025-10-28T00:19:44.863438Z  INFO get_files:scan_sources: tailwindcss_oxide::scanner: Discovering "C:\\Users\\sc998\\namos-chat-v1\\src\\app\\api\\characters\\[id]"
2025-10-28T00:19:44.864663Z  INFO get_files:scan_sources: tailwindcss_oxide::scanner: Discovering "C:\\Users\\sc998\\namos-chat-v1\\src\\app\\api\\characters\\[id]\\comments"
2025-10-28T00:19:44.865585Z  INFO get_files:scan_sources: tailwindcss_oxide::scanner: Discovering "C:\\Users\\sc998\\namos-chat-v1\\src\\app\\api\\characters\\[id]\\comments\\[commentId]"
2025-10-28T00:19:44.866569Z  INFO get_files:scan_sources: tailwindcss_oxide::scanner: Discovering "C:\\Users\\sc998\\namos-chat-v1\\src\\app\\api\\characters\\[id]\\favorite"
2025-10-28T00:19:44.867524Z  INFO get_files:scan_sources: tailwindcss_oxide::scanner: Discovering "C:\\Users\\sc998\\namos-chat-v1\\src\\app\\api\\characters\\[id]\\import"
2025-10-28T00:19:44.869185Z  INFO get_files:scan_sources: tailwindcss_oxide::scanner: Discovering "C:\\Users\\sc998\\namos-chat-v1\\src\\app\\api\\charlist"
2025-10-28T00:19:44.870100Z  INFO get_files:scan_sources: tailwindcss_oxide::scanner: Discovering "C:\\Users\\sc998\\namos-chat-v1\\src\\app\\api\\chat"
2025-10-28T00:19:44.870842Z  INFO get_files:scan_sources: tailwindcss_oxide::scanner: Discovering "C:\\Users\\sc998\\namos-chat-v1\\src\\app\\api\\chat\\messages"
2025-10-28T00:19:44.871687Z  INFO get_files:scan_sources: tailwindcss_oxide::scanner: Discovering "C:\\Users\\sc998\\namos-chat-v1\\src\\app\\api\\chat\\new"
2025-10-28T00:19:44.872560Z  INFO get_files:scan_sources: tailwindcss_oxide::scanner: Discovering "C:\\Users\\sc998\\namos-chat-v1\\src\\app\\api\\chat\\[chatId]"
2025-10-28T00:19:44.873278Z  INFO get_files:scan_sources: tailwindcss_oxide::scanner: Discovering "C:\\Users\\sc998\\namos-chat-v1\\src\\app\\api\\chat\\[chatId]\\note"
2025-10-28T00:19:44.874285Z  INFO get_files:scan_sources: tailwindcss_oxide::scanner: Discovering "C:\\Users\\sc998\\namos-chat-v1\\src\\app\\api\\chatlist"
2025-10-28T00:19:44.875111Z  INFO get_files:scan_sources: tailwindcss_oxide::scanner: Discovering "C:\\Users\\sc998\\namos-chat-v1\\src\\app\\api\\chats"
2025-10-28T00:19:44.875845Z  INFO get_files:scan_sources: tailwindcss_oxide::scanner: Discovering "C:\\Users\\sc998\\namos-chat-v1\\src\\app\\api\\chats\\find-or-create"
2025-10-28T00:19:44.877099Z  INFO get_files:scan_sources: tailwindcss_oxide::scanner: Discovering "C:\\Users\\sc998\\namos-chat-v1\\src\\app\\api\\dbtest"
2025-10-28T00:19:44.877953Z  INFO get_files:scan_sources: tailwindcss_oxide::scanner: Discovering "C:\\Users\\sc998\\namos-chat-v1\\src\\app\\api\\guides"
2025-10-28T00:19:44.878917Z  INFO get_files:scan_sources: tailwindcss_oxide::scanner: Discovering "C:\\Users\\sc998\\namos-chat-v1\\src\\app\\api\\hello"
2025-10-28T00:19:44.880082Z  INFO get_files:scan_sources: tailwindcss_oxide::scanner: Discovering "C:\\Users\\sc998\\namos-chat-v1\\src\\app\\api\\main-page"
2025-10-28T00:19:44.881064Z  INFO get_files:scan_sources: tailwindcss_oxide::scanner: Discovering "C:\\Users\\sc998\\namos-chat-v1\\src\\app\\api\\notice"
2025-10-28T00:19:44.881880Z  INFO get_files:scan_sources: tailwindcss_oxide::scanner: Discovering "C:\\Users\\sc998\\namos-chat-v1\\src\\app\\api\\notice\\[noticeId]"
2025-10-28T00:19:44.882832Z  INFO get_files:scan_sources: tailwindcss_oxide::scanner: Discovering "C:\\Users\\sc998\\namos-chat-v1\\src\\app\\api\\persona"
2025-10-28T00:19:44.883608Z  INFO get_files:scan_sources: tailwindcss_oxide::scanner: Discovering "C:\\Users\\sc998\\namos-chat-v1\\src\\app\\api\\persona\\[personaId]"
2025-10-28T00:19:44.884420Z  INFO get_files:scan_sources: tailwindcss_oxide::scanner: Discovering "C:\\Users\\sc998\\namos-chat-v1\\src\\app\\api\\points"
2025-10-28T00:19:44.885201Z  INFO get_files:scan_sources: tailwindcss_oxide::scanner: Discovering "C:\\Users\\sc998\\namos-chat-v1\\src\\app\\api\\profile"
2025-10-28T00:19:44.885846Z  INFO get_files:scan_sources: tailwindcss_oxide::scanner: Discovering "C:\\Users\\sc998\\namos-chat-v1\\src\\app\\api\\profile\\[userId]"
2025-10-28T00:19:44.886510Z  INFO get_files:scan_sources: tailwindcss_oxide::scanner: Discovering "C:\\Users\\sc998\\namos-chat-v1\\src\\app\\api\\profile\\[userId]\\block"
2025-10-28T00:19:44.887329Z  INFO get_files:scan_sources: tailwindcss_oxide::scanner: Discovering "C:\\Users\\sc998\\namos-chat-v1\\src\\app\\api\\profile\\[userId]\\blocked-users"
2025-10-28T00:19:44.888236Z  INFO get_files:scan_sources: tailwindcss_oxide::scanner: Discovering "C:\\Users\\sc998\\namos-chat-v1\\src\\app\\api\\profile\\[userId]\\follow"
2025-10-28T00:19:44.889046Z  INFO get_files:scan_sources: tailwindcss_oxide::scanner: Discovering "C:\\Users\\sc998\\namos-chat-v1\\src\\app\\api\\profile\\[userId]\\followers"
2025-10-28T00:19:44.889883Z  INFO get_files:scan_sources: tailwindcss_oxide::scanner: Discovering "C:\\Users\\sc998\\namos-chat-v1\\src\\app\\api\\profile\\[userId]\\following"
2025-10-28T00:19:44.890906Z  INFO get_files:scan_sources: tailwindcss_oxide::scanner: Discovering "C:\\Users\\sc998\\namos-chat-v1\\src\\app\\api\\ranking"
2025-10-28T00:19:44.891784Z  INFO get_files:scan_sources: tailwindcss_oxide::scanner: Discovering "C:\\Users\\sc998\\namos-chat-v1\\src\\app\\api\\register"
2025-10-28T00:19:44.892643Z  INFO get_files:scan_sources: tailwindcss_oxide::scanner: Discovering "C:\\Users\\sc998\\namos-chat-v1\\src\\app\\api\\search"
2025-10-28T00:19:44.893789Z  INFO get_files:scan_sources: tailwindcss_oxide::scanner: Discovering "C:\\Users\\sc998\\namos-chat-v1\\src\\app\\api\\users"
2025-10-28T00:19:44.894719Z  INFO get_files:scan_sources: tailwindcss_oxide::scanner: Discovering "C:\\Users\\sc998\\namos-chat-v1\\src\\app\\api\\users\\account"
2025-10-28T00:19:44.895563Z  INFO get_files:scan_sources: tailwindcss_oxide::scanner: Discovering "C:\\Users\\sc998\\namos-chat-v1\\src\\app\\api\\users\\change-password"
2025-10-28T00:19:44.896783Z  INFO get_files:scan_sources: tailwindcss_oxide::scanner: Discovering "C:\\Users\\sc998\\namos-chat-v1\\src\\app\\api\\users\\points"
2025-10-28T00:19:44.898089Z  INFO get_files:scan_sources: tailwindcss_oxide::scanner: Discovering "C:\\Users\\sc998\\namos-chat-v1\\src\\app\\api\\users\\profile"
2025-10-28T00:19:44.899258Z  INFO get_files:scan_sources: tailwindcss_oxide::scanner: Discovering "C:\\Users\\sc998\\namos-chat-v1\\src\\app\\api\\users\\safety-filter"
2025-10-28T00:19:44.900228Z  INFO get_files:scan_sources: tailwindcss_oxide::scanner: Discovering "C:\\Users\\sc998\\namos-chat-v1\\src\\app\\change-password"
2025-10-28T00:19:44.900994Z  INFO get_files:scan_sources: tailwindcss_oxide::scanner: Discovering "C:\\Users\\sc998\\namos-chat-v1\\src\\app\\character-management"
2025-10-28T00:19:44.901787Z  INFO get_files:scan_sources: tailwindcss_oxide::scanner: Discovering "C:\\Users\\sc998\\namos-chat-v1\\src\\app\\characters"
2025-10-28T00:19:44.902449Z  INFO get_files:scan_sources: tailwindcss_oxide::scanner: Discovering "C:\\Users\\sc998\\namos-chat-v1\\src\\app\\characters\\create"
2025-10-28T00:19:44.903243Z  INFO get_files:scan_sources: tailwindcss_oxide::scanner: Discovering "C:\\Users\\sc998\\namos-chat-v1\\src\\app\\characters\\edit"
2025-10-28T00:19:44.903865Z  INFO get_files:scan_sources: tailwindcss_oxide::scanner: Discovering "C:\\Users\\sc998\\namos-chat-v1\\src\\app\\characters\\edit\\[id]"
2025-10-28T00:19:44.904683Z  INFO get_files:scan_sources: tailwindcss_oxide::scanner: Discovering "C:\\Users\\sc998\\namos-chat-v1\\src\\app\\characters\\[characterId]"
2025-10-28T00:19:44.905474Z  INFO get_files:scan_sources: tailwindcss_oxide::scanner: Discovering "C:\\Users\\sc998\\namos-chat-v1\\src\\app\\charlist"
2025-10-28T00:19:44.906222Z  INFO get_files:scan_sources: tailwindcss_oxide::scanner: Discovering "C:\\Users\\sc998\\namos-chat-v1\\src\\app\\chat"
2025-10-28T00:19:44.906841Z  INFO get_files:scan_sources: tailwindcss_oxide::scanner: Discovering "C:\\Users\\sc998\\namos-chat-v1\\src\\app\\chat\\[characterId]"
2025-10-28T00:19:44.907625Z  INFO get_files:scan_sources: tailwindcss_oxide::scanner: Discovering "C:\\Users\\sc998\\namos-chat-v1\\src\\app\\chatlist"
2025-10-28T00:19:44.908635Z  INFO get_files:scan_sources: tailwindcss_oxide::scanner: Discovering "C:\\Users\\sc998\\namos-chat-v1\\src\\app\\guide"
2025-10-28T00:19:44.909480Z  INFO get_files:scan_sources: tailwindcss_oxide::scanner: Discovering "C:\\Users\\sc998\\namos-chat-v1\\src\\app\\login"
2025-10-28T00:19:44.910376Z  INFO get_files:scan_sources: tailwindcss_oxide::scanner: Discovering "C:\\Users\\sc998\\namos-chat-v1\\src\\app\\MyPage"
2025-10-28T00:19:44.911266Z  INFO get_files:scan_sources: tailwindcss_oxide::scanner: Discovering "C:\\Users\\sc998\\namos-chat-v1\\src\\app\\notice"
2025-10-28T00:19:44.911888Z  INFO get_files:scan_sources: tailwindcss_oxide::scanner: Discovering "C:\\Users\\sc998\\namos-chat-v1\\src\\app\\notice\\admin"
2025-10-28T00:19:44.912752Z  INFO get_files:scan_sources: tailwindcss_oxide::scanner: Discovering "C:\\Users\\sc998\\namos-chat-v1\\src\\app\\notice\\admin\\[noticeId]"
2025-10-28T00:19:44.913873Z  INFO get_files:scan_sources: tailwindcss_oxide::scanner: Discovering "C:\\Users\\sc998\\namos-chat-v1\\src\\app\\notice\\[noticeId]"
2025-10-28T00:19:44.915195Z  INFO get_files:scan_sources: tailwindcss_oxide::scanner: Discovering "C:\\Users\\sc998\\namos-chat-v1\\src\\app\\persona"
2025-10-28T00:19:44.915855Z  INFO get_files:scan_sources: tailwindcss_oxide::scanner: Discovering "C:\\Users\\sc998\\namos-chat-v1\\src\\app\\persona\\form"
2025-10-28T00:19:44.916589Z  INFO get_files:scan_sources: tailwindcss_oxide::scanner: Discovering "C:\\Users\\sc998\\namos-chat-v1\\src\\app\\persona\\form\\[[...personaId]]"
2025-10-28T00:19:44.917398Z  INFO get_files:scan_sources: tailwindcss_oxide::scanner: Discovering "C:\\Users\\sc998\\namos-chat-v1\\src\\app\\persona\\list"
2025-10-28T00:19:44.918218Z  INFO get_files:scan_sources: tailwindcss_oxide::scanner: Discovering "C:\\Users\\sc998\\namos-chat-v1\\src\\app\\points"
2025-10-28T00:19:44.918982Z  INFO get_files:scan_sources: tailwindcss_oxide::scanner: Discovering "C:\\Users\\sc998\\namos-chat-v1\\src\\app\\profile"
2025-10-28T00:19:44.919627Z  INFO get_files:scan_sources: tailwindcss_oxide::scanner: Discovering "C:\\Users\\sc998\\namos-chat-v1\\src\\app\\profile\\[userId]"
2025-10-28T00:19:44.920453Z  INFO get_files:scan_sources: tailwindcss_oxide::scanner: Discovering "C:\\Users\\sc998\\namos-chat-v1\\src\\app\\profile-edit"
2025-10-28T00:19:44.921252Z  INFO get_files:scan_sources: tailwindcss_oxide::scanner: Discovering "C:\\Users\\sc998\\namos-chat-v1\\src\\app\\ranking"
2025-10-28T00:19:44.922020Z  INFO get_files:scan_sources: tailwindcss_oxide::scanner: Discovering "C:\\Users\\sc998\\namos-chat-v1\\src\\app\\register"
2025-10-28T00:19:44.922786Z  INFO get_files:scan_sources: tailwindcss_oxide::scanner: Discovering "C:\\Users\\sc998\\namos-chat-v1\\src\\app\\search"
2025-10-28T00:19:44.923557Z  INFO get_files:scan_sources: tailwindcss_oxide::scanner: Discovering "C:\\Users\\sc998\\namos-chat-v1\\src\\app\\user"
2025-10-28T00:19:44.924213Z  INFO get_files:scan_sources: tailwindcss_oxide::scanner: Discovering "C:\\Users\\sc998\\namos-chat-v1\\src\\app\\user\\profile"
2025-10-28T00:19:44.924940Z  INFO get_files:scan_sources: tailwindcss_oxide::scanner: Discovering "C:\\Users\\sc998\\namos-chat-v1\\src\\components"
2025-10-28T00:19:44.926049Z  INFO get_files:scan_sources: tailwindcss_oxide::scanner: Discovering "C:\\Users\\sc998\\namos-chat-v1\\src\\components\\chat"
2025-10-28T00:19:44.927895Z  INFO get_files:scan_sources: tailwindcss_oxide::scanner: Discovering "C:\\Users\\sc998\\namos-chat-v1\\src\\components\\ui"
2025-10-28T00:19:44.929298Z  INFO get_files:scan_sources: tailwindcss_oxide::scanner: Discovering "C:\\Users\\sc998\\namos-chat-v1\\src\\generated"
2025-10-28T00:19:44.930964Z  INFO get_files:scan_sources: tailwindcss_oxide::scanner: Discovering "C:\\Users\\sc998\\namos-chat-v1\\src\\lib"
2025-10-28T00:19:44.931721Z  INFO get_files:scan_sources: tailwindcss_oxide::scanner: Discovering "C:\\Users\\sc998\\namos-chat-v1\\src\\lib\\db"
2025-10-28T00:19:44.933934Z  INFO get_files:scan_sources: tailwindcss_oxide::scanner: Discovering "C:\\Users\\sc998\\namos-chat-v1\\src\\types"
2025-10-28T00:19:44.934763Z  INFO get_files:scan_sources: tailwindcss_oxide::scanner: Discovering "C:\\Users\\sc998\\namos-chat-v1\\src\\utils"
2025-10-28T00:19:44.935785Z  INFO get_files:scan_sources: tailwindcss_oxide::scanner: exit
2025-10-28T00:19:44.935951Z  INFO get_files: tailwindcss_oxide::scanner: exit
2025-10-28T00:19:44.936318Z  INFO get_globs: tailwindcss_oxide::scanner: enter
2025-10-28T00:19:44.936328Z  INFO get_globs:scan_sources: tailwindcss_oxide::scanner: enter
2025-10-28T00:19:44.941351Z  INFO get_globs:scan_sources: tailwindcss_oxide::scanner: Discovering "C:\\Users\\sc998\\namos-chat-v1\\gcp"
2025-10-28T00:19:44.943330Z  INFO get_globs:scan_sources: tailwindcss_oxide::scanner: Discovering "C:\\Users\\sc998\\namos-chat-v1\\prisma"
2025-10-28T00:19:44.943934Z  INFO get_globs:scan_sources: tailwindcss_oxide::scanner: Discovering "C:\\Users\\sc998\\namos-chat-v1\\prisma\\migrations"
2025-10-28T00:19:44.944723Z  INFO get_globs:scan_sources: tailwindcss_oxide::scanner: Discovering "C:\\Users\\sc998\\namos-chat-v1\\public"
2025-10-28T00:19:44.945646Z  INFO get_globs:scan_sources: tailwindcss_oxide::scanner: Discovering "C:\\Users\\sc998\\namos-chat-v1\\public\\uploads"
2025-10-28T00:19:44.947163Z  INFO get_globs:scan_sources: tailwindcss_oxide::scanner: Discovering "C:\\Users\\sc998\\namos-chat-v1\\public\\uploads\\avatars"
2025-10-28T00:19:44.948523Z  INFO get_globs:scan_sources: tailwindcss_oxide::scanner: Discovering "C:\\Users\\sc998\\namos-chat-v1\\scripts"
2025-10-28T00:19:44.949940Z  INFO get_globs:scan_sources: tailwindcss_oxide::scanner: Discovering "C:\\Users\\sc998\\namos-chat-v1\\src"
2025-10-28T00:19:44.950759Z  INFO get_globs:scan_sources: tailwindcss_oxide::scanner: Discovering "C:\\Users\\sc998\\namos-chat-v1\\src\\app"
2025-10-28T00:19:44.951830Z  INFO get_globs:scan_sources: tailwindcss_oxide::scanner: Discovering "C:\\Users\\sc998\\namos-chat-v1\\src\\app\\admin"
2025-10-28T00:19:44.952705Z  INFO get_globs:scan_sources: tailwindcss_oxide::scanner: Discovering "C:\\Users\\sc998\\namos-chat-v1\\src\\app\\admin\\characters"
2025-10-28T00:19:44.953466Z  INFO get_globs:scan_sources: tailwindcss_oxide::scanner: Discovering "C:\\Users\\sc998\\namos-chat-v1\\src\\app\\admin\\guides"
2025-10-28T00:19:44.954312Z  INFO get_globs:scan_sources: tailwindcss_oxide::scanner: Discovering "C:\\Users\\sc998\\namos-chat-v1\\src\\app\\admin\\users"
2025-10-28T00:19:44.955089Z  INFO get_globs:scan_sources: tailwindcss_oxide::scanner: Discovering "C:\\Users\\sc998\\namos-chat-v1\\src\\app\\api"
2025-10-28T00:19:44.955760Z  INFO get_globs:scan_sources: tailwindcss_oxide::scanner: Discovering "C:\\Users\\sc998\\namos-chat-v1\\src\\app\\api\\admin"
2025-10-28T00:19:44.956390Z  INFO get_globs:scan_sources: tailwindcss_oxide::scanner: Discovering "C:\\Users\\sc998\\namos-chat-v1\\src\\app\\api\\admin\\characters"
2025-10-28T00:19:44.957162Z  INFO get_globs:scan_sources: tailwindcss_oxide::scanner: Discovering "C:\\Users\\sc998\\namos-chat-v1\\src\\app\\api\\admin\\guides"
2025-10-28T00:19:44.957959Z  INFO get_globs:scan_sources: tailwindcss_oxide::scanner: Discovering "C:\\Users\\sc998\\namos-chat-v1\\src\\app\\api\\admin\\users"
2025-10-28T00:19:44.958729Z  INFO get_globs:scan_sources: tailwindcss_oxide::scanner: Discovering "C:\\Users\\sc998\\namos-chat-v1\\src\\app\\api\\auth"
2025-10-28T00:19:44.959347Z  INFO get_globs:scan_sources: tailwindcss_oxide::scanner: Discovering "C:\\Users\\sc998\\namos-chat-v1\\src\\app\\api\\auth\\[...nextauth]"
2025-10-28T00:19:44.960121Z  INFO get_globs:scan_sources: tailwindcss_oxide::scanner: Discovering "C:\\Users\\sc998\\namos-chat-v1\\src\\app\\api\\characters"
2025-10-28T00:19:44.960842Z  INFO get_globs:scan_sources: tailwindcss_oxide::scanner: Discovering "C:\\Users\\sc998\\namos-chat-v1\\src\\app\\api\\characters\\[id]"
2025-10-28T00:19:44.961463Z  INFO get_globs:scan_sources: tailwindcss_oxide::scanner: Discovering "C:\\Users\\sc998\\namos-chat-v1\\src\\app\\api\\characters\\[id]\\comments"
2025-10-28T00:19:44.962192Z  INFO get_globs:scan_sources: tailwindcss_oxide::scanner: Discovering "C:\\Users\\sc998\\namos-chat-v1\\src\\app\\api\\characters\\[id]\\comments\\[commentId]"
2025-10-28T00:19:44.963097Z  INFO get_globs:scan_sources: tailwindcss_oxide::scanner: Discovering "C:\\Users\\sc998\\namos-chat-v1\\src\\app\\api\\characters\\[id]\\favorite"
2025-10-28T00:19:44.964059Z  INFO get_globs:scan_sources: tailwindcss_oxide::scanner: Discovering "C:\\Users\\sc998\\namos-chat-v1\\src\\app\\api\\characters\\[id]\\import"
2025-10-28T00:19:44.965119Z  INFO get_globs:scan_sources: tailwindcss_oxide::scanner: Discovering "C:\\Users\\sc998\\namos-chat-v1\\src\\app\\api\\charlist"
2025-10-28T00:19:44.965838Z  INFO get_globs:scan_sources: tailwindcss_oxide::scanner: Discovering "C:\\Users\\sc998\\namos-chat-v1\\src\\app\\api\\chat"
2025-10-28T00:19:44.966456Z  INFO get_globs:scan_sources: tailwindcss_oxide::scanner: Discovering "C:\\Users\\sc998\\namos-chat-v1\\src\\app\\api\\chat\\messages"
2025-10-28T00:19:44.967199Z  INFO get_globs:scan_sources: tailwindcss_oxide::scanner: Discovering "C:\\Users\\sc998\\namos-chat-v1\\src\\app\\api\\chat\\new"
2025-10-28T00:19:44.967918Z  INFO get_globs:scan_sources: tailwindcss_oxide::scanner: Discovering "C:\\Users\\sc998\\namos-chat-v1\\src\\app\\api\\chat\\[chatId]"
2025-10-28T00:19:44.968515Z  INFO get_globs:scan_sources: tailwindcss_oxide::scanner: Discovering "C:\\Users\\sc998\\namos-chat-v1\\src\\app\\api\\chat\\[chatId]\\note"
2025-10-28T00:19:44.969375Z  INFO get_globs:scan_sources: tailwindcss_oxide::scanner: Discovering "C:\\Users\\sc998\\namos-chat-v1\\src\\app\\api\\chatlist"
2025-10-28T00:19:44.970084Z  INFO get_globs:scan_sources: tailwindcss_oxide::scanner: Discovering "C:\\Users\\sc998\\namos-chat-v1\\src\\app\\api\\chats"
2025-10-28T00:19:44.970672Z  INFO get_globs:scan_sources: tailwindcss_oxide::scanner: Discovering "C:\\Users\\sc998\\namos-chat-v1\\src\\app\\api\\chats\\find-or-create"
2025-10-28T00:19:44.971503Z  INFO get_globs:scan_sources: tailwindcss_oxide::scanner: Discovering "C:\\Users\\sc998\\namos-chat-v1\\src\\app\\api\\dbtest"
2025-10-28T00:19:44.972216Z  INFO get_globs:scan_sources: tailwindcss_oxide::scanner: Discovering "C:\\Users\\sc998\\namos-chat-v1\\src\\app\\api\\guides"
2025-10-28T00:19:44.973075Z  INFO get_globs:scan_sources: tailwindcss_oxide::scanner: Discovering "C:\\Users\\sc998\\namos-chat-v1\\src\\app\\api\\hello"
2025-10-28T00:19:44.973964Z  INFO get_globs:scan_sources: tailwindcss_oxide::scanner: Discovering "C:\\Users\\sc998\\namos-chat-v1\\src\\app\\api\\main-page"
2025-10-28T00:19:44.974961Z  INFO get_globs:scan_sources: tailwindcss_oxide::scanner: Discovering "C:\\Users\\sc998\\namos-chat-v1\\src\\app\\api\\notice"
2025-10-28T00:19:44.975700Z  INFO get_globs:scan_sources: tailwindcss_oxide::scanner: Discovering "C:\\Users\\sc998\\namos-chat-v1\\src\\app\\api\\notice\\[noticeId]"
2025-10-28T00:19:44.976504Z  INFO get_globs:scan_sources: tailwindcss_oxide::scanner: Discovering "C:\\Users\\sc998\\namos-chat-v1\\src\\app\\api\\persona"
2025-10-28T00:19:44.977230Z  INFO get_globs:scan_sources: tailwindcss_oxide::scanner: Discovering "C:\\Users\\sc998\\namos-chat-v1\\src\\app\\api\\persona\\[personaId]"
2025-10-28T00:19:44.978068Z  INFO get_globs:scan_sources: tailwindcss_oxide::scanner: Discovering "C:\\Users\\sc998\\namos-chat-v1\\src\\app\\api\\points"
2025-10-28T00:19:44.978895Z  INFO get_globs:scan_sources: tailwindcss_oxide::scanner: Discovering "C:\\Users\\sc998\\namos-chat-v1\\src\\app\\api\\profile"
2025-10-28T00:19:44.979748Z  INFO get_globs:scan_sources: tailwindcss_oxide::scanner: Discovering "C:\\Users\\sc998\\namos-chat-v1\\src\\app\\api\\profile\\[userId]"
2025-10-28T00:19:44.980565Z  INFO get_globs:scan_sources: tailwindcss_oxide::scanner: Discovering "C:\\Users\\sc998\\namos-chat-v1\\src\\app\\api\\profile\\[userId]\\block"
2025-10-28T00:19:44.981393Z  INFO get_globs:scan_sources: tailwindcss_oxide::scanner: Discovering "C:\\Users\\sc998\\namos-chat-v1\\src\\app\\api\\profile\\[userId]\\blocked-users"
2025-10-28T00:19:44.982178Z  INFO get_globs:scan_sources: tailwindcss_oxide::scanner: Discovering "C:\\Users\\sc998\\namos-chat-v1\\src\\app\\api\\profile\\[userId]\\follow"
2025-10-28T00:19:44.982921Z  INFO get_globs:scan_sources: tailwindcss_oxide::scanner: Discovering "C:\\Users\\sc998\\namos-chat-v1\\src\\app\\api\\profile\\[userId]\\followers"
2025-10-28T00:19:44.983670Z  INFO get_globs:scan_sources: tailwindcss_oxide::scanner: Discovering "C:\\Users\\sc998\\namos-chat-v1\\src\\app\\api\\profile\\[userId]\\following"
2025-10-28T00:19:44.984562Z  INFO get_globs:scan_sources: tailwindcss_oxide::scanner: Discovering "C:\\Users\\sc998\\namos-chat-v1\\src\\app\\api\\ranking"
2025-10-28T00:19:44.985297Z  INFO get_globs:scan_sources: tailwindcss_oxide::scanner: Discovering "C:\\Users\\sc998\\namos-chat-v1\\src\\app\\api\\register"
2025-10-28T00:19:44.986026Z  INFO get_globs:scan_sources: tailwindcss_oxide::scanner: Discovering "C:\\Users\\sc998\\namos-chat-v1\\src\\app\\api\\search"
2025-10-28T00:19:44.986757Z  INFO get_globs:scan_sources: tailwindcss_oxide::scanner: Discovering "C:\\Users\\sc998\\namos-chat-v1\\src\\app\\api\\users"
2025-10-28T00:19:44.987362Z  INFO get_globs:scan_sources: tailwindcss_oxide::scanner: Discovering "C:\\Users\\sc998\\namos-chat-v1\\src\\app\\api\\users\\account"
2025-10-28T00:19:44.988090Z  INFO get_globs:scan_sources: tailwindcss_oxide::scanner: Discovering "C:\\Users\\sc998\\namos-chat-v1\\src\\app\\api\\users\\change-password"
2025-10-28T00:19:44.988870Z  INFO get_globs:scan_sources: tailwindcss_oxide::scanner: Discovering "C:\\Users\\sc998\\namos-chat-v1\\src\\app\\api\\users\\points"
2025-10-28T00:19:44.989620Z  INFO get_globs:scan_sources: tailwindcss_oxide::scanner: Discovering "C:\\Users\\sc998\\namos-chat-v1\\src\\app\\api\\users\\profile"
2025-10-28T00:19:44.990506Z  INFO get_globs:scan_sources: tailwindcss_oxide::scanner: Discovering "C:\\Users\\sc998\\namos-chat-v1\\src\\app\\api\\users\\safety-filter"
2025-10-28T00:19:44.991293Z  INFO get_globs:scan_sources: tailwindcss_oxide::scanner: Discovering "C:\\Users\\sc998\\namos-chat-v1\\src\\app\\change-password"
2025-10-28T00:19:44.992089Z  INFO get_globs:scan_sources: tailwindcss_oxide::scanner: Discovering "C:\\Users\\sc998\\namos-chat-v1\\src\\app\\character-management"
2025-10-28T00:19:44.992845Z  INFO get_globs:scan_sources: tailwindcss_oxide::scanner: Discovering "C:\\Users\\sc998\\namos-chat-v1\\src\\app\\characters"
2025-10-28T00:19:44.993483Z  INFO get_globs:scan_sources: tailwindcss_oxide::scanner: Discovering "C:\\Users\\sc998\\namos-chat-v1\\src\\app\\characters\\create"
2025-10-28T00:19:44.994220Z  INFO get_globs:scan_sources: tailwindcss_oxide::scanner: Discovering "C:\\Users\\sc998\\namos-chat-v1\\src\\app\\characters\\edit"
2025-10-28T00:19:44.994914Z  INFO get_globs:scan_sources: tailwindcss_oxide::scanner: Discovering "C:\\Users\\sc998\\namos-chat-v1\\src\\app\\characters\\edit\\[id]"
2025-10-28T00:19:44.995748Z  INFO get_globs:scan_sources: tailwindcss_oxide::scanner: Discovering "C:\\Users\\sc998\\namos-chat-v1\\src\\app\\characters\\[characterId]"
2025-10-28T00:19:44.996797Z  INFO get_globs:scan_sources: tailwindcss_oxide::scanner: Discovering "C:\\Users\\sc998\\namos-chat-v1\\src\\app\\charlist"
2025-10-28T00:19:44.997637Z  INFO get_globs:scan_sources: tailwindcss_oxide::scanner: Discovering "C:\\Users\\sc998\\namos-chat-v1\\src\\app\\chat"
2025-10-28T00:19:44.998310Z  INFO get_globs:scan_sources: tailwindcss_oxide::scanner: Discovering "C:\\Users\\sc998\\namos-chat-v1\\src\\app\\chat\\[characterId]"
2025-10-28T00:19:44.999144Z  INFO get_globs:scan_sources: tailwindcss_oxide::scanner: Discovering "C:\\Users\\sc998\\namos-chat-v1\\src\\app\\chatlist"
2025-10-28T00:19:45.000184Z  INFO get_globs:scan_sources: tailwindcss_oxide::scanner: Discovering "C:\\Users\\sc998\\namos-chat-v1\\src\\app\\guide"
2025-10-28T00:19:45.001134Z  INFO get_globs:scan_sources: tailwindcss_oxide::scanner: Discovering "C:\\Users\\sc998\\namos-chat-v1\\src\\app\\login"
2025-10-28T00:19:45.001965Z  INFO get_globs:scan_sources: tailwindcss_oxide::scanner: Discovering "C:\\Users\\sc998\\namos-chat-v1\\src\\app\\MyPage"
2025-10-28T00:19:45.002865Z  INFO get_globs:scan_sources: tailwindcss_oxide::scanner: Discovering "C:\\Users\\sc998\\namos-chat-v1\\src\\app\\notice"
2025-10-28T00:19:45.003675Z  INFO get_globs:scan_sources: tailwindcss_oxide::scanner: Discovering "C:\\Users\\sc998\\namos-chat-v1\\src\\app\\notice\\admin"
2025-10-28T00:19:45.004450Z  INFO get_globs:scan_sources: tailwindcss_oxide::scanner: Discovering "C:\\Users\\sc998\\namos-chat-v1\\src\\app\\notice\\admin\\[noticeId]"
2025-10-28T00:19:45.005403Z  INFO get_globs:scan_sources: tailwindcss_oxide::scanner: Discovering "C:\\Users\\sc998\\namos-chat-v1\\src\\app\\notice\\[noticeId]"
2025-10-28T00:19:45.006262Z  INFO get_globs:scan_sources: tailwindcss_oxide::scanner: Discovering "C:\\Users\\sc998\\namos-chat-v1\\src\\app\\persona"
2025-10-28T00:19:45.006897Z  INFO get_globs:scan_sources: tailwindcss_oxide::scanner: Discovering "C:\\Users\\sc998\\namos-chat-v1\\src\\app\\persona\\form"
2025-10-28T00:19:45.007567Z  INFO get_globs:scan_sources: tailwindcss_oxide::scanner: Discovering "C:\\Users\\sc998\\namos-chat-v1\\src\\app\\persona\\form\\[[...personaId]]"
2025-10-28T00:19:45.008381Z  INFO get_globs:scan_sources: tailwindcss_oxide::scanner: Discovering "C:\\Users\\sc998\\namos-chat-v1\\src\\app\\persona\\list"
2025-10-28T00:19:45.009170Z  INFO get_globs:scan_sources: tailwindcss_oxide::scanner: Discovering "C:\\Users\\sc998\\namos-chat-v1\\src\\app\\points"
2025-10-28T00:19:45.009962Z  INFO get_globs:scan_sources: tailwindcss_oxide::scanner: Discovering "C:\\Users\\sc998\\namos-chat-v1\\src\\app\\profile"
2025-10-28T00:19:45.010662Z  INFO get_globs:scan_sources: tailwindcss_oxide::scanner: Discovering "C:\\Users\\sc998\\namos-chat-v1\\src\\app\\profile\\[userId]"
2025-10-28T00:19:45.011591Z  INFO get_globs:scan_sources: tailwindcss_oxide::scanner: Discovering "C:\\Users\\sc998\\namos-chat-v1\\src\\app\\profile-edit"
2025-10-28T00:19:45.012365Z  INFO get_globs:scan_sources: tailwindcss_oxide::scanner: Discovering "C:\\Users\\sc998\\namos-chat-v1\\src\\app\\ranking"
2025-10-28T00:19:45.013300Z  INFO get_globs:scan_sources: tailwindcss_oxide::scanner: Discovering "C:\\Users\\sc998\\namos-chat-v1\\src\\app\\register"
2025-10-28T00:19:45.014246Z  INFO get_globs:scan_sources: tailwindcss_oxide::scanner: Discovering "C:\\Users\\sc998\\namos-chat-v1\\src\\app\\search"
2025-10-28T00:19:45.015062Z  INFO get_globs:scan_sources: tailwindcss_oxide::scanner: Discovering "C:\\Users\\sc998\\namos-chat-v1\\src\\app\\user"
2025-10-28T00:19:45.015702Z  INFO get_globs:scan_sources: tailwindcss_oxide::scanner: Discovering "C:\\Users\\sc998\\namos-chat-v1\\src\\app\\user\\profile"
2025-10-28T00:19:45.016482Z  INFO get_globs:scan_sources: tailwindcss_oxide::scanner: Discovering "C:\\Users\\sc998\\namos-chat-v1\\src\\components"
2025-10-28T00:19:45.017631Z  INFO get_globs:scan_sources: tailwindcss_oxide::scanner: Discovering "C:\\Users\\sc998\\namos-chat-v1\\src\\components\\chat"
2025-10-28T00:19:45.019439Z  INFO get_globs:scan_sources: tailwindcss_oxide::scanner: Discovering "C:\\Users\\sc998\\namos-chat-v1\\src\\components\\ui"
2025-10-28T00:19:45.020658Z  INFO get_globs:scan_sources: tailwindcss_oxide::scanner: Discovering "C:\\Users\\sc998\\namos-chat-v1\\src\\generated"
2025-10-28T00:19:45.022504Z  INFO get_globs:scan_sources: tailwindcss_oxide::scanner: Discovering "C:\\Users\\sc998\\namos-chat-v1\\src\\lib"
2025-10-28T00:19:45.023250Z  INFO get_globs:scan_sources: tailwindcss_oxide::scanner: Discovering "C:\\Users\\sc998\\namos-chat-v1\\src\\lib\\db"
2025-10-28T00:19:45.025421Z  INFO get_globs:scan_sources: tailwindcss_oxide::scanner: Discovering "C:\\Users\\sc998\\namos-chat-v1\\src\\types"
2025-10-28T00:19:45.026162Z  INFO get_globs:scan_sources: tailwindcss_oxide::scanner: Discovering "C:\\Users\\sc998\\namos-chat-v1\\src\\utils"
2025-10-28T00:19:45.027104Z  INFO get_globs:scan_sources: tailwindcss_oxide::scanner: exit
2025-10-28T00:19:45.088389Z  INFO get_globs: tailwindcss_oxide::scanner: exit
