2025-09-08T06:00:17.397063Z  INFO tailwindcss_oxide::scanner: Provided sources:
2025-09-08T06:00:17.397144Z  INFO tailwindcss_oxide::scanner: Source: PublicSourceEntry { base: "C:\\Users\\sc998\\namos-chat-v1", pattern: "**/*", negated: false }
2025-09-08T06:00:17.397388Z  INFO tailwindcss_oxide::scanner: Optimized sources:
2025-09-08T06:00:17.397405Z  INFO tailwindcss_oxide::scanner: Source: Auto { base: "C:\\Users\\sc998\\namos-chat-v1" }
2025-09-08T06:00:17.400986Z  INFO scan_sources: tailwindcss_oxide::scanner: enter
2025-09-08T06:00:17.404583Z  INFO scan_sources: tailwindcss_oxide::scanner: Discovering "C:\\Users\\sc998\\namos-chat-v1\\components.json"
2025-09-08T06:00:17.405234Z  INFO scan_sources: tailwindcss_oxide::scanner: Discovering "C:\\Users\\sc998\\namos-chat-v1\\eslint.config.mjs"
2025-09-08T06:00:17.405430Z  INFO scan_sources: tailwindcss_oxide::scanner: Discovering "C:\\Users\\sc998\\namos-chat-v1\\netlify.toml"
2025-09-08T06:00:17.405610Z  INFO scan_sources: tailwindcss_oxide::scanner: Discovering "C:\\Users\\sc998\\namos-chat-v1\\next-auth.d.ts"
2025-09-08T06:00:17.405960Z  INFO scan_sources: tailwindcss_oxide::scanner: Discovering "C:\\Users\\sc998\\namos-chat-v1\\next.config.ts"
2025-09-08T06:00:17.407031Z  INFO scan_sources: tailwindcss_oxide::scanner: Discovering "C:\\Users\\sc998\\namos-chat-v1\\package.json"
2025-09-08T06:00:17.407210Z  INFO scan_sources: tailwindcss_oxide::scanner: Discovering "C:\\Users\\sc998\\namos-chat-v1\\postcss.config.mjs"
2025-09-08T06:00:17.407517Z  INFO scan_sources: tailwindcss_oxide::scanner: Discovering "C:\\Users\\sc998\\namos-chat-v1\\prisma"
2025-09-08T06:00:17.408034Z  INFO scan_sources: tailwindcss_oxide::scanner: Discovering "C:\\Users\\sc998\\namos-chat-v1\\prisma\\schema.prisma"
2025-09-08T06:00:17.408372Z  INFO scan_sources: tailwindcss_oxide::scanner: Discovering "C:\\Users\\sc998\\namos-chat-v1\\public"
2025-09-08T06:00:17.408876Z  INFO scan_sources: tailwindcss_oxide::scanner: Discovering "C:\\Users\\sc998\\namos-chat-v1\\public\\file.svg"
2025-09-08T06:00:17.409051Z  INFO scan_sources: tailwindcss_oxide::scanner: Discovering "C:\\Users\\sc998\\namos-chat-v1\\public\\globe.svg"
2025-09-08T06:00:17.409221Z  INFO scan_sources: tailwindcss_oxide::scanner: Discovering "C:\\Users\\sc998\\namos-chat-v1\\public\\next.svg"
2025-09-08T06:00:17.409524Z  INFO scan_sources: tailwindcss_oxide::scanner: Discovering "C:\\Users\\sc998\\namos-chat-v1\\public\\uploads"
2025-09-08T06:00:17.410432Z  INFO scan_sources: tailwindcss_oxide::scanner: Discovering "C:\\Users\\sc998\\namos-chat-v1\\public\\uploads\\avatars"
2025-09-08T06:00:17.410965Z  INFO scan_sources: tailwindcss_oxide::scanner: Discovering "C:\\Users\\sc998\\namos-chat-v1\\public\\vercel.svg"
2025-09-08T06:00:17.411139Z  INFO scan_sources: tailwindcss_oxide::scanner: Discovering "C:\\Users\\sc998\\namos-chat-v1\\public\\window.svg"
2025-09-08T06:00:17.411344Z  INFO scan_sources: tailwindcss_oxide::scanner: Discovering "C:\\Users\\sc998\\namos-chat-v1\\README.md"
2025-09-08T06:00:17.411524Z  INFO scan_sources: tailwindcss_oxide::scanner: Discovering "C:\\Users\\sc998\\namos-chat-v1\\sa.json.b64"
2025-09-08T06:00:17.411903Z  INFO scan_sources: tailwindcss_oxide::scanner: Discovering "C:\\Users\\sc998\\namos-chat-v1\\scripts"
2025-09-08T06:00:17.412402Z  INFO scan_sources: tailwindcss_oxide::scanner: Discovering "C:\\Users\\sc998\\namos-chat-v1\\scripts\\gsm-fetch.mjs"
2025-09-08T06:00:17.413220Z  INFO scan_sources: tailwindcss_oxide::scanner: Discovering "C:\\Users\\sc998\\namos-chat-v1\\src"
2025-09-08T06:00:17.413804Z  INFO scan_sources: tailwindcss_oxide::scanner: Discovering "C:\\Users\\sc998\\namos-chat-v1\\src\\app"
2025-09-08T06:00:17.414394Z  INFO scan_sources: tailwindcss_oxide::scanner: Discovering "C:\\Users\\sc998\\namos-chat-v1\\src\\app\\admin"
2025-09-08T06:00:17.415021Z  INFO scan_sources: tailwindcss_oxide::scanner: Discovering "C:\\Users\\sc998\\namos-chat-v1\\src\\app\\admin\\characters"
2025-09-08T06:00:17.415526Z  INFO scan_sources: tailwindcss_oxide::scanner: Discovering "C:\\Users\\sc998\\namos-chat-v1\\src\\app\\admin\\characters\\page.tsx"
2025-09-08T06:00:17.415888Z  INFO scan_sources: tailwindcss_oxide::scanner: Discovering "C:\\Users\\sc998\\namos-chat-v1\\src\\app\\admin\\guides"
2025-09-08T06:00:17.416347Z  INFO scan_sources: tailwindcss_oxide::scanner: Discovering "C:\\Users\\sc998\\namos-chat-v1\\src\\app\\admin\\guides\\page.tsx"
2025-09-08T06:00:17.416554Z  INFO scan_sources: tailwindcss_oxide::scanner: Discovering "C:\\Users\\sc998\\namos-chat-v1\\src\\app\\admin\\page.tsx"
2025-09-08T06:00:17.416850Z  INFO scan_sources: tailwindcss_oxide::scanner: Discovering "C:\\Users\\sc998\\namos-chat-v1\\src\\app\\admin\\users"
2025-09-08T06:00:17.417330Z  INFO scan_sources: tailwindcss_oxide::scanner: Discovering "C:\\Users\\sc998\\namos-chat-v1\\src\\app\\admin\\users\\page.tsx"
2025-09-08T06:00:17.417722Z  INFO scan_sources: tailwindcss_oxide::scanner: Discovering "C:\\Users\\sc998\\namos-chat-v1\\src\\app\\api"
2025-09-08T06:00:17.418310Z  INFO scan_sources: tailwindcss_oxide::scanner: Discovering "C:\\Users\\sc998\\namos-chat-v1\\src\\app\\api\\admin"
2025-09-08T06:00:17.418905Z  INFO scan_sources: tailwindcss_oxide::scanner: Discovering "C:\\Users\\sc998\\namos-chat-v1\\src\\app\\api\\admin\\characters"
2025-09-08T06:00:17.419364Z  INFO scan_sources: tailwindcss_oxide::scanner: Discovering "C:\\Users\\sc998\\namos-chat-v1\\src\\app\\api\\admin\\characters\\route.ts"
2025-09-08T06:00:17.419736Z  INFO scan_sources: tailwindcss_oxide::scanner: Discovering "C:\\Users\\sc998\\namos-chat-v1\\src\\app\\api\\admin\\guides"
2025-09-08T06:00:17.420194Z  INFO scan_sources: tailwindcss_oxide::scanner: Discovering "C:\\Users\\sc998\\namos-chat-v1\\src\\app\\api\\admin\\guides\\route.ts"
2025-09-08T06:00:17.420542Z  INFO scan_sources: tailwindcss_oxide::scanner: Discovering "C:\\Users\\sc998\\namos-chat-v1\\src\\app\\api\\admin\\users"
2025-09-08T06:00:17.421295Z  INFO scan_sources: tailwindcss_oxide::scanner: Discovering "C:\\Users\\sc998\\namos-chat-v1\\src\\app\\api\\admin\\users\\route.ts"
2025-09-08T06:00:17.421904Z  INFO scan_sources: tailwindcss_oxide::scanner: Discovering "C:\\Users\\sc998\\namos-chat-v1\\src\\app\\api\\auth"
2025-09-08T06:00:17.422769Z  INFO scan_sources: tailwindcss_oxide::scanner: Discovering "C:\\Users\\sc998\\namos-chat-v1\\src\\app\\api\\auth\\[...nextauth]"
2025-09-08T06:00:17.423257Z  INFO scan_sources: tailwindcss_oxide::scanner: Discovering "C:\\Users\\sc998\\namos-chat-v1\\src\\app\\api\\auth\\[...nextauth]\\route.ts"
2025-09-08T06:00:17.423789Z  INFO scan_sources: tailwindcss_oxide::scanner: Discovering "C:\\Users\\sc998\\namos-chat-v1\\src\\app\\api\\characters"
2025-09-08T06:00:17.424518Z  INFO scan_sources: tailwindcss_oxide::scanner: Discovering "C:\\Users\\sc998\\namos-chat-v1\\src\\app\\api\\characters\\route.ts"
2025-09-08T06:00:17.424898Z  INFO scan_sources: tailwindcss_oxide::scanner: Discovering "C:\\Users\\sc998\\namos-chat-v1\\src\\app\\api\\characters\\[id]"
2025-09-08T06:00:17.425785Z  INFO scan_sources: tailwindcss_oxide::scanner: Discovering "C:\\Users\\sc998\\namos-chat-v1\\src\\app\\api\\characters\\[id]\\comments"
2025-09-08T06:00:17.426310Z  INFO scan_sources: tailwindcss_oxide::scanner: Discovering "C:\\Users\\sc998\\namos-chat-v1\\src\\app\\api\\characters\\[id]\\comments\\route.ts"
2025-09-08T06:00:17.426733Z  INFO scan_sources: tailwindcss_oxide::scanner: Discovering "C:\\Users\\sc998\\namos-chat-v1\\src\\app\\api\\characters\\[id]\\comments\\[commentId]"
2025-09-08T06:00:17.427621Z  INFO scan_sources: tailwindcss_oxide::scanner: Discovering "C:\\Users\\sc998\\namos-chat-v1\\src\\app\\api\\characters\\[id]\\comments\\[commentId]\\route.ts"
2025-09-08T06:00:17.428184Z  INFO scan_sources: tailwindcss_oxide::scanner: Discovering "C:\\Users\\sc998\\namos-chat-v1\\src\\app\\api\\characters\\[id]\\import"
2025-09-08T06:00:17.428711Z  INFO scan_sources: tailwindcss_oxide::scanner: Discovering "C:\\Users\\sc998\\namos-chat-v1\\src\\app\\api\\characters\\[id]\\import\\route.ts"
2025-09-08T06:00:17.429052Z  INFO scan_sources: tailwindcss_oxide::scanner: Discovering "C:\\Users\\sc998\\namos-chat-v1\\src\\app\\api\\characters\\[id]\\like"
2025-09-08T06:00:17.429567Z  INFO scan_sources: tailwindcss_oxide::scanner: Discovering "C:\\Users\\sc998\\namos-chat-v1\\src\\app\\api\\characters\\[id]\\like\\route.ts"
2025-09-08T06:00:17.429776Z  INFO scan_sources: tailwindcss_oxide::scanner: Discovering "C:\\Users\\sc998\\namos-chat-v1\\src\\app\\api\\characters\\[id]\\route.ts"
2025-09-08T06:00:17.430188Z  INFO scan_sources: tailwindcss_oxide::scanner: Discovering "C:\\Users\\sc998\\namos-chat-v1\\src\\app\\api\\charlist"
2025-09-08T06:00:17.430743Z  INFO scan_sources: tailwindcss_oxide::scanner: Discovering "C:\\Users\\sc998\\namos-chat-v1\\src\\app\\api\\charlist\\route.ts"
2025-09-08T06:00:17.431128Z  INFO scan_sources: tailwindcss_oxide::scanner: Discovering "C:\\Users\\sc998\\namos-chat-v1\\src\\app\\api\\chat"
2025-09-08T06:00:17.431775Z  INFO scan_sources: tailwindcss_oxide::scanner: Discovering "C:\\Users\\sc998\\namos-chat-v1\\src\\app\\api\\chat\\messages"
2025-09-08T06:00:17.432325Z  INFO scan_sources: tailwindcss_oxide::scanner: Discovering "C:\\Users\\sc998\\namos-chat-v1\\src\\app\\api\\chat\\messages\\route.ts"
2025-09-08T06:00:17.432747Z  INFO scan_sources: tailwindcss_oxide::scanner: Discovering "C:\\Users\\sc998\\namos-chat-v1\\src\\app\\api\\chat\\[chatId]"
2025-09-08T06:00:17.434049Z  INFO scan_sources: tailwindcss_oxide::scanner: Discovering "C:\\Users\\sc998\\namos-chat-v1\\src\\app\\api\\chat\\[chatId]\\note"
2025-09-08T06:00:17.435034Z  INFO scan_sources: tailwindcss_oxide::scanner: Discovering "C:\\Users\\sc998\\namos-chat-v1\\src\\app\\api\\chat\\[chatId]\\note\\route.ts"
2025-09-08T06:00:17.435273Z  INFO scan_sources: tailwindcss_oxide::scanner: Discovering "C:\\Users\\sc998\\namos-chat-v1\\src\\app\\api\\chat\\[chatId]\\route.ts"
2025-09-08T06:00:17.435775Z  INFO scan_sources: tailwindcss_oxide::scanner: Discovering "C:\\Users\\sc998\\namos-chat-v1\\src\\app\\api\\chatlist"
2025-09-08T06:00:17.436255Z  INFO scan_sources: tailwindcss_oxide::scanner: Discovering "C:\\Users\\sc998\\namos-chat-v1\\src\\app\\api\\chatlist\\route.ts"
2025-09-08T06:00:17.436701Z  INFO scan_sources: tailwindcss_oxide::scanner: Discovering "C:\\Users\\sc998\\namos-chat-v1\\src\\app\\api\\chats"
2025-09-08T06:00:17.437464Z  INFO scan_sources: tailwindcss_oxide::scanner: Discovering "C:\\Users\\sc998\\namos-chat-v1\\src\\app\\api\\chats\\find-or-create"
2025-09-08T06:00:17.438072Z  INFO scan_sources: tailwindcss_oxide::scanner: Discovering "C:\\Users\\sc998\\namos-chat-v1\\src\\app\\api\\chats\\find-or-create\\route.ts"
2025-09-08T06:00:17.438322Z  INFO scan_sources: tailwindcss_oxide::scanner: Discovering "C:\\Users\\sc998\\namos-chat-v1\\src\\app\\api\\chats\\route.ts"
2025-09-08T06:00:17.438688Z  INFO scan_sources: tailwindcss_oxide::scanner: Discovering "C:\\Users\\sc998\\namos-chat-v1\\src\\app\\api\\dbtest"
2025-09-08T06:00:17.439227Z  INFO scan_sources: tailwindcss_oxide::scanner: Discovering "C:\\Users\\sc998\\namos-chat-v1\\src\\app\\api\\dbtest\\route.ts"
2025-09-08T06:00:17.439615Z  INFO scan_sources: tailwindcss_oxide::scanner: Discovering "C:\\Users\\sc998\\namos-chat-v1\\src\\app\\api\\guides"
2025-09-08T06:00:17.440128Z  INFO scan_sources: tailwindcss_oxide::scanner: Discovering "C:\\Users\\sc998\\namos-chat-v1\\src\\app\\api\\guides\\route.ts"
2025-09-08T06:00:17.440813Z  INFO scan_sources: tailwindcss_oxide::scanner: Discovering "C:\\Users\\sc998\\namos-chat-v1\\src\\app\\api\\hello"
2025-09-08T06:00:17.441456Z  INFO scan_sources: tailwindcss_oxide::scanner: Discovering "C:\\Users\\sc998\\namos-chat-v1\\src\\app\\api\\hello\\route.ts"
2025-09-08T06:00:17.441941Z  INFO scan_sources: tailwindcss_oxide::scanner: Discovering "C:\\Users\\sc998\\namos-chat-v1\\src\\app\\api\\main-page"
2025-09-08T06:00:17.442421Z  INFO scan_sources: tailwindcss_oxide::scanner: Discovering "C:\\Users\\sc998\\namos-chat-v1\\src\\app\\api\\main-page\\route.ts"
2025-09-08T06:00:17.442808Z  INFO scan_sources: tailwindcss_oxide::scanner: Discovering "C:\\Users\\sc998\\namos-chat-v1\\src\\app\\api\\notice"
2025-09-08T06:00:17.443593Z  INFO scan_sources: tailwindcss_oxide::scanner: Discovering "C:\\Users\\sc998\\namos-chat-v1\\src\\app\\api\\notice\\route.ts"
2025-09-08T06:00:17.443906Z  INFO scan_sources: tailwindcss_oxide::scanner: Discovering "C:\\Users\\sc998\\namos-chat-v1\\src\\app\\api\\notice\\[noticeId]"
2025-09-08T06:00:17.444380Z  INFO scan_sources: tailwindcss_oxide::scanner: Discovering "C:\\Users\\sc998\\namos-chat-v1\\src\\app\\api\\notice\\[noticeId]\\route.ts"
2025-09-08T06:00:17.444782Z  INFO scan_sources: tailwindcss_oxide::scanner: Discovering "C:\\Users\\sc998\\namos-chat-v1\\src\\app\\api\\persona"
2025-09-08T06:00:17.445419Z  INFO scan_sources: tailwindcss_oxide::scanner: Discovering "C:\\Users\\sc998\\namos-chat-v1\\src\\app\\api\\persona\\route.ts"
2025-09-08T06:00:17.445726Z  INFO scan_sources: tailwindcss_oxide::scanner: Discovering "C:\\Users\\sc998\\namos-chat-v1\\src\\app\\api\\persona\\[personaId]"
2025-09-08T06:00:17.446203Z  INFO scan_sources: tailwindcss_oxide::scanner: Discovering "C:\\Users\\sc998\\namos-chat-v1\\src\\app\\api\\persona\\[personaId]\\route.ts"
2025-09-08T06:00:17.446608Z  INFO scan_sources: tailwindcss_oxide::scanner: Discovering "C:\\Users\\sc998\\namos-chat-v1\\src\\app\\api\\points"
2025-09-08T06:00:17.447169Z  INFO scan_sources: tailwindcss_oxide::scanner: Discovering "C:\\Users\\sc998\\namos-chat-v1\\src\\app\\api\\points\\route.ts"
2025-09-08T06:00:17.447521Z  INFO scan_sources: tailwindcss_oxide::scanner: Discovering "C:\\Users\\sc998\\namos-chat-v1\\src\\app\\api\\profile"
2025-09-08T06:00:17.448132Z  INFO scan_sources: tailwindcss_oxide::scanner: Discovering "C:\\Users\\sc998\\namos-chat-v1\\src\\app\\api\\profile\\[userId]"
2025-09-08T06:00:17.448614Z  INFO scan_sources: tailwindcss_oxide::scanner: Discovering "C:\\Users\\sc998\\namos-chat-v1\\src\\app\\api\\profile\\[userId]\\route.ts"
2025-09-08T06:00:17.448983Z  INFO scan_sources: tailwindcss_oxide::scanner: Discovering "C:\\Users\\sc998\\namos-chat-v1\\src\\app\\api\\ranking"
2025-09-08T06:00:17.449472Z  INFO scan_sources: tailwindcss_oxide::scanner: Discovering "C:\\Users\\sc998\\namos-chat-v1\\src\\app\\api\\ranking\\route.ts"
2025-09-08T06:00:17.449819Z  INFO scan_sources: tailwindcss_oxide::scanner: Discovering "C:\\Users\\sc998\\namos-chat-v1\\src\\app\\api\\register"
2025-09-08T06:00:17.450349Z  INFO scan_sources: tailwindcss_oxide::scanner: Discovering "C:\\Users\\sc998\\namos-chat-v1\\src\\app\\api\\register\\route.ts"
2025-09-08T06:00:17.450682Z  INFO scan_sources: tailwindcss_oxide::scanner: Discovering "C:\\Users\\sc998\\namos-chat-v1\\src\\app\\api\\search"
2025-09-08T06:00:17.451139Z  INFO scan_sources: tailwindcss_oxide::scanner: Discovering "C:\\Users\\sc998\\namos-chat-v1\\src\\app\\api\\search\\route.ts"
2025-09-08T06:00:17.451469Z  INFO scan_sources: tailwindcss_oxide::scanner: Discovering "C:\\Users\\sc998\\namos-chat-v1\\src\\app\\api\\users"
2025-09-08T06:00:17.452055Z  INFO scan_sources: tailwindcss_oxide::scanner: Discovering "C:\\Users\\sc998\\namos-chat-v1\\src\\app\\api\\users\\change-password"
2025-09-08T06:00:17.452569Z  INFO scan_sources: tailwindcss_oxide::scanner: Discovering "C:\\Users\\sc998\\namos-chat-v1\\src\\app\\api\\users\\change-password\\route.ts"
2025-09-08T06:00:17.452898Z  INFO scan_sources: tailwindcss_oxide::scanner: Discovering "C:\\Users\\sc998\\namos-chat-v1\\src\\app\\api\\users\\points"
2025-09-08T06:00:17.453460Z  INFO scan_sources: tailwindcss_oxide::scanner: Discovering "C:\\Users\\sc998\\namos-chat-v1\\src\\app\\api\\users\\points\\route.ts"
2025-09-08T06:00:17.453794Z  INFO scan_sources: tailwindcss_oxide::scanner: Discovering "C:\\Users\\sc998\\namos-chat-v1\\src\\app\\api\\users\\profile"
2025-09-08T06:00:17.454321Z  INFO scan_sources: tailwindcss_oxide::scanner: Discovering "C:\\Users\\sc998\\namos-chat-v1\\src\\app\\api\\users\\profile\\route.ts"
2025-09-08T06:00:17.454667Z  INFO scan_sources: tailwindcss_oxide::scanner: Discovering "C:\\Users\\sc998\\namos-chat-v1\\src\\app\\api\\users\\safety-filter"
2025-09-08T06:00:17.455125Z  INFO scan_sources: tailwindcss_oxide::scanner: Discovering "C:\\Users\\sc998\\namos-chat-v1\\src\\app\\api\\users\\safety-filter\\route.ts"
2025-09-08T06:00:17.455519Z  INFO scan_sources: tailwindcss_oxide::scanner: Discovering "C:\\Users\\sc998\\namos-chat-v1\\src\\app\\character-management"
2025-09-08T06:00:17.455981Z  INFO scan_sources: tailwindcss_oxide::scanner: Discovering "C:\\Users\\sc998\\namos-chat-v1\\src\\app\\character-management\\page.tsx"
2025-09-08T06:00:17.456316Z  INFO scan_sources: tailwindcss_oxide::scanner: Discovering "C:\\Users\\sc998\\namos-chat-v1\\src\\app\\characters"
2025-09-08T06:00:17.456909Z  INFO scan_sources: tailwindcss_oxide::scanner: Discovering "C:\\Users\\sc998\\namos-chat-v1\\src\\app\\characters\\create"
2025-09-08T06:00:17.457692Z  INFO scan_sources: tailwindcss_oxide::scanner: Discovering "C:\\Users\\sc998\\namos-chat-v1\\src\\app\\characters\\create\\page.tsx"
2025-09-08T06:00:17.458023Z  INFO scan_sources: tailwindcss_oxide::scanner: Discovering "C:\\Users\\sc998\\namos-chat-v1\\src\\app\\characters\\edit"
2025-09-08T06:00:17.458629Z  INFO scan_sources: tailwindcss_oxide::scanner: Discovering "C:\\Users\\sc998\\namos-chat-v1\\src\\app\\characters\\edit\\[id]"
2025-09-08T06:00:17.459096Z  INFO scan_sources: tailwindcss_oxide::scanner: Discovering "C:\\Users\\sc998\\namos-chat-v1\\src\\app\\characters\\edit\\[id]\\page.tsx"
2025-09-08T06:00:17.459500Z  INFO scan_sources: tailwindcss_oxide::scanner: Discovering "C:\\Users\\sc998\\namos-chat-v1\\src\\app\\characters\\[characterId]"
2025-09-08T06:00:17.460009Z  INFO scan_sources: tailwindcss_oxide::scanner: Discovering "C:\\Users\\sc998\\namos-chat-v1\\src\\app\\characters\\[characterId]\\page.tsx"
2025-09-08T06:00:17.460382Z  INFO scan_sources: tailwindcss_oxide::scanner: Discovering "C:\\Users\\sc998\\namos-chat-v1\\src\\app\\charlist"
2025-09-08T06:00:17.460838Z  INFO scan_sources: tailwindcss_oxide::scanner: Discovering "C:\\Users\\sc998\\namos-chat-v1\\src\\app\\charlist\\page.tsx"
2025-09-08T06:00:17.461211Z  INFO scan_sources: tailwindcss_oxide::scanner: Discovering "C:\\Users\\sc998\\namos-chat-v1\\src\\app\\chat"
2025-09-08T06:00:17.461879Z  INFO scan_sources: tailwindcss_oxide::scanner: Discovering "C:\\Users\\sc998\\namos-chat-v1\\src\\app\\chat\\[characterId]"
2025-09-08T06:00:17.462392Z  INFO scan_sources: tailwindcss_oxide::scanner: Discovering "C:\\Users\\sc998\\namos-chat-v1\\src\\app\\chat\\[characterId]\\page.tsx"
2025-09-08T06:00:17.462818Z  INFO scan_sources: tailwindcss_oxide::scanner: Discovering "C:\\Users\\sc998\\namos-chat-v1\\src\\app\\chatlist"
2025-09-08T06:00:17.463429Z  INFO scan_sources: tailwindcss_oxide::scanner: Discovering "C:\\Users\\sc998\\namos-chat-v1\\src\\app\\chatlist\\ChatListPage.css"
2025-09-08T06:00:17.463608Z  INFO scan_sources: tailwindcss_oxide::scanner: Discovering "C:\\Users\\sc998\\namos-chat-v1\\src\\app\\chatlist\\page.tsx"
2025-09-08T06:00:17.463817Z  INFO scan_sources: tailwindcss_oxide::scanner: Discovering "C:\\Users\\sc998\\namos-chat-v1\\src\\app\\globals.css"
2025-09-08T06:00:17.464116Z  INFO scan_sources: tailwindcss_oxide::scanner: Discovering "C:\\Users\\sc998\\namos-chat-v1\\src\\app\\guide"
2025-09-08T06:00:17.464574Z  INFO scan_sources: tailwindcss_oxide::scanner: Discovering "C:\\Users\\sc998\\namos-chat-v1\\src\\app\\guide\\page.tsx"
2025-09-08T06:00:17.464778Z  INFO scan_sources: tailwindcss_oxide::scanner: Discovering "C:\\Users\\sc998\\namos-chat-v1\\src\\app\\layout.tsx"
2025-09-08T06:00:17.465116Z  INFO scan_sources: tailwindcss_oxide::scanner: Discovering "C:\\Users\\sc998\\namos-chat-v1\\src\\app\\login"
2025-09-08T06:00:17.465696Z  INFO scan_sources: tailwindcss_oxide::scanner: Discovering "C:\\Users\\sc998\\namos-chat-v1\\src\\app\\login\\page.tsx"
2025-09-08T06:00:17.466023Z  INFO scan_sources: tailwindcss_oxide::scanner: Discovering "C:\\Users\\sc998\\namos-chat-v1\\src\\app\\MyPage"
2025-09-08T06:00:17.466475Z  INFO scan_sources: tailwindcss_oxide::scanner: Discovering "C:\\Users\\sc998\\namos-chat-v1\\src\\app\\MyPage\\page.tsx"
2025-09-08T06:00:17.466817Z  INFO scan_sources: tailwindcss_oxide::scanner: Discovering "C:\\Users\\sc998\\namos-chat-v1\\src\\app\\notice"
2025-09-08T06:00:17.467403Z  INFO scan_sources: tailwindcss_oxide::scanner: Discovering "C:\\Users\\sc998\\namos-chat-v1\\src\\app\\notice\\admin"
2025-09-08T06:00:17.467874Z  INFO scan_sources: tailwindcss_oxide::scanner: Discovering "C:\\Users\\sc998\\namos-chat-v1\\src\\app\\notice\\admin\\page.tsx"
2025-09-08T06:00:17.468339Z  INFO scan_sources: tailwindcss_oxide::scanner: Discovering "C:\\Users\\sc998\\namos-chat-v1\\src\\app\\notice\\admin\\[noticeId]"
2025-09-08T06:00:17.468938Z  INFO scan_sources: tailwindcss_oxide::scanner: Discovering "C:\\Users\\sc998\\namos-chat-v1\\src\\app\\notice\\admin\\[noticeId]\\page.tsx"
2025-09-08T06:00:17.469168Z  INFO scan_sources: tailwindcss_oxide::scanner: Discovering "C:\\Users\\sc998\\namos-chat-v1\\src\\app\\notice\\page.tsx"
2025-09-08T06:00:17.469520Z  INFO scan_sources: tailwindcss_oxide::scanner: Discovering "C:\\Users\\sc998\\namos-chat-v1\\src\\app\\notice\\[noticeId]"
2025-09-08T06:00:17.469993Z  INFO scan_sources: tailwindcss_oxide::scanner: Discovering "C:\\Users\\sc998\\namos-chat-v1\\src\\app\\notice\\[noticeId]\\page.tsx"
2025-09-08T06:00:17.470223Z  INFO scan_sources: tailwindcss_oxide::scanner: Discovering "C:\\Users\\sc998\\namos-chat-v1\\src\\app\\page.tsx"
2025-09-08T06:00:17.470614Z  INFO scan_sources: tailwindcss_oxide::scanner: Discovering "C:\\Users\\sc998\\namos-chat-v1\\src\\app\\persona"
2025-09-08T06:00:17.471197Z  INFO scan_sources: tailwindcss_oxide::scanner: Discovering "C:\\Users\\sc998\\namos-chat-v1\\src\\app\\persona\\form"
2025-09-08T06:00:17.471800Z  INFO scan_sources: tailwindcss_oxide::scanner: Discovering "C:\\Users\\sc998\\namos-chat-v1\\src\\app\\persona\\form\\[[...personaId]]"
2025-09-08T06:00:17.472389Z  INFO scan_sources: tailwindcss_oxide::scanner: Discovering "C:\\Users\\sc998\\namos-chat-v1\\src\\app\\persona\\form\\[[...personaId]]\\page.tsx"
2025-09-08T06:00:17.472784Z  INFO scan_sources: tailwindcss_oxide::scanner: Discovering "C:\\Users\\sc998\\namos-chat-v1\\src\\app\\persona\\list"
2025-09-08T06:00:17.473293Z  INFO scan_sources: tailwindcss_oxide::scanner: Discovering "C:\\Users\\sc998\\namos-chat-v1\\src\\app\\persona\\list\\page.tsx"
2025-09-08T06:00:17.473651Z  INFO scan_sources: tailwindcss_oxide::scanner: Discovering "C:\\Users\\sc998\\namos-chat-v1\\src\\app\\points"
2025-09-08T06:00:17.474334Z  INFO scan_sources: tailwindcss_oxide::scanner: Discovering "C:\\Users\\sc998\\namos-chat-v1\\src\\app\\points\\page.tsx"
2025-09-08T06:00:17.474826Z  INFO scan_sources: tailwindcss_oxide::scanner: Discovering "C:\\Users\\sc998\\namos-chat-v1\\src\\app\\profile"
2025-09-08T06:00:17.475794Z  INFO scan_sources: tailwindcss_oxide::scanner: Discovering "C:\\Users\\sc998\\namos-chat-v1\\src\\app\\profile\\[userId]"
2025-09-08T06:00:17.476508Z  INFO scan_sources: tailwindcss_oxide::scanner: Discovering "C:\\Users\\sc998\\namos-chat-v1\\src\\app\\profile\\[userId]\\page.tsx"
2025-09-08T06:00:17.476939Z  INFO scan_sources: tailwindcss_oxide::scanner: Discovering "C:\\Users\\sc998\\namos-chat-v1\\src\\app\\profile-edit"
2025-09-08T06:00:17.477493Z  INFO scan_sources: tailwindcss_oxide::scanner: Discovering "C:\\Users\\sc998\\namos-chat-v1\\src\\app\\profile-edit\\page.tsx"
2025-09-08T06:00:17.477834Z  INFO scan_sources: tailwindcss_oxide::scanner: Discovering "C:\\Users\\sc998\\namos-chat-v1\\src\\app\\ranking"
2025-09-08T06:00:17.478387Z  INFO scan_sources: tailwindcss_oxide::scanner: Discovering "C:\\Users\\sc998\\namos-chat-v1\\src\\app\\ranking\\page.tsx"
2025-09-08T06:00:17.478826Z  INFO scan_sources: tailwindcss_oxide::scanner: Discovering "C:\\Users\\sc998\\namos-chat-v1\\src\\app\\register"
2025-09-08T06:00:17.479377Z  INFO scan_sources: tailwindcss_oxide::scanner: Discovering "C:\\Users\\sc998\\namos-chat-v1\\src\\app\\register\\page.tsx"
2025-09-08T06:00:17.479718Z  INFO scan_sources: tailwindcss_oxide::scanner: Discovering "C:\\Users\\sc998\\namos-chat-v1\\src\\app\\search"
2025-09-08T06:00:17.480174Z  INFO scan_sources: tailwindcss_oxide::scanner: Discovering "C:\\Users\\sc998\\namos-chat-v1\\src\\app\\search\\page.tsx"
2025-09-08T06:00:17.480506Z  INFO scan_sources: tailwindcss_oxide::scanner: Discovering "C:\\Users\\sc998\\namos-chat-v1\\src\\app\\user"
2025-09-08T06:00:17.481091Z  INFO scan_sources: tailwindcss_oxide::scanner: Discovering "C:\\Users\\sc998\\namos-chat-v1\\src\\app\\user\\profile"
2025-09-08T06:00:17.481801Z  INFO scan_sources: tailwindcss_oxide::scanner: Discovering "C:\\Users\\sc998\\namos-chat-v1\\src\\components"
2025-09-08T06:00:17.482283Z  INFO scan_sources: tailwindcss_oxide::scanner: Discovering "C:\\Users\\sc998\\namos-chat-v1\\src\\components\\AppShell.tsx"
2025-09-08T06:00:17.482457Z  INFO scan_sources: tailwindcss_oxide::scanner: Discovering "C:\\Users\\sc998\\namos-chat-v1\\src\\components\\BottomNav.tsx"
2025-09-08T06:00:17.482629Z  INFO scan_sources: tailwindcss_oxide::scanner: Discovering "C:\\Users\\sc998\\namos-chat-v1\\src\\components\\CharacterCard.tsx"
2025-09-08T06:00:17.482803Z  INFO scan_sources: tailwindcss_oxide::scanner: Discovering "C:\\Users\\sc998\\namos-chat-v1\\src\\components\\CharacterForm.tsx"
2025-09-08T06:00:17.482976Z  INFO scan_sources: tailwindcss_oxide::scanner: Discovering "C:\\Users\\sc998\\namos-chat-v1\\src\\components\\CharacterRow.tsx"
2025-09-08T06:00:17.483208Z  INFO scan_sources: tailwindcss_oxide::scanner: Discovering "C:\\Users\\sc998\\namos-chat-v1\\src\\components\\ChatMessageParser.tsx"
2025-09-08T06:00:17.483378Z  INFO scan_sources: tailwindcss_oxide::scanner: Discovering "C:\\Users\\sc998\\namos-chat-v1\\src\\components\\ChatSettings.tsx"
2025-09-08T06:00:17.483551Z  INFO scan_sources: tailwindcss_oxide::scanner: Discovering "C:\\Users\\sc998\\namos-chat-v1\\src\\components\\Comments.tsx"
2025-09-08T06:00:17.483726Z  INFO scan_sources: tailwindcss_oxide::scanner: Discovering "C:\\Users\\sc998\\namos-chat-v1\\src\\components\\NoticeDetailClient.tsx"
2025-09-08T06:00:17.483894Z  INFO scan_sources: tailwindcss_oxide::scanner: Discovering "C:\\Users\\sc998\\namos-chat-v1\\src\\components\\NoticeForm.tsx"
2025-09-08T06:00:17.484083Z  INFO scan_sources: tailwindcss_oxide::scanner: Discovering "C:\\Users\\sc998\\namos-chat-v1\\src\\components\\Providers.tsx"
2025-09-08T06:00:17.484251Z  INFO scan_sources: tailwindcss_oxide::scanner: Discovering "C:\\Users\\sc998\\namos-chat-v1\\src\\components\\SafeImage.tsx"
2025-09-08T06:00:17.484554Z  INFO scan_sources: tailwindcss_oxide::scanner: Discovering "C:\\Users\\sc998\\namos-chat-v1\\src\\components\\ui"
2025-09-08T06:00:17.485109Z  INFO scan_sources: tailwindcss_oxide::scanner: Discovering "C:\\Users\\sc998\\namos-chat-v1\\src\\components\\ui\\button.tsx"
2025-09-08T06:00:17.485325Z  INFO scan_sources: tailwindcss_oxide::scanner: Discovering "C:\\Users\\sc998\\namos-chat-v1\\src\\components\\ui\\card.tsx"
2025-09-08T06:00:17.485497Z  INFO scan_sources: tailwindcss_oxide::scanner: Discovering "C:\\Users\\sc998\\namos-chat-v1\\src\\components\\ui\\checkbox.tsx"
2025-09-08T06:00:17.485669Z  INFO scan_sources: tailwindcss_oxide::scanner: Discovering "C:\\Users\\sc998\\namos-chat-v1\\src\\components\\ui\\dialog.tsx"
2025-09-08T06:00:17.485839Z  INFO scan_sources: tailwindcss_oxide::scanner: Discovering "C:\\Users\\sc998\\namos-chat-v1\\src\\components\\ui\\input.tsx"
2025-09-08T06:00:17.486007Z  INFO scan_sources: tailwindcss_oxide::scanner: Discovering "C:\\Users\\sc998\\namos-chat-v1\\src\\components\\ui\\textarea.tsx"
2025-09-08T06:00:17.486370Z  INFO scan_sources: tailwindcss_oxide::scanner: Discovering "C:\\Users\\sc998\\namos-chat-v1\\src\\generated"
2025-09-08T06:00:17.487396Z  INFO scan_sources: tailwindcss_oxide::scanner: Discovering "C:\\Users\\sc998\\namos-chat-v1\\src\\lib"
2025-09-08T06:00:17.487864Z  INFO scan_sources: tailwindcss_oxide::scanner: Discovering "C:\\Users\\sc998\\namos-chat-v1\\src\\lib\\auth.ts"
2025-09-08T06:00:17.488201Z  INFO scan_sources: tailwindcss_oxide::scanner: Discovering "C:\\Users\\sc998\\namos-chat-v1\\src\\lib\\db"
2025-09-08T06:00:17.488699Z  INFO scan_sources: tailwindcss_oxide::scanner: Discovering "C:\\Users\\sc998\\namos-chat-v1\\src\\lib\\db\\db.ts"
2025-09-08T06:00:17.488899Z  INFO scan_sources: tailwindcss_oxide::scanner: Discovering "C:\\Users\\sc998\\namos-chat-v1\\src\\lib\\db.ts"
2025-09-08T06:00:17.489072Z  INFO scan_sources: tailwindcss_oxide::scanner: Discovering "C:\\Users\\sc998\\namos-chat-v1\\src\\lib\\nextauth.ts"
2025-09-08T06:00:17.489246Z  INFO scan_sources: tailwindcss_oxide::scanner: Discovering "C:\\Users\\sc998\\namos-chat-v1\\src\\lib\\prisma.ts"
2025-09-08T06:00:17.489856Z  INFO scan_sources: tailwindcss_oxide::scanner: Discovering "C:\\Users\\sc998\\namos-chat-v1\\src\\lib\\secrets-loader.ts"
2025-09-08T06:00:17.490032Z  INFO scan_sources: tailwindcss_oxide::scanner: Discovering "C:\\Users\\sc998\\namos-chat-v1\\src\\lib\\secrets.ts"
2025-09-08T06:00:17.490205Z  INFO scan_sources: tailwindcss_oxide::scanner: Discovering "C:\\Users\\sc998\\namos-chat-v1\\src\\lib\\utils.ts"
2025-09-08T06:00:17.490614Z  INFO scan_sources: tailwindcss_oxide::scanner: Discovering "C:\\Users\\sc998\\namos-chat-v1\\tsconfig.json"
2025-09-08T06:00:17.490792Z  INFO scan_sources: tailwindcss_oxide::scanner: exit
2025-09-08T06:00:17.490806Z  INFO extract_candidates: tailwindcss_oxide::scanner: enter
2025-09-08T06:00:17.490816Z  INFO extract_candidates:read_all_files: tailwindcss_oxide::scanner: enter
2025-09-08T06:00:17.490820Z  INFO extract_candidates:read_all_files: tailwindcss_oxide::scanner: Reading 105 file(s)
2025-09-08T06:00:17.492150Z  INFO tailwindcss_oxide::scanner: Reading "C:\\Users\\sc998\\namos-chat-v1\\src\\app\\api\\users\\profile\\route.ts"
2025-09-08T06:00:17.492160Z  INFO tailwindcss_oxide::scanner: Reading "C:\\Users\\sc998\\namos-chat-v1\\src\\app\\api\\points\\route.ts"
2025-09-08T06:00:17.492170Z  INFO tailwindcss_oxide::scanner: Reading "C:\\Users\\sc998\\namos-chat-v1\\src\\components\\ui\\card.tsx"
2025-09-08T06:00:17.492203Z  INFO tailwindcss_oxide::scanner: Reading "C:\\Users\\sc998\\namos-chat-v1\\src\\app\\api\\hello\\route.ts"
2025-09-08T06:00:17.492200Z  INFO tailwindcss_oxide::scanner: Reading "C:\\Users\\sc998\\namos-chat-v1\\src\\components\\AppShell.tsx"
2025-09-08T06:00:17.492230Z  INFO tailwindcss_oxide::scanner: Reading "C:\\Users\\sc998\\namos-chat-v1\\src\\app\\api\\characters\\[id]\\comments\\[commentId]\\route.ts"
2025-09-08T06:00:17.492244Z  INFO tailwindcss_oxide::scanner: Reading "C:\\Users\\sc998\\namos-chat-v1\\src\\lib\\db.ts"
2025-09-08T06:00:17.492270Z  INFO tailwindcss_oxide::scanner: Reading "C:\\Users\\sc998\\namos-chat-v1\\postcss.config.mjs"
2025-09-08T06:00:17.492281Z  INFO tailwindcss_oxide::scanner: Reading "C:\\Users\\sc998\\namos-chat-v1\\components.json"
2025-09-08T06:00:17.492319Z  INFO tailwindcss_oxide::scanner: Reading "C:\\Users\\sc998\\namos-chat-v1\\README.md"
2025-09-08T06:00:17.492349Z  INFO tailwindcss_oxide::scanner: Reading "C:\\Users\\sc998\\namos-chat-v1\\next-auth.d.ts"
2025-09-08T06:00:17.492368Z  INFO tailwindcss_oxide::scanner: Reading "C:\\Users\\sc998\\namos-chat-v1\\src\\app\\notice\\admin\\page.tsx"
2025-09-08T06:00:17.492432Z  INFO tailwindcss_oxide::scanner: Reading "C:\\Users\\sc998\\namos-chat-v1\\src\\app\\api\\users\\safety-filter\\route.ts"
2025-09-08T06:00:17.492471Z  INFO tailwindcss_oxide::scanner: Reading "C:\\Users\\sc998\\namos-chat-v1\\src\\app\\api\\main-page\\route.ts"
2025-09-08T06:00:17.492476Z  INFO tailwindcss_oxide::scanner: Reading "C:\\Users\\sc998\\namos-chat-v1\\eslint.config.mjs"
2025-09-08T06:00:17.492514Z  INFO tailwindcss_oxide::scanner: Reading "C:\\Users\\sc998\\namos-chat-v1\\src\\lib\\secrets-loader.ts"
2025-09-08T06:00:17.492521Z  INFO tailwindcss_oxide::scanner: Reading "C:\\Users\\sc998\\namos-chat-v1\\src\\app\\api\\characters\\[id]\\import\\route.ts"
2025-09-08T06:00:17.492537Z  INFO tailwindcss_oxide::scanner: Reading "C:\\Users\\sc998\\namos-chat-v1\\src\\app\\api\\profile\\[userId]\\route.ts"
2025-09-08T06:00:17.492541Z  INFO tailwindcss_oxide::scanner: Reading "C:\\Users\\sc998\\namos-chat-v1\\src\\components\\ui\\checkbox.tsx"
2025-09-08T06:00:17.492570Z  INFO tailwindcss_oxide::scanner: Reading "C:\\Users\\sc998\\namos-chat-v1\\src\\app\\charlist\\page.tsx"
2025-09-08T06:00:17.492576Z  INFO tailwindcss_oxide::scanner: Reading "C:\\Users\\sc998\\namos-chat-v1\\src\\app\\api\\notice\\[noticeId]\\route.ts"
2025-09-08T06:00:17.492595Z  INFO tailwindcss_oxide::scanner: Reading "C:\\Users\\sc998\\namos-chat-v1\\src\\lib\\nextauth.ts"
2025-09-08T06:00:17.492612Z  INFO tailwindcss_oxide::scanner: Reading "C:\\Users\\sc998\\namos-chat-v1\\src\\components\\BottomNav.tsx"
2025-09-08T06:00:17.492635Z  INFO tailwindcss_oxide::scanner: Reading "C:\\Users\\sc998\\namos-chat-v1\\prisma\\schema.prisma"
2025-09-08T06:00:17.492720Z  INFO tailwindcss_oxide::scanner: Reading "C:\\Users\\sc998\\namos-chat-v1\\src\\app\\api\\notice\\route.ts"
2025-09-08T06:00:17.492668Z  INFO tailwindcss_oxide::scanner: Reading "C:\\Users\\sc998\\namos-chat-v1\\public\\globe.svg"
2025-09-08T06:00:17.492703Z  INFO tailwindcss_oxide::scanner: Reading "C:\\Users\\sc998\\namos-chat-v1\\src\\app\\character-management\\page.tsx"
2025-09-08T06:00:17.492798Z  INFO tailwindcss_oxide::scanner: Reading "C:\\Users\\sc998\\namos-chat-v1\\src\\app\\api\\characters\\[id]\\like\\route.ts"
2025-09-08T06:00:17.492803Z  INFO tailwindcss_oxide::scanner: Reading "C:\\Users\\sc998\\namos-chat-v1\\src\\lib\\secrets.ts"
2025-09-08T06:00:17.492663Z  INFO tailwindcss_oxide::scanner: Reading "C:\\Users\\sc998\\namos-chat-v1\\src\\app\\notice\\admin\\[noticeId]\\page.tsx"
2025-09-08T06:00:17.492809Z  INFO tailwindcss_oxide::scanner: Reading "C:\\Users\\sc998\\namos-chat-v1\\sa.json.b64"
2025-09-08T06:00:17.492813Z  INFO tailwindcss_oxide::scanner: Reading "C:\\Users\\sc998\\namos-chat-v1\\src\\components\\ui\\dialog.tsx"
2025-09-08T06:00:17.492864Z  INFO tailwindcss_oxide::scanner: Reading "C:\\Users\\sc998\\namos-chat-v1\\next.config.ts"
2025-09-08T06:00:17.492879Z  INFO tailwindcss_oxide::scanner: Reading "C:\\Users\\sc998\\namos-chat-v1\\netlify.toml"
2025-09-08T06:00:17.492900Z  INFO tailwindcss_oxide::scanner: Reading "C:\\Users\\sc998\\namos-chat-v1\\src\\app\\chat\\[characterId]\\page.tsx"
2025-09-08T06:00:17.492930Z  INFO tailwindcss_oxide::scanner: Reading "C:\\Users\\sc998\\namos-chat-v1\\src\\components\\CharacterCard.tsx"
2025-09-08T06:00:17.492951Z  INFO tailwindcss_oxide::scanner: Reading "C:\\Users\\sc998\\namos-chat-v1\\src\\app\\api\\persona\\route.ts"
2025-09-08T06:00:17.492954Z  INFO tailwindcss_oxide::scanner: Reading "C:\\Users\\sc998\\namos-chat-v1\\src\\lib\\prisma.ts"
2025-09-08T06:00:17.493035Z  INFO tailwindcss_oxide::scanner: Reading "C:\\Users\\sc998\\namos-chat-v1\\public\\next.svg"
2025-09-08T06:00:17.492809Z  INFO tailwindcss_oxide::scanner: Reading "C:\\Users\\sc998\\namos-chat-v1\\src\\app\\api\\ranking\\route.ts"
2025-09-08T06:00:17.493060Z  INFO tailwindcss_oxide::scanner: Reading "C:\\Users\\sc998\\namos-chat-v1\\src\\app\\characters\\create\\page.tsx"
2025-09-08T06:00:17.493094Z  INFO tailwindcss_oxide::scanner: Reading "C:\\Users\\sc998\\namos-chat-v1\\src\\app\\notice\\page.tsx"
2025-09-08T06:00:17.493095Z  INFO tailwindcss_oxide::scanner: Reading "C:\\Users\\sc998\\namos-chat-v1\\src\\app\\api\\characters\\[id]\\route.ts"
2025-09-08T06:00:17.493118Z  INFO tailwindcss_oxide::scanner: Reading "C:\\Users\\sc998\\namos-chat-v1\\src\\app\\api\\register\\route.ts"
2025-09-08T06:00:17.493124Z  INFO tailwindcss_oxide::scanner: Reading "C:\\Users\\sc998\\namos-chat-v1\\scripts\\gsm-fetch.mjs"
2025-09-08T06:00:17.493134Z  INFO tailwindcss_oxide::scanner: Reading "C:\\Users\\sc998\\namos-chat-v1\\package.json"
2025-09-08T06:00:17.493157Z  INFO tailwindcss_oxide::scanner: Reading "C:\\Users\\sc998\\namos-chat-v1\\src\\lib\\utils.ts"
2025-09-08T06:00:17.493207Z  INFO tailwindcss_oxide::scanner: Reading "C:\\Users\\sc998\\namos-chat-v1\\src\\app\\chatlist\\page.tsx"
2025-09-08T06:00:17.493209Z  INFO tailwindcss_oxide::scanner: Reading "C:\\Users\\sc998\\namos-chat-v1\\src\\components\\ui\\input.tsx"
2025-09-08T06:00:17.493231Z  INFO tailwindcss_oxide::scanner: Reading "C:\\Users\\sc998\\namos-chat-v1\\src\\app\\api\\persona\\[personaId]\\route.ts"
2025-09-08T06:00:17.493227Z  INFO tailwindcss_oxide::scanner: Reading "C:\\Users\\sc998\\namos-chat-v1\\public\\file.svg"
2025-09-08T06:00:17.493289Z  INFO tailwindcss_oxide::scanner: Reading "C:\\Users\\sc998\\namos-chat-v1\\src\\components\\CharacterForm.tsx"
2025-09-08T06:00:17.493319Z  INFO tailwindcss_oxide::scanner: Reading "C:\\Users\\sc998\\namos-chat-v1\\src\\components\\ChatSettings.tsx"
2025-09-08T06:00:17.493335Z  INFO tailwindcss_oxide::scanner: Reading "C:\\Users\\sc998\\namos-chat-v1\\src\\app\\characters\\edit\\[id]\\page.tsx"
2025-09-08T06:00:17.493336Z  INFO tailwindcss_oxide::scanner: Reading "C:\\Users\\sc998\\namos-chat-v1\\public\\vercel.svg"
2025-09-08T06:00:17.493339Z  INFO tailwindcss_oxide::scanner: Reading "C:\\Users\\sc998\\namos-chat-v1\\src\\app\\notice\\[noticeId]\\page.tsx"
2025-09-08T06:00:17.493379Z  INFO tailwindcss_oxide::scanner: Reading "C:\\Users\\sc998\\namos-chat-v1\\src\\app\\api\\search\\route.ts"
2025-09-08T06:00:17.493373Z  INFO tailwindcss_oxide::scanner: Reading "C:\\Users\\sc998\\namos-chat-v1\\src\\app\\api\\charlist\\route.ts"
2025-09-08T06:00:17.493153Z  INFO tailwindcss_oxide::scanner: Reading "C:\\Users\\sc998\\namos-chat-v1\\src\\app\\guide\\page.tsx"
2025-09-08T06:00:17.493436Z  INFO tailwindcss_oxide::scanner: Reading "C:\\Users\\sc998\\namos-chat-v1\\tsconfig.json"
2025-09-08T06:00:17.493451Z  INFO tailwindcss_oxide::scanner: Reading "C:\\Users\\sc998\\namos-chat-v1\\src\\app\\characters\\[characterId]\\page.tsx"
2025-09-08T06:00:17.493429Z  INFO tailwindcss_oxide::scanner: Reading "C:\\Users\\sc998\\namos-chat-v1\\src\\components\\NoticeForm.tsx"
2025-09-08T06:00:17.493429Z  INFO tailwindcss_oxide::scanner: Reading "C:\\Users\\sc998\\namos-chat-v1\\src\\app\\admin\\characters\\page.tsx"
2025-09-08T06:00:17.493467Z  INFO tailwindcss_oxide::scanner: Reading "C:\\Users\\sc998\\namos-chat-v1\\src\\app\\admin\\users\\page.tsx"
2025-09-08T06:00:17.493475Z  INFO tailwindcss_oxide::scanner: Reading "C:\\Users\\sc998\\namos-chat-v1\\src\\components\\ui\\textarea.tsx"
2025-09-08T06:00:17.493516Z  INFO tailwindcss_oxide::scanner: Reading "C:\\Users\\sc998\\namos-chat-v1\\src\\app\\api\\chat\\messages\\route.ts"
2025-09-08T06:00:17.493491Z  INFO tailwindcss_oxide::scanner: Reading "C:\\Users\\sc998\\namos-chat-v1\\src\\app\\api\\chat\\[chatId]\\note\\route.ts"
2025-09-08T06:00:17.493598Z  INFO tailwindcss_oxide::scanner: Reading "C:\\Users\\sc998\\namos-chat-v1\\src\\components\\CharacterRow.tsx"
2025-09-08T06:00:17.493602Z  INFO tailwindcss_oxide::scanner: Reading "C:\\Users\\sc998\\namos-chat-v1\\public\\window.svg"
2025-09-08T06:00:17.493610Z  INFO tailwindcss_oxide::scanner: Reading "C:\\Users\\sc998\\namos-chat-v1\\src\\app\\admin\\guides\\page.tsx"
2025-09-08T06:00:17.493622Z  INFO tailwindcss_oxide::scanner: Reading "C:\\Users\\sc998\\namos-chat-v1\\src\\components\\Comments.tsx"
2025-09-08T06:00:17.493647Z  INFO tailwindcss_oxide::scanner: Reading "C:\\Users\\sc998\\namos-chat-v1\\src\\app\\api\\users\\change-password\\route.ts"
2025-09-08T06:00:17.493664Z  INFO tailwindcss_oxide::scanner: Reading "C:\\Users\\sc998\\namos-chat-v1\\src\\lib\\auth.ts"
2025-09-08T06:00:17.493634Z  INFO tailwindcss_oxide::scanner: Reading "C:\\Users\\sc998\\namos-chat-v1\\src\\app\\page.tsx"
2025-09-08T06:00:17.493689Z  INFO tailwindcss_oxide::scanner: Reading "C:\\Users\\sc998\\namos-chat-v1\\src\\app\\layout.tsx"
2025-09-08T06:00:17.493698Z  INFO tailwindcss_oxide::scanner: Reading "C:\\Users\\sc998\\namos-chat-v1\\src\\app\\persona\\list\\page.tsx"
2025-09-08T06:00:17.493766Z  INFO tailwindcss_oxide::scanner: Reading "C:\\Users\\sc998\\namos-chat-v1\\src\\components\\SafeImage.tsx"
2025-09-08T06:00:17.493781Z  INFO tailwindcss_oxide::scanner: Reading "C:\\Users\\sc998\\namos-chat-v1\\src\\components\\Providers.tsx"
2025-09-08T06:00:17.493767Z  INFO tailwindcss_oxide::scanner: Reading "C:\\Users\\sc998\\namos-chat-v1\\src\\components\\ui\\button.tsx"
2025-09-08T06:00:17.493784Z  INFO tailwindcss_oxide::scanner: Reading "C:\\Users\\sc998\\namos-chat-v1\\src\\app\\api\\admin\\characters\\route.ts"
2025-09-08T06:00:17.493782Z  INFO tailwindcss_oxide::scanner: Reading "C:\\Users\\sc998\\namos-chat-v1\\src\\app\\admin\\page.tsx"
2025-09-08T06:00:17.493862Z  INFO tailwindcss_oxide::scanner: Reading "C:\\Users\\sc998\\namos-chat-v1\\src\\app\\api\\chat\\[chatId]\\route.ts"
2025-09-08T06:00:17.493893Z  INFO tailwindcss_oxide::scanner: Reading "C:\\Users\\sc998\\namos-chat-v1\\src\\app\\login\\page.tsx"
2025-09-08T06:00:17.493901Z  INFO tailwindcss_oxide::scanner: Reading "C:\\Users\\sc998\\namos-chat-v1\\src\\app\\api\\admin\\guides\\route.ts"
2025-09-08T06:00:17.493911Z  INFO tailwindcss_oxide::scanner: Reading "C:\\Users\\sc998\\namos-chat-v1\\src\\components\\ChatMessageParser.tsx"
2025-09-08T06:00:17.493930Z  INFO tailwindcss_oxide::scanner: Reading "C:\\Users\\sc998\\namos-chat-v1\\src\\app\\api\\users\\points\\route.ts"
2025-09-08T06:00:17.493948Z  INFO tailwindcss_oxide::scanner: Reading "C:\\Users\\sc998\\namos-chat-v1\\src\\app\\persona\\form\\[[...personaId]]\\page.tsx"
2025-09-08T06:00:17.493984Z  INFO tailwindcss_oxide::scanner: Reading "C:\\Users\\sc998\\namos-chat-v1\\src\\app\\api\\chats\\find-or-create\\route.ts"
2025-09-08T06:00:17.493952Z  INFO tailwindcss_oxide::scanner: Reading "C:\\Users\\sc998\\namos-chat-v1\\src\\components\\NoticeDetailClient.tsx"
2025-09-08T06:00:17.493984Z  INFO tailwindcss_oxide::scanner: Reading "C:\\Users\\sc998\\namos-chat-v1\\src\\app\\api\\admin\\users\\route.ts"
2025-09-08T06:00:17.494027Z  INFO tailwindcss_oxide::scanner: Reading "C:\\Users\\sc998\\namos-chat-v1\\src\\app\\api\\characters\\route.ts"
2025-09-08T06:00:17.493951Z  INFO tailwindcss_oxide::scanner: Reading "C:\\Users\\sc998\\namos-chat-v1\\src\\lib\\db\\db.ts"
2025-09-08T06:00:17.494000Z  INFO tailwindcss_oxide::scanner: Reading "C:\\Users\\sc998\\namos-chat-v1\\src\\app\\points\\page.tsx"
2025-09-08T06:00:17.494071Z  INFO tailwindcss_oxide::scanner: Reading "C:\\Users\\sc998\\namos-chat-v1\\src\\app\\api\\characters\\[id]\\comments\\route.ts"
2025-09-08T06:00:17.494062Z  INFO tailwindcss_oxide::scanner: Reading "C:\\Users\\sc998\\namos-chat-v1\\src\\app\\api\\chatlist\\route.ts"
2025-09-08T06:00:17.494031Z  INFO tailwindcss_oxide::scanner: Reading "C:\\Users\\sc998\\namos-chat-v1\\src\\app\\api\\auth\\[...nextauth]\\route.ts"
2025-09-08T06:00:17.494085Z  INFO tailwindcss_oxide::scanner: Reading "C:\\Users\\sc998\\namos-chat-v1\\src\\app\\MyPage\\page.tsx"
2025-09-08T06:00:17.494144Z  INFO tailwindcss_oxide::scanner: Reading "C:\\Users\\sc998\\namos-chat-v1\\src\\app\\api\\dbtest\\route.ts"
2025-09-08T06:00:17.494155Z  INFO tailwindcss_oxide::scanner: Reading "C:\\Users\\sc998\\namos-chat-v1\\src\\app\\api\\chats\\route.ts"
2025-09-08T06:00:17.494187Z  INFO tailwindcss_oxide::scanner: Reading "C:\\Users\\sc998\\namos-chat-v1\\src\\app\\profile-edit\\page.tsx"
2025-09-08T06:00:17.494213Z  INFO tailwindcss_oxide::scanner: Reading "C:\\Users\\sc998\\namos-chat-v1\\src\\app\\profile\\[userId]\\page.tsx"
2025-09-08T06:00:17.494216Z  INFO tailwindcss_oxide::scanner: Reading "C:\\Users\\sc998\\namos-chat-v1\\src\\app\\api\\guides\\route.ts"
2025-09-08T06:00:17.494224Z  INFO tailwindcss_oxide::scanner: Reading "C:\\Users\\sc998\\namos-chat-v1\\src\\app\\ranking\\page.tsx"
2025-09-08T06:00:17.494226Z  INFO tailwindcss_oxide::scanner: Reading "C:\\Users\\sc998\\namos-chat-v1\\src\\app\\register\\page.tsx"
2025-09-08T06:00:17.494261Z  INFO tailwindcss_oxide::scanner: Reading "C:\\Users\\sc998\\namos-chat-v1\\src\\app\\search\\page.tsx"
2025-09-08T06:00:17.494343Z  INFO extract_candidates:read_all_files: tailwindcss_oxide::scanner: exit
2025-09-08T06:00:17.494355Z  INFO extract_candidates:parse_all_blobs: tailwindcss_oxide::scanner: enter
2025-09-08T06:00:17.494361Z  INFO extract_candidates:parse_all_blobs:extract: tailwindcss_oxide::scanner: enter
2025-09-08T06:00:17.497246Z  INFO extract_candidates:parse_all_blobs:extract: tailwindcss_oxide::scanner: exit
2025-09-08T06:00:17.497321Z  INFO extract_candidates:parse_all_blobs: tailwindcss_oxide::scanner: exit
2025-09-08T06:00:17.497332Z  INFO extract_candidates:read_all_files: tailwindcss_oxide::scanner: enter
2025-09-08T06:00:17.497339Z  INFO extract_candidates:read_all_files: tailwindcss_oxide::scanner: Reading 2 file(s)
2025-09-08T06:00:17.497605Z  INFO tailwindcss_oxide::scanner: Reading "C:\\Users\\sc998\\namos-chat-v1\\src\\app\\chatlist\\ChatListPage.css"
2025-09-08T06:00:17.497608Z  INFO tailwindcss_oxide::scanner: Reading "C:\\Users\\sc998\\namos-chat-v1\\src\\app\\globals.css"
2025-09-08T06:00:17.497686Z  INFO extract_candidates:read_all_files: tailwindcss_oxide::scanner: exit
2025-09-08T06:00:17.497707Z  INFO extract_candidates:extract_css_variables: tailwindcss_oxide::scanner: enter
2025-09-08T06:00:17.497715Z  INFO extract_candidates:extract_css_variables:extract: tailwindcss_oxide::scanner: enter
2025-09-08T06:00:17.497825Z  INFO extract_candidates:extract_css_variables:extract: tailwindcss_oxide::scanner: exit
2025-09-08T06:00:17.497848Z  INFO extract_candidates:extract_css_variables: tailwindcss_oxide::scanner: exit
2025-09-08T06:00:17.499050Z  INFO extract_candidates: tailwindcss_oxide::scanner: exit
2025-09-08T06:00:17.500215Z  INFO get_files: tailwindcss_oxide::scanner: enter
2025-09-08T06:00:17.500282Z  INFO get_files:scan_sources: tailwindcss_oxide::scanner: enter
2025-09-08T06:00:17.506025Z  INFO get_files:scan_sources: tailwindcss_oxide::scanner: Discovering "C:\\Users\\sc998\\namos-chat-v1\\prisma"
2025-09-08T06:00:17.506745Z  INFO get_files:scan_sources: tailwindcss_oxide::scanner: Discovering "C:\\Users\\sc998\\namos-chat-v1\\public"
2025-09-08T06:00:17.507807Z  INFO get_files:scan_sources: tailwindcss_oxide::scanner: Discovering "C:\\Users\\sc998\\namos-chat-v1\\public\\uploads"
2025-09-08T06:00:17.509281Z  INFO get_files:scan_sources: tailwindcss_oxide::scanner: Discovering "C:\\Users\\sc998\\namos-chat-v1\\public\\uploads\\avatars"
2025-09-08T06:00:17.510482Z  INFO get_files:scan_sources: tailwindcss_oxide::scanner: Discovering "C:\\Users\\sc998\\namos-chat-v1\\scripts"
2025-09-08T06:00:17.511871Z  INFO get_files:scan_sources: tailwindcss_oxide::scanner: Discovering "C:\\Users\\sc998\\namos-chat-v1\\src"
2025-09-08T06:00:17.513102Z  INFO get_files:scan_sources: tailwindcss_oxide::scanner: Discovering "C:\\Users\\sc998\\namos-chat-v1\\src\\app"
2025-09-08T06:00:17.513877Z  INFO get_files:scan_sources: tailwindcss_oxide::scanner: Discovering "C:\\Users\\sc998\\namos-chat-v1\\src\\app\\admin"
2025-09-08T06:00:17.514666Z  INFO get_files:scan_sources: tailwindcss_oxide::scanner: Discovering "C:\\Users\\sc998\\namos-chat-v1\\src\\app\\admin\\characters"
2025-09-08T06:00:17.515619Z  INFO get_files:scan_sources: tailwindcss_oxide::scanner: Discovering "C:\\Users\\sc998\\namos-chat-v1\\src\\app\\admin\\guides"
2025-09-08T06:00:17.516416Z  INFO get_files:scan_sources: tailwindcss_oxide::scanner: Discovering "C:\\Users\\sc998\\namos-chat-v1\\src\\app\\admin\\users"
2025-09-08T06:00:17.517211Z  INFO get_files:scan_sources: tailwindcss_oxide::scanner: Discovering "C:\\Users\\sc998\\namos-chat-v1\\src\\app\\api"
2025-09-08T06:00:17.517814Z  INFO get_files:scan_sources: tailwindcss_oxide::scanner: Discovering "C:\\Users\\sc998\\namos-chat-v1\\src\\app\\api\\admin"
2025-09-08T06:00:17.518452Z  INFO get_files:scan_sources: tailwindcss_oxide::scanner: Discovering "C:\\Users\\sc998\\namos-chat-v1\\src\\app\\api\\admin\\characters"
2025-09-08T06:00:17.519263Z  INFO get_files:scan_sources: tailwindcss_oxide::scanner: Discovering "C:\\Users\\sc998\\namos-chat-v1\\src\\app\\api\\admin\\guides"
2025-09-08T06:00:17.520013Z  INFO get_files:scan_sources: tailwindcss_oxide::scanner: Discovering "C:\\Users\\sc998\\namos-chat-v1\\src\\app\\api\\admin\\users"
2025-09-08T06:00:17.520742Z  INFO get_files:scan_sources: tailwindcss_oxide::scanner: Discovering "C:\\Users\\sc998\\namos-chat-v1\\src\\app\\api\\auth"
2025-09-08T06:00:17.521539Z  INFO get_files:scan_sources: tailwindcss_oxide::scanner: Discovering "C:\\Users\\sc998\\namos-chat-v1\\src\\app\\api\\auth\\[...nextauth]"
2025-09-08T06:00:17.522284Z  INFO get_files:scan_sources: tailwindcss_oxide::scanner: Discovering "C:\\Users\\sc998\\namos-chat-v1\\src\\app\\api\\characters"
2025-09-08T06:00:17.522994Z  INFO get_files:scan_sources: tailwindcss_oxide::scanner: Discovering "C:\\Users\\sc998\\namos-chat-v1\\src\\app\\api\\characters\\[id]"
2025-09-08T06:00:17.523617Z  INFO get_files:scan_sources: tailwindcss_oxide::scanner: Discovering "C:\\Users\\sc998\\namos-chat-v1\\src\\app\\api\\characters\\[id]\\comments"
2025-09-08T06:00:17.524383Z  INFO get_files:scan_sources: tailwindcss_oxide::scanner: Discovering "C:\\Users\\sc998\\namos-chat-v1\\src\\app\\api\\characters\\[id]\\comments\\[commentId]"
2025-09-08T06:00:17.525293Z  INFO get_files:scan_sources: tailwindcss_oxide::scanner: Discovering "C:\\Users\\sc998\\namos-chat-v1\\src\\app\\api\\characters\\[id]\\import"
2025-09-08T06:00:17.526172Z  INFO get_files:scan_sources: tailwindcss_oxide::scanner: Discovering "C:\\Users\\sc998\\namos-chat-v1\\src\\app\\api\\characters\\[id]\\like"
2025-09-08T06:00:17.527016Z  INFO get_files:scan_sources: tailwindcss_oxide::scanner: Discovering "C:\\Users\\sc998\\namos-chat-v1\\src\\app\\api\\charlist"
2025-09-08T06:00:17.527710Z  INFO get_files:scan_sources: tailwindcss_oxide::scanner: Discovering "C:\\Users\\sc998\\namos-chat-v1\\src\\app\\api\\chat"
2025-09-08T06:00:17.528284Z  INFO get_files:scan_sources: tailwindcss_oxide::scanner: Discovering "C:\\Users\\sc998\\namos-chat-v1\\src\\app\\api\\chat\\messages"
2025-09-08T06:00:17.529041Z  INFO get_files:scan_sources: tailwindcss_oxide::scanner: Discovering "C:\\Users\\sc998\\namos-chat-v1\\src\\app\\api\\chat\\[chatId]"
2025-09-08T06:00:17.529707Z  INFO get_files:scan_sources: tailwindcss_oxide::scanner: Discovering "C:\\Users\\sc998\\namos-chat-v1\\src\\app\\api\\chat\\[chatId]\\note"
2025-09-08T06:00:17.530725Z  INFO get_files:scan_sources: tailwindcss_oxide::scanner: Discovering "C:\\Users\\sc998\\namos-chat-v1\\src\\app\\api\\chatlist"
2025-09-08T06:00:17.531428Z  INFO get_files:scan_sources: tailwindcss_oxide::scanner: Discovering "C:\\Users\\sc998\\namos-chat-v1\\src\\app\\api\\chats"
2025-09-08T06:00:17.532005Z  INFO get_files:scan_sources: tailwindcss_oxide::scanner: Discovering "C:\\Users\\sc998\\namos-chat-v1\\src\\app\\api\\chats\\find-or-create"
2025-09-08T06:00:17.532818Z  INFO get_files:scan_sources: tailwindcss_oxide::scanner: Discovering "C:\\Users\\sc998\\namos-chat-v1\\src\\app\\api\\dbtest"
2025-09-08T06:00:17.533556Z  INFO get_files:scan_sources: tailwindcss_oxide::scanner: Discovering "C:\\Users\\sc998\\namos-chat-v1\\src\\app\\api\\guides"
2025-09-08T06:00:17.534388Z  INFO get_files:scan_sources: tailwindcss_oxide::scanner: Discovering "C:\\Users\\sc998\\namos-chat-v1\\src\\app\\api\\hello"
2025-09-08T06:00:17.535126Z  INFO get_files:scan_sources: tailwindcss_oxide::scanner: Discovering "C:\\Users\\sc998\\namos-chat-v1\\src\\app\\api\\main-page"
2025-09-08T06:00:17.535920Z  INFO get_files:scan_sources: tailwindcss_oxide::scanner: Discovering "C:\\Users\\sc998\\namos-chat-v1\\src\\app\\api\\notice"
2025-09-08T06:00:17.536721Z  INFO get_files:scan_sources: tailwindcss_oxide::scanner: Discovering "C:\\Users\\sc998\\namos-chat-v1\\src\\app\\api\\notice\\[noticeId]"
2025-09-08T06:00:17.537524Z  INFO get_files:scan_sources: tailwindcss_oxide::scanner: Discovering "C:\\Users\\sc998\\namos-chat-v1\\src\\app\\api\\persona"
2025-09-08T06:00:17.538200Z  INFO get_files:scan_sources: tailwindcss_oxide::scanner: Discovering "C:\\Users\\sc998\\namos-chat-v1\\src\\app\\api\\persona\\[personaId]"
2025-09-08T06:00:17.538973Z  INFO get_files:scan_sources: tailwindcss_oxide::scanner: Discovering "C:\\Users\\sc998\\namos-chat-v1\\src\\app\\api\\points"
2025-09-08T06:00:17.539924Z  INFO get_files:scan_sources: tailwindcss_oxide::scanner: Discovering "C:\\Users\\sc998\\namos-chat-v1\\src\\app\\api\\profile"
2025-09-08T06:00:17.540504Z  INFO get_files:scan_sources: tailwindcss_oxide::scanner: Discovering "C:\\Users\\sc998\\namos-chat-v1\\src\\app\\api\\profile\\[userId]"
2025-09-08T06:00:17.541380Z  INFO get_files:scan_sources: tailwindcss_oxide::scanner: Discovering "C:\\Users\\sc998\\namos-chat-v1\\src\\app\\api\\ranking"
2025-09-08T06:00:17.542099Z  INFO get_files:scan_sources: tailwindcss_oxide::scanner: Discovering "C:\\Users\\sc998\\namos-chat-v1\\src\\app\\api\\register"
2025-09-08T06:00:17.542803Z  INFO get_files:scan_sources: tailwindcss_oxide::scanner: Discovering "C:\\Users\\sc998\\namos-chat-v1\\src\\app\\api\\search"
2025-09-08T06:00:17.543497Z  INFO get_files:scan_sources: tailwindcss_oxide::scanner: Discovering "C:\\Users\\sc998\\namos-chat-v1\\src\\app\\api\\users"
2025-09-08T06:00:17.544145Z  INFO get_files:scan_sources: tailwindcss_oxide::scanner: Discovering "C:\\Users\\sc998\\namos-chat-v1\\src\\app\\api\\users\\change-password"
2025-09-08T06:00:17.544895Z  INFO get_files:scan_sources: tailwindcss_oxide::scanner: Discovering "C:\\Users\\sc998\\namos-chat-v1\\src\\app\\api\\users\\points"
2025-09-08T06:00:17.545681Z  INFO get_files:scan_sources: tailwindcss_oxide::scanner: Discovering "C:\\Users\\sc998\\namos-chat-v1\\src\\app\\api\\users\\profile"
2025-09-08T06:00:17.546430Z  INFO get_files:scan_sources: tailwindcss_oxide::scanner: Discovering "C:\\Users\\sc998\\namos-chat-v1\\src\\app\\api\\users\\safety-filter"
2025-09-08T06:00:17.547191Z  INFO get_files:scan_sources: tailwindcss_oxide::scanner: Discovering "C:\\Users\\sc998\\namos-chat-v1\\src\\app\\character-management"
2025-09-08T06:00:17.548042Z  INFO get_files:scan_sources: tailwindcss_oxide::scanner: Discovering "C:\\Users\\sc998\\namos-chat-v1\\src\\app\\characters"
2025-09-08T06:00:17.548624Z  INFO get_files:scan_sources: tailwindcss_oxide::scanner: Discovering "C:\\Users\\sc998\\namos-chat-v1\\src\\app\\characters\\create"
2025-09-08T06:00:17.549325Z  INFO get_files:scan_sources: tailwindcss_oxide::scanner: Discovering "C:\\Users\\sc998\\namos-chat-v1\\src\\app\\characters\\edit"
2025-09-08T06:00:17.549945Z  INFO get_files:scan_sources: tailwindcss_oxide::scanner: Discovering "C:\\Users\\sc998\\namos-chat-v1\\src\\app\\characters\\edit\\[id]"
2025-09-08T06:00:17.550701Z  INFO get_files:scan_sources: tailwindcss_oxide::scanner: Discovering "C:\\Users\\sc998\\namos-chat-v1\\src\\app\\characters\\[characterId]"
2025-09-08T06:00:17.551429Z  INFO get_files:scan_sources: tailwindcss_oxide::scanner: Discovering "C:\\Users\\sc998\\namos-chat-v1\\src\\app\\charlist"
2025-09-08T06:00:17.552128Z  INFO get_files:scan_sources: tailwindcss_oxide::scanner: Discovering "C:\\Users\\sc998\\namos-chat-v1\\src\\app\\chat"
2025-09-08T06:00:17.552739Z  INFO get_files:scan_sources: tailwindcss_oxide::scanner: Discovering "C:\\Users\\sc998\\namos-chat-v1\\src\\app\\chat\\[characterId]"
2025-09-08T06:00:17.553474Z  INFO get_files:scan_sources: tailwindcss_oxide::scanner: Discovering "C:\\Users\\sc998\\namos-chat-v1\\src\\app\\chatlist"
2025-09-08T06:00:17.554436Z  INFO get_files:scan_sources: tailwindcss_oxide::scanner: Discovering "C:\\Users\\sc998\\namos-chat-v1\\src\\app\\guide"
2025-09-08T06:00:17.555219Z  INFO get_files:scan_sources: tailwindcss_oxide::scanner: Discovering "C:\\Users\\sc998\\namos-chat-v1\\src\\app\\login"
2025-09-08T06:00:17.555912Z  INFO get_files:scan_sources: tailwindcss_oxide::scanner: Discovering "C:\\Users\\sc998\\namos-chat-v1\\src\\app\\MyPage"
2025-09-08T06:00:17.556605Z  INFO get_files:scan_sources: tailwindcss_oxide::scanner: Discovering "C:\\Users\\sc998\\namos-chat-v1\\src\\app\\notice"
2025-09-08T06:00:17.557177Z  INFO get_files:scan_sources: tailwindcss_oxide::scanner: Discovering "C:\\Users\\sc998\\namos-chat-v1\\src\\app\\notice\\admin"
2025-09-08T06:00:17.557954Z  INFO get_files:scan_sources: tailwindcss_oxide::scanner: Discovering "C:\\Users\\sc998\\namos-chat-v1\\src\\app\\notice\\admin\\[noticeId]"
2025-09-08T06:00:17.559041Z  INFO get_files:scan_sources: tailwindcss_oxide::scanner: Discovering "C:\\Users\\sc998\\namos-chat-v1\\src\\app\\notice\\[noticeId]"
2025-09-08T06:00:17.559869Z  INFO get_files:scan_sources: tailwindcss_oxide::scanner: Discovering "C:\\Users\\sc998\\namos-chat-v1\\src\\app\\persona"
2025-09-08T06:00:17.560462Z  INFO get_files:scan_sources: tailwindcss_oxide::scanner: Discovering "C:\\Users\\sc998\\namos-chat-v1\\src\\app\\persona\\form"
2025-09-08T06:00:17.561160Z  INFO get_files:scan_sources: tailwindcss_oxide::scanner: Discovering "C:\\Users\\sc998\\namos-chat-v1\\src\\app\\persona\\form\\[[...personaId]]"
2025-09-08T06:00:17.562190Z  INFO get_files:scan_sources: tailwindcss_oxide::scanner: Discovering "C:\\Users\\sc998\\namos-chat-v1\\src\\app\\persona\\list"
2025-09-08T06:00:17.563046Z  INFO get_files:scan_sources: tailwindcss_oxide::scanner: Discovering "C:\\Users\\sc998\\namos-chat-v1\\src\\app\\points"
2025-09-08T06:00:17.563838Z  INFO get_files:scan_sources: tailwindcss_oxide::scanner: Discovering "C:\\Users\\sc998\\namos-chat-v1\\src\\app\\profile"
2025-09-08T06:00:17.564426Z  INFO get_files:scan_sources: tailwindcss_oxide::scanner: Discovering "C:\\Users\\sc998\\namos-chat-v1\\src\\app\\profile\\[userId]"
2025-09-08T06:00:17.565145Z  INFO get_files:scan_sources: tailwindcss_oxide::scanner: Discovering "C:\\Users\\sc998\\namos-chat-v1\\src\\app\\profile-edit"
2025-09-08T06:00:17.565846Z  INFO get_files:scan_sources: tailwindcss_oxide::scanner: Discovering "C:\\Users\\sc998\\namos-chat-v1\\src\\app\\ranking"
2025-09-08T06:00:17.566546Z  INFO get_files:scan_sources: tailwindcss_oxide::scanner: Discovering "C:\\Users\\sc998\\namos-chat-v1\\src\\app\\register"
2025-09-08T06:00:17.567324Z  INFO get_files:scan_sources: tailwindcss_oxide::scanner: Discovering "C:\\Users\\sc998\\namos-chat-v1\\src\\app\\search"
2025-09-08T06:00:17.568109Z  INFO get_files:scan_sources: tailwindcss_oxide::scanner: Discovering "C:\\Users\\sc998\\namos-chat-v1\\src\\app\\user"
2025-09-08T06:00:17.568678Z  INFO get_files:scan_sources: tailwindcss_oxide::scanner: Discovering "C:\\Users\\sc998\\namos-chat-v1\\src\\app\\user\\profile"
2025-09-08T06:00:17.569322Z  INFO get_files:scan_sources: tailwindcss_oxide::scanner: Discovering "C:\\Users\\sc998\\namos-chat-v1\\src\\components"
2025-09-08T06:00:17.571124Z  INFO get_files:scan_sources: tailwindcss_oxide::scanner: Discovering "C:\\Users\\sc998\\namos-chat-v1\\src\\components\\ui"
2025-09-08T06:00:17.572406Z  INFO get_files:scan_sources: tailwindcss_oxide::scanner: Discovering "C:\\Users\\sc998\\namos-chat-v1\\src\\generated"
2025-09-08T06:00:17.573789Z  INFO get_files:scan_sources: tailwindcss_oxide::scanner: Discovering "C:\\Users\\sc998\\namos-chat-v1\\src\\lib"
2025-09-08T06:00:17.574805Z  INFO get_files:scan_sources: tailwindcss_oxide::scanner: Discovering "C:\\Users\\sc998\\namos-chat-v1\\src\\lib\\db"
2025-09-08T06:00:17.577270Z  INFO get_files:scan_sources: tailwindcss_oxide::scanner: exit
2025-09-08T06:00:17.577499Z  INFO get_files: tailwindcss_oxide::scanner: exit
2025-09-08T06:00:17.577854Z  INFO get_globs: tailwindcss_oxide::scanner: enter
2025-09-08T06:00:17.577862Z  INFO get_globs:scan_sources: tailwindcss_oxide::scanner: enter
2025-09-08T06:00:17.583371Z  INFO get_globs:scan_sources: tailwindcss_oxide::scanner: Discovering "C:\\Users\\sc998\\namos-chat-v1\\prisma"
2025-09-08T06:00:17.584107Z  INFO get_globs:scan_sources: tailwindcss_oxide::scanner: Discovering "C:\\Users\\sc998\\namos-chat-v1\\public"
2025-09-08T06:00:17.585262Z  INFO get_globs:scan_sources: tailwindcss_oxide::scanner: Discovering "C:\\Users\\sc998\\namos-chat-v1\\public\\uploads"
2025-09-08T06:00:17.586568Z  INFO get_globs:scan_sources: tailwindcss_oxide::scanner: Discovering "C:\\Users\\sc998\\namos-chat-v1\\public\\uploads\\avatars"
2025-09-08T06:00:17.587678Z  INFO get_globs:scan_sources: tailwindcss_oxide::scanner: Discovering "C:\\Users\\sc998\\namos-chat-v1\\scripts"
2025-09-08T06:00:17.588855Z  INFO get_globs:scan_sources: tailwindcss_oxide::scanner: Discovering "C:\\Users\\sc998\\namos-chat-v1\\src"
2025-09-08T06:00:17.589540Z  INFO get_globs:scan_sources: tailwindcss_oxide::scanner: Discovering "C:\\Users\\sc998\\namos-chat-v1\\src\\app"
2025-09-08T06:00:17.590312Z  INFO get_globs:scan_sources: tailwindcss_oxide::scanner: Discovering "C:\\Users\\sc998\\namos-chat-v1\\src\\app\\admin"
2025-09-08T06:00:17.591199Z  INFO get_globs:scan_sources: tailwindcss_oxide::scanner: Discovering "C:\\Users\\sc998\\namos-chat-v1\\src\\app\\admin\\characters"
2025-09-08T06:00:17.592012Z  INFO get_globs:scan_sources: tailwindcss_oxide::scanner: Discovering "C:\\Users\\sc998\\namos-chat-v1\\src\\app\\admin\\guides"
2025-09-08T06:00:17.593206Z  INFO get_globs:scan_sources: tailwindcss_oxide::scanner: Discovering "C:\\Users\\sc998\\namos-chat-v1\\src\\app\\admin\\users"
2025-09-08T06:00:17.594126Z  INFO get_globs:scan_sources: tailwindcss_oxide::scanner: Discovering "C:\\Users\\sc998\\namos-chat-v1\\src\\app\\api"
2025-09-08T06:00:17.595018Z  INFO get_globs:scan_sources: tailwindcss_oxide::scanner: Discovering "C:\\Users\\sc998\\namos-chat-v1\\src\\app\\api\\admin"
2025-09-08T06:00:17.595884Z  INFO get_globs:scan_sources: tailwindcss_oxide::scanner: Discovering "C:\\Users\\sc998\\namos-chat-v1\\src\\app\\api\\admin\\characters"
2025-09-08T06:00:17.597138Z  INFO get_globs:scan_sources: tailwindcss_oxide::scanner: Discovering "C:\\Users\\sc998\\namos-chat-v1\\src\\app\\api\\admin\\guides"
2025-09-08T06:00:17.598402Z  INFO get_globs:scan_sources: tailwindcss_oxide::scanner: Discovering "C:\\Users\\sc998\\namos-chat-v1\\src\\app\\api\\admin\\users"
2025-09-08T06:00:17.599500Z  INFO get_globs:scan_sources: tailwindcss_oxide::scanner: Discovering "C:\\Users\\sc998\\namos-chat-v1\\src\\app\\api\\auth"
2025-09-08T06:00:17.600296Z  INFO get_globs:scan_sources: tailwindcss_oxide::scanner: Discovering "C:\\Users\\sc998\\namos-chat-v1\\src\\app\\api\\auth\\[...nextauth]"
2025-09-08T06:00:17.601271Z  INFO get_globs:scan_sources: tailwindcss_oxide::scanner: Discovering "C:\\Users\\sc998\\namos-chat-v1\\src\\app\\api\\characters"
2025-09-08T06:00:17.602051Z  INFO get_globs:scan_sources: tailwindcss_oxide::scanner: Discovering "C:\\Users\\sc998\\namos-chat-v1\\src\\app\\api\\characters\\[id]"
2025-09-08T06:00:17.602958Z  INFO get_globs:scan_sources: tailwindcss_oxide::scanner: Discovering "C:\\Users\\sc998\\namos-chat-v1\\src\\app\\api\\characters\\[id]\\comments"
2025-09-08T06:00:17.603798Z  INFO get_globs:scan_sources: tailwindcss_oxide::scanner: Discovering "C:\\Users\\sc998\\namos-chat-v1\\src\\app\\api\\characters\\[id]\\comments\\[commentId]"
2025-09-08T06:00:17.604650Z  INFO get_globs:scan_sources: tailwindcss_oxide::scanner: Discovering "C:\\Users\\sc998\\namos-chat-v1\\src\\app\\api\\characters\\[id]\\import"
2025-09-08T06:00:17.605405Z  INFO get_globs:scan_sources: tailwindcss_oxide::scanner: Discovering "C:\\Users\\sc998\\namos-chat-v1\\src\\app\\api\\characters\\[id]\\like"
2025-09-08T06:00:17.606330Z  INFO get_globs:scan_sources: tailwindcss_oxide::scanner: Discovering "C:\\Users\\sc998\\namos-chat-v1\\src\\app\\api\\charlist"
2025-09-08T06:00:17.607019Z  INFO get_globs:scan_sources: tailwindcss_oxide::scanner: Discovering "C:\\Users\\sc998\\namos-chat-v1\\src\\app\\api\\chat"
2025-09-08T06:00:17.607901Z  INFO get_globs:scan_sources: tailwindcss_oxide::scanner: Discovering "C:\\Users\\sc998\\namos-chat-v1\\src\\app\\api\\chat\\messages"
2025-09-08T06:00:17.609120Z  INFO get_globs:scan_sources: tailwindcss_oxide::scanner: Discovering "C:\\Users\\sc998\\namos-chat-v1\\src\\app\\api\\chat\\[chatId]"
2025-09-08T06:00:17.610342Z  INFO get_globs:scan_sources: tailwindcss_oxide::scanner: Discovering "C:\\Users\\sc998\\namos-chat-v1\\src\\app\\api\\chat\\[chatId]\\note"
2025-09-08T06:00:17.611609Z  INFO get_globs:scan_sources: tailwindcss_oxide::scanner: Discovering "C:\\Users\\sc998\\namos-chat-v1\\src\\app\\api\\chatlist"
2025-09-08T06:00:17.612592Z  INFO get_globs:scan_sources: tailwindcss_oxide::scanner: Discovering "C:\\Users\\sc998\\namos-chat-v1\\src\\app\\api\\chats"
2025-09-08T06:00:17.613520Z  INFO get_globs:scan_sources: tailwindcss_oxide::scanner: Discovering "C:\\Users\\sc998\\namos-chat-v1\\src\\app\\api\\chats\\find-or-create"
2025-09-08T06:00:17.614601Z  INFO get_globs:scan_sources: tailwindcss_oxide::scanner: Discovering "C:\\Users\\sc998\\namos-chat-v1\\src\\app\\api\\dbtest"
2025-09-08T06:00:17.615622Z  INFO get_globs:scan_sources: tailwindcss_oxide::scanner: Discovering "C:\\Users\\sc998\\namos-chat-v1\\src\\app\\api\\guides"
2025-09-08T06:00:17.616653Z  INFO get_globs:scan_sources: tailwindcss_oxide::scanner: Discovering "C:\\Users\\sc998\\namos-chat-v1\\src\\app\\api\\hello"
2025-09-08T06:00:17.617399Z  INFO get_globs:scan_sources: tailwindcss_oxide::scanner: Discovering "C:\\Users\\sc998\\namos-chat-v1\\src\\app\\api\\main-page"
2025-09-08T06:00:17.618313Z  INFO get_globs:scan_sources: tailwindcss_oxide::scanner: Discovering "C:\\Users\\sc998\\namos-chat-v1\\src\\app\\api\\notice"
2025-09-08T06:00:17.618983Z  INFO get_globs:scan_sources: tailwindcss_oxide::scanner: Discovering "C:\\Users\\sc998\\namos-chat-v1\\src\\app\\api\\notice\\[noticeId]"
2025-09-08T06:00:17.619757Z  INFO get_globs:scan_sources: tailwindcss_oxide::scanner: Discovering "C:\\Users\\sc998\\namos-chat-v1\\src\\app\\api\\persona"
2025-09-08T06:00:17.620564Z  INFO get_globs:scan_sources: tailwindcss_oxide::scanner: Discovering "C:\\Users\\sc998\\namos-chat-v1\\src\\app\\api\\persona\\[personaId]"
2025-09-08T06:00:17.621411Z  INFO get_globs:scan_sources: tailwindcss_oxide::scanner: Discovering "C:\\Users\\sc998\\namos-chat-v1\\src\\app\\api\\points"
2025-09-08T06:00:17.622132Z  INFO get_globs:scan_sources: tailwindcss_oxide::scanner: Discovering "C:\\Users\\sc998\\namos-chat-v1\\src\\app\\api\\profile"
2025-09-08T06:00:17.622731Z  INFO get_globs:scan_sources: tailwindcss_oxide::scanner: Discovering "C:\\Users\\sc998\\namos-chat-v1\\src\\app\\api\\profile\\[userId]"
2025-09-08T06:00:17.623568Z  INFO get_globs:scan_sources: tailwindcss_oxide::scanner: Discovering "C:\\Users\\sc998\\namos-chat-v1\\src\\app\\api\\ranking"
2025-09-08T06:00:17.624600Z  INFO get_globs:scan_sources: tailwindcss_oxide::scanner: Discovering "C:\\Users\\sc998\\namos-chat-v1\\src\\app\\api\\register"
2025-09-08T06:00:17.625684Z  INFO get_globs:scan_sources: tailwindcss_oxide::scanner: Discovering "C:\\Users\\sc998\\namos-chat-v1\\src\\app\\api\\search"
2025-09-08T06:00:17.626886Z  INFO get_globs:scan_sources: tailwindcss_oxide::scanner: Discovering "C:\\Users\\sc998\\namos-chat-v1\\src\\app\\api\\users"
2025-09-08T06:00:17.627751Z  INFO get_globs:scan_sources: tailwindcss_oxide::scanner: Discovering "C:\\Users\\sc998\\namos-chat-v1\\src\\app\\api\\users\\change-password"
2025-09-08T06:00:17.628745Z  INFO get_globs:scan_sources: tailwindcss_oxide::scanner: Discovering "C:\\Users\\sc998\\namos-chat-v1\\src\\app\\api\\users\\points"
2025-09-08T06:00:17.629613Z  INFO get_globs:scan_sources: tailwindcss_oxide::scanner: Discovering "C:\\Users\\sc998\\namos-chat-v1\\src\\app\\api\\users\\profile"
2025-09-08T06:00:17.630628Z  INFO get_globs:scan_sources: tailwindcss_oxide::scanner: Discovering "C:\\Users\\sc998\\namos-chat-v1\\src\\app\\api\\users\\safety-filter"
2025-09-08T06:00:17.631604Z  INFO get_globs:scan_sources: tailwindcss_oxide::scanner: Discovering "C:\\Users\\sc998\\namos-chat-v1\\src\\app\\character-management"
2025-09-08T06:00:17.632317Z  INFO get_globs:scan_sources: tailwindcss_oxide::scanner: Discovering "C:\\Users\\sc998\\namos-chat-v1\\src\\app\\characters"
2025-09-08T06:00:17.632900Z  INFO get_globs:scan_sources: tailwindcss_oxide::scanner: Discovering "C:\\Users\\sc998\\namos-chat-v1\\src\\app\\characters\\create"
2025-09-08T06:00:17.633598Z  INFO get_globs:scan_sources: tailwindcss_oxide::scanner: Discovering "C:\\Users\\sc998\\namos-chat-v1\\src\\app\\characters\\edit"
2025-09-08T06:00:17.634192Z  INFO get_globs:scan_sources: tailwindcss_oxide::scanner: Discovering "C:\\Users\\sc998\\namos-chat-v1\\src\\app\\characters\\edit\\[id]"
2025-09-08T06:00:17.634919Z  INFO get_globs:scan_sources: tailwindcss_oxide::scanner: Discovering "C:\\Users\\sc998\\namos-chat-v1\\src\\app\\characters\\[characterId]"
2025-09-08T06:00:17.635696Z  INFO get_globs:scan_sources: tailwindcss_oxide::scanner: Discovering "C:\\Users\\sc998\\namos-chat-v1\\src\\app\\charlist"
2025-09-08T06:00:17.636410Z  INFO get_globs:scan_sources: tailwindcss_oxide::scanner: Discovering "C:\\Users\\sc998\\namos-chat-v1\\src\\app\\chat"
2025-09-08T06:00:17.636995Z  INFO get_globs:scan_sources: tailwindcss_oxide::scanner: Discovering "C:\\Users\\sc998\\namos-chat-v1\\src\\app\\chat\\[characterId]"
2025-09-08T06:00:17.637747Z  INFO get_globs:scan_sources: tailwindcss_oxide::scanner: Discovering "C:\\Users\\sc998\\namos-chat-v1\\src\\app\\chatlist"
2025-09-08T06:00:17.638647Z  INFO get_globs:scan_sources: tailwindcss_oxide::scanner: Discovering "C:\\Users\\sc998\\namos-chat-v1\\src\\app\\guide"
2025-09-08T06:00:17.639507Z  INFO get_globs:scan_sources: tailwindcss_oxide::scanner: Discovering "C:\\Users\\sc998\\namos-chat-v1\\src\\app\\login"
2025-09-08T06:00:17.640214Z  INFO get_globs:scan_sources: tailwindcss_oxide::scanner: Discovering "C:\\Users\\sc998\\namos-chat-v1\\src\\app\\MyPage"
2025-09-08T06:00:17.641055Z  INFO get_globs:scan_sources: tailwindcss_oxide::scanner: Discovering "C:\\Users\\sc998\\namos-chat-v1\\src\\app\\notice"
2025-09-08T06:00:17.641711Z  INFO get_globs:scan_sources: tailwindcss_oxide::scanner: Discovering "C:\\Users\\sc998\\namos-chat-v1\\src\\app\\notice\\admin"
2025-09-08T06:00:17.642436Z  INFO get_globs:scan_sources: tailwindcss_oxide::scanner: Discovering "C:\\Users\\sc998\\namos-chat-v1\\src\\app\\notice\\admin\\[noticeId]"
2025-09-08T06:00:17.643260Z  INFO get_globs:scan_sources: tailwindcss_oxide::scanner: Discovering "C:\\Users\\sc998\\namos-chat-v1\\src\\app\\notice\\[noticeId]"
2025-09-08T06:00:17.644117Z  INFO get_globs:scan_sources: tailwindcss_oxide::scanner: Discovering "C:\\Users\\sc998\\namos-chat-v1\\src\\app\\persona"
2025-09-08T06:00:17.644738Z  INFO get_globs:scan_sources: tailwindcss_oxide::scanner: Discovering "C:\\Users\\sc998\\namos-chat-v1\\src\\app\\persona\\form"
2025-09-08T06:00:17.645345Z  INFO get_globs:scan_sources: tailwindcss_oxide::scanner: Discovering "C:\\Users\\sc998\\namos-chat-v1\\src\\app\\persona\\form\\[[...personaId]]"
2025-09-08T06:00:17.646117Z  INFO get_globs:scan_sources: tailwindcss_oxide::scanner: Discovering "C:\\Users\\sc998\\namos-chat-v1\\src\\app\\persona\\list"
2025-09-08T06:00:17.646848Z  INFO get_globs:scan_sources: tailwindcss_oxide::scanner: Discovering "C:\\Users\\sc998\\namos-chat-v1\\src\\app\\points"
2025-09-08T06:00:17.647588Z  INFO get_globs:scan_sources: tailwindcss_oxide::scanner: Discovering "C:\\Users\\sc998\\namos-chat-v1\\src\\app\\profile"
2025-09-08T06:00:17.648169Z  INFO get_globs:scan_sources: tailwindcss_oxide::scanner: Discovering "C:\\Users\\sc998\\namos-chat-v1\\src\\app\\profile\\[userId]"
2025-09-08T06:00:17.648897Z  INFO get_globs:scan_sources: tailwindcss_oxide::scanner: Discovering "C:\\Users\\sc998\\namos-chat-v1\\src\\app\\profile-edit"
2025-09-08T06:00:17.649644Z  INFO get_globs:scan_sources: tailwindcss_oxide::scanner: Discovering "C:\\Users\\sc998\\namos-chat-v1\\src\\app\\ranking"
2025-09-08T06:00:17.650499Z  INFO get_globs:scan_sources: tailwindcss_oxide::scanner: Discovering "C:\\Users\\sc998\\namos-chat-v1\\src\\app\\register"
2025-09-08T06:00:17.651193Z  INFO get_globs:scan_sources: tailwindcss_oxide::scanner: Discovering "C:\\Users\\sc998\\namos-chat-v1\\src\\app\\search"
2025-09-08T06:00:17.651933Z  INFO get_globs:scan_sources: tailwindcss_oxide::scanner: Discovering "C:\\Users\\sc998\\namos-chat-v1\\src\\app\\user"
2025-09-08T06:00:17.652520Z  INFO get_globs:scan_sources: tailwindcss_oxide::scanner: Discovering "C:\\Users\\sc998\\namos-chat-v1\\src\\app\\user\\profile"
2025-09-08T06:00:17.653408Z  INFO get_globs:scan_sources: tailwindcss_oxide::scanner: Discovering "C:\\Users\\sc998\\namos-chat-v1\\src\\components"
2025-09-08T06:00:17.655440Z  INFO get_globs:scan_sources: tailwindcss_oxide::scanner: Discovering "C:\\Users\\sc998\\namos-chat-v1\\src\\components\\ui"
2025-09-08T06:00:17.656758Z  INFO get_globs:scan_sources: tailwindcss_oxide::scanner: Discovering "C:\\Users\\sc998\\namos-chat-v1\\src\\generated"
2025-09-08T06:00:17.658324Z  INFO get_globs:scan_sources: tailwindcss_oxide::scanner: Discovering "C:\\Users\\sc998\\namos-chat-v1\\src\\lib"
2025-09-08T06:00:17.659287Z  INFO get_globs:scan_sources: tailwindcss_oxide::scanner: Discovering "C:\\Users\\sc998\\namos-chat-v1\\src\\lib\\db"
2025-09-08T06:00:17.661658Z  INFO get_globs:scan_sources: tailwindcss_oxide::scanner: exit
2025-09-08T06:00:17.704077Z  INFO get_globs: tailwindcss_oxide::scanner: exit
